# JRE version: OpenJDK Runtime Environment (15.0.2+7) (build 15.0.2+7-27)
# Java VM: OpenJDK 64-Bit Server VM (15.0.2+7-27, mixed mode, tiered, compressed oops, g1 gc, windows-amd64)
GC Precious Log:
 CPUs: 8 total, 8 available
 Memory: 16190M
 Large Page Support: Disabled
 NUMA Support: Disabled
 Compressed Oops: Enabled (Zero based)
 Heap Region Size: 2M
 Heap Min Capacity: 8M
 Heap Initial Capacity: 254M
 Heap Max Capacity: 4048M
 Pre-touch: Disabled
 Parallel Workers: 8
 Concurrent Workers: 2
 Concurrent Refinement Workers: 8
 Periodic GC: Disabled
Heap:
 garbage-first heap   total 69632K, used 44180K [0x0000000703000000, 0x0000000800000000)
  region size 2048K, 6 young (12288K), 1 survivors (2048K)
 Metaspace       used 36496K, capacity 36800K, committed 36992K, reserved 1083392K
  class space    used 3859K, capacity 3955K, committed 3968K, reserved 1048576K
GC Heap History (20 events):
Event: 118.088 GC heap before
{Heap before GC invocations=29 (full 0):
 garbage-first heap   total 69632K, used 56430K [0x0000000703000000, 0x0000000800000000)
  region size 2048K, 11 young (22528K), 1 survivors (2048K)
 Metaspace       used 36485K, capacity 36736K, committed 36992K, reserved 1083392K
  class space    used 3859K, capacity 3955K, committed 3968K, reserved 1048576K
}
Event: 118.090 GC heap after
{Heap after GC invocations=30 (full 0):
 garbage-first heap   total 69632K, used 35967K [0x0000000703000000, 0x0000000800000000)
  region size 2048K, 1 young (2048K), 1 survivors (2048K)
 Metaspace       used 36485K, capacity 36736K, committed 36992K, reserved 1083392K
  class space    used 3859K, capacity 3955K, committed 3968K, reserved 1048576K
}
Event: 119.553 GC heap before
{Heap before GC invocations=31 (full 0):
 garbage-first heap   total 69632K, used 56447K [0x0000000703000000, 0x0000000800000000)
  region size 2048K, 11 young (22528K), 1 survivors (2048K)
 Metaspace       used 36489K, capacity 36800K, committed 36992K, reserved 1083392K
  class space    used 3859K, capacity 3955K, committed 3968K, reserved 1048576K
}
Event: 119.556 GC heap after
{Heap after GC invocations=32 (full 0):
 garbage-first heap   total 69632K, used 35943K [0x0000000703000000, 0x0000000800000000)
  region size 2048K, 1 young (2048K), 1 survivors (2048K)
 Metaspace       used 36489K, capacity 36800K, committed 36992K, reserved 1083392K
  class space    used 3859K, capacity 3955K, committed 3968K, reserved 1048576K
}
Event: 121.020 GC heap before
{Heap before GC invocations=32 (full 0):
 garbage-first heap   total 69632K, used 56423K [0x0000000703000000, 0x0000000800000000)
  region size 2048K, 11 young (22528K), 1 survivors (2048K)
 Metaspace       used 36489K, capacity 36800K, committed 36992K, reserved 1083392K
  class space    used 3859K, capacity 3955K, committed 3968K, reserved 1048576K
}
Event: 121.021 GC heap after
{Heap after GC invocations=33 (full 0):
 garbage-first heap   total 69632K, used 36004K [0x0000000703000000, 0x0000000800000000)
  region size 2048K, 1 young (2048K), 1 survivors (2048K)
 Metaspace       used 36489K, capacity 36800K, committed 36992K, reserved 1083392K
  class space    used 3859K, capacity 3955K, committed 3968K, reserved 1048576K
}
Event: 122.518 GC heap before
{Heap before GC invocations=34 (full 0):
 garbage-first heap   total 69632K, used 54436K [0x0000000703000000, 0x0000000800000000)
  region size 2048K, 11 young (22528K), 1 survivors (2048K)
 Metaspace       used 36491K, capacity 36800K, committed 36992K, reserved 1083392K
  class space    used 3859K, capacity 3955K, committed 3968K, reserved 1048576K
}
Event: 122.520 GC heap after
{Heap after GC invocations=35 (full 0):
 garbage-first heap   total 69632K, used 35960K [0x0000000703000000, 0x0000000800000000)
  region size 2048K, 1 young (2048K), 1 survivors (2048K)
 Metaspace       used 36491K, capacity 36800K, committed 36992K, reserved 1083392K
  class space    used 3859K, capacity 3955K, committed 3968K, reserved 1048576K
}
Event: 124.059 GC heap before
{Heap before GC invocations=35 (full 0):
 garbage-first heap   total 69632K, used 54392K [0x0000000703000000, 0x0000000800000000)
  region size 2048K, 11 young (22528K), 1 survivors (2048K)
 Metaspace       used 36494K, capacity 36800K, committed 36992K, reserved 1083392K
  class space    used 3859K, capacity 3955K, committed 3968K, reserved 1048576K
}
Event: 124.060 GC heap after
{Heap after GC invocations=36 (full 0):
 garbage-first heap   total 69632K, used 35953K [0x0000000703000000, 0x0000000800000000)
  region size 2048K, 1 young (2048K), 1 survivors (2048K)
 Metaspace       used 36494K, capacity 36800K, committed 36992K, reserved 1083392K
  class space    used 3859K, capacity 3955K, committed 3968K, reserved 1048576K
}
Event: 125.550 GC heap before
{Heap before GC invocations=37 (full 0):
 garbage-first heap   total 69632K, used 56433K [0x0000000703000000, 0x0000000800000000)
  region size 2048K, 11 young (22528K), 1 survivors (2048K)
 Metaspace       used 36494K, capacity 36800K, committed 36992K, reserved 1083392K
  class space    used 3859K, capacity 3955K, committed 3968K, reserved 1048576K
}
Event: 125.552 GC heap after
{Heap after GC invocations=38 (full 0):
 garbage-first heap   total 69632K, used 35978K [0x0000000703000000, 0x0000000800000000)
  region size 2048K, 1 young (2048K), 1 survivors (2048K)
 Metaspace       used 36494K, capacity 36800K, committed 36992K, reserved 1083392K
  class space    used 3859K, capacity 3955K, committed 3968K, reserved 1048576K
}
Event: 127.043 GC heap before
{Heap before GC invocations=38 (full 0):
 garbage-first heap   total 69632K, used 56458K [0x0000000703000000, 0x0000000800000000)
  region size 2048K, 11 young (22528K), 1 survivors (2048K)
 Metaspace       used 36494K, capacity 36800K, committed 36992K, reserved 1083392K
  class space    used 3859K, capacity 3955K, committed 3968K, reserved 1048576K
}
Event: 127.045 GC heap after
{Heap after GC invocations=39 (full 0):
 garbage-first heap   total 69632K, used 36000K [0x0000000703000000, 0x0000000800000000)
  region size 2048K, 1 young (2048K), 1 survivors (2048K)
 Metaspace       used 36494K, capacity 36800K, committed 36992K, reserved 1083392K
  class space    used 3859K, capacity 3955K, committed 3968K, reserved 1048576K
}
Event: 128.642 GC heap before
{Heap before GC invocations=40 (full 0):
 garbage-first heap   total 69632K, used 54432K [0x0000000703000000, 0x0000000800000000)
  region size 2048K, 11 young (22528K), 1 survivors (2048K)
 Metaspace       used 36494K, capacity 36800K, committed 36992K, reserved 1083392K
  class space    used 3859K, capacity 3955K, committed 3968K, reserved 1048576K
}
Event: 128.644 GC heap after
{Heap after GC invocations=41 (full 0):
 garbage-first heap   total 69632K, used 36004K [0x0000000703000000, 0x0000000800000000)
  region size 2048K, 1 young (2048K), 1 survivors (2048K)
 Metaspace       used 36494K, capacity 36800K, committed 36992K, reserved 1083392K
  class space    used 3859K, capacity 3955K, committed 3968K, reserved 1048576K
}
Event: 130.186 GC heap before
{Heap before GC invocations=41 (full 0):
 garbage-first heap   total 69632K, used 54436K [0x0000000703000000, 0x0000000800000000)
  region size 2048K, 11 young (22528K), 1 survivors (2048K)
 Metaspace       used 36494K, capacity 36800K, committed 36992K, reserved 1083392K
  class space    used 3859K, capacity 3955K, committed 3968K, reserved 1048576K
}
Event: 130.187 GC heap after
{Heap after GC invocations=42 (full 0):
 garbage-first heap   total 69632K, used 35979K [0x0000000703000000, 0x0000000800000000)
  region size 2048K, 1 young (2048K), 1 survivors (2048K)
 Metaspace       used 36494K, capacity 36800K, committed 36992K, reserved 1083392K
  class space    used 3859K, capacity 3955K, committed 3968K, reserved 1048576K
}
Event: 131.778 GC heap before
{Heap before GC invocations=43 (full 0):
 garbage-first heap   total 69632K, used 56459K [0x0000000703000000, 0x0000000800000000)
  region size 2048K, 11 young (22528K), 1 survivors (2048K)
 Metaspace       used 36495K, capacity 36800K, committed 36992K, reserved 1083392K
  class space    used 3859K, capacity 3955K, committed 3968K, reserved 1048576K
}
Event: 131.779 GC heap after
{Heap after GC invocations=44 (full 0):
 garbage-first heap   total 69632K, used 35988K [0x0000000703000000, 0x0000000800000000)
  region size 2048K, 1 young (2048K), 1 survivors (2048K)
 Metaspace       used 36495K, capacity 36800K, committed 36992K, reserved 1083392K
  class space    used 3859K, capacity 3955K, committed 3968K, reserved 1048576K
}

