<?xml version="1.0" encoding="UTF-8"?>
<!-- Generated by org.testng.reporters.JUnitXMLReporter -->
<testsuite ignored="0" hostname="DESKTOP-K0SFL7M" failures="0" tests="3" name="Default test" time="54.84" errors="0" timestamp="2021-02-16T12:10:50 PKT">
  <testcase classname="Test.Ancera.Login.TestLogin" name="login" time="27.093"/>
  <testcase classname="Test.Ancera.Login.TestLogin" name="logout" time="2.799"/>
  <testcase classname="Test.Ancera.Login.TestLogin" name="VerifyLogout" time="2.692"/>
</testsuite> <!-- Default test -->
