<?xml version="1.0" encoding="UTF-8"?>
<!-- Generated by org.testng.reporters.JUnitXMLReporter -->
<testsuite ignored="0" hostname="APL-LHR-JA0201" failures="0" tests="3" name="Default test" time="47.332" errors="0" timestamp="2022-09-16T17:23:22 PKT">
  <testcase classname="Test.Ancera.Login.TestLogin" name="login" time="22.935"/>
  <testcase classname="Test.Ancera.Login.TestLogin" name="logout" time="3.913"/>
  <testcase classname="Test.Ancera.Login.TestLogin" name="verifyLogout" time="2.483"/>
</testsuite> <!-- Default test -->
