<?xml version="1.0" encoding="UTF-8"?>
<!-- Generated by org.testng.reporters.JUnitXMLReporter -->
<testsuite hostname="LAPTOP-O6K4VQH7" ignored="11" name="Default test" tests="2" failures="0" timestamp="2021-01-27T12:22:58 PKT" time="180.301" errors="0">
  <testcase name="NavigateSalmonella" time="40.393" classname="Test.Ancera.Reports.SalmonellaLog"/>
  <testcase name="TestFilters" time="86.663" classname="Test.Ancera.Reports.SalmonellaLog"/>
  <testcase name="DateLockFilter" time="0.0" classname="Test.Ancera.Reports.SalmonellaLog">
    <ignored/>
  </testcase> <!-- DateLockFilter -->
  <testcase name="RunAPI" time="0.0" classname="Test.Ancera.Reports.SalmonellaLog">
    <ignored/>
  </testcase> <!-- RunAPI -->
  <testcase name="DateFilter" time="0.0" classname="Test.Ancera.Reports.SalmonellaLog">
    <ignored/>
  </testcase> <!-- DateFilter -->
  <testcase name="RowsPerPage" time="0.0" classname="Test.Ancera.Reports.SalmonellaLog">
    <ignored/>
  </testcase> <!-- RowsPerPage -->
  <testcase name="PNGExport" time="0.0" classname="Test.Ancera.Reports.SalmonellaLog">
    <ignored/>
  </testcase> <!-- PNGExport -->
  <testcase name="SalmonellaLock" time="0.0" classname="Test.Ancera.Reports.SalmonellaLog">
    <ignored/>
  </testcase> <!-- SalmonellaLock -->
  <testcase name="CSVExport" time="0.0" classname="Test.Ancera.Reports.SalmonellaLog">
    <ignored/>
  </testcase> <!-- CSVExport -->
  <testcase name="SearchFilter" time="0.0" classname="Test.Ancera.Reports.SalmonellaLog">
    <ignored/>
  </testcase> <!-- SearchFilter -->
  <testcase name="EnterDate" time="0.0" classname="Test.Ancera.Reports.SalmonellaLog">
    <ignored/>
  </testcase> <!-- EnterDate -->
  <testcase name="TemplateExport" time="0.0" classname="Test.Ancera.Reports.SalmonellaLog">
    <ignored/>
  </testcase> <!-- TemplateExport -->
  <testcase name="Pagination" time="0.0" classname="Test.Ancera.Reports.SalmonellaLog">
    <ignored/>
  </testcase> <!-- Pagination -->
</testsuite> <!-- Default test -->
