<?xml version="1.0" encoding="UTF-8"?>
<!-- Generated by org.testng.reporters.JUnitXMLReporter -->
<testsuite ignored="27" hostname="DESKTOP-K0SFL7M" failures="0" tests="1" name="Default test" time="34.436" errors="0" timestamp="2022-05-27T14:50:31 PKT">
  <testcase classname="Test.Ancera.Administration.OrganizationManagement" name="Navigate" time="19.343"/>
  <testcase classname="Test.Ancera.Administration.OrganizationManagement" name="InActiveOrganization" time="0.0">
    <ignored/>
  </testcase> <!-- InActiveOrganization -->
  <testcase classname="Test.Ancera.Administration.OrganizationManagement" name="Wildcard" time="0.0">
    <ignored/>
  </testcase> <!-- Wildcard -->
  <testcase classname="Test.Ancera.Administration.OrganizationManagement" name="UpdateOrganizationSites" time="0.0">
    <ignored/>
  </testcase> <!-- UpdateOrganizationSites -->
  <testcase classname="Test.Ancera.Administration.OrganizationManagement" name="BulkUploadEmpty" time="0.0">
    <ignored/>
  </testcase> <!-- BulkUploadEmpty -->
  <testcase classname="Test.Ancera.Administration.OrganizationManagement" name="VerifyUpdateOrganizationSites" time="0.0">
    <ignored/>
  </testcase> <!-- VerifyUpdateOrganizationSites -->
  <testcase classname="Test.Ancera.Administration.OrganizationManagement" name="VerifyUpdateOrganization" time="0.0">
    <ignored/>
  </testcase> <!-- VerifyUpdateOrganization -->
  <testcase classname="Test.Ancera.Administration.OrganizationManagement" name="UpdateOrganization" time="0.0">
    <ignored/>
  </testcase> <!-- UpdateOrganization -->
  <testcase classname="Test.Ancera.Administration.OrganizationManagement" name="VerifyCreatedOrganization" time="0.0">
    <ignored/>
  </testcase> <!-- VerifyCreatedOrganization -->
  <testcase classname="Test.Ancera.Administration.OrganizationManagement" name="AssignAgreement" time="0.0">
    <ignored/>
  </testcase> <!-- AssignAgreement -->
  <testcase classname="Test.Ancera.Administration.OrganizationManagement" name="SiteResetButton" time="0.0">
    <ignored/>
  </testcase> <!-- SiteResetButton -->
  <testcase classname="Test.Ancera.Administration.OrganizationManagement" name="MandatoryFieldCheck" time="0.0">
    <ignored/>
  </testcase> <!-- MandatoryFieldCheck -->
  <testcase classname="Test.Ancera.Administration.OrganizationManagement" name="VerifyInActiveOrganization" time="0.0">
    <ignored/>
  </testcase> <!-- VerifyInActiveOrganization -->
  <testcase classname="Test.Ancera.Administration.OrganizationManagement" name="TestFilter" time="0.0">
    <ignored/>
  </testcase> <!-- TestFilter -->
  <testcase classname="Test.Ancera.Administration.OrganizationManagement" name="BulkUpload" time="0.0">
    <ignored/>
  </testcase> <!-- BulkUpload -->
  <testcase classname="Test.Ancera.Administration.OrganizationManagement" name="CreateOrganizationSite" time="0.0">
    <ignored/>
  </testcase> <!-- CreateOrganizationSite -->
  <testcase classname="Test.Ancera.Administration.OrganizationManagement" name="DeleteOrganization" time="0.0">
    <ignored/>
  </testcase> <!-- DeleteOrganization -->
  <testcase classname="Test.Ancera.Administration.OrganizationManagement" name="OrganizationSitesHierarchyCheck" time="0.0">
    <ignored/>
  </testcase> <!-- OrganizationSitesHierarchyCheck -->
  <testcase classname="Test.Ancera.Administration.OrganizationManagement" name="TestFilterPractice" time="0.0">
    <ignored/>
  </testcase> <!-- TestFilterPractice -->
  <testcase classname="Test.Ancera.Administration.OrganizationManagement" name="DeleteOrganizationSites" time="0.0">
    <ignored/>
  </testcase> <!-- DeleteOrganizationSites -->
  <testcase classname="Test.Ancera.Administration.OrganizationManagement" name="testInvalidEmail" time="0.0">
    <ignored/>
  </testcase> <!-- testInvalidEmail -->
  <testcase classname="Test.Ancera.Administration.OrganizationManagement" name="OpenClosePopup" time="0.0">
    <ignored/>
  </testcase> <!-- OpenClosePopup -->
  <testcase classname="Test.Ancera.Administration.OrganizationManagement" name="Sorting" time="0.0">
    <ignored/>
  </testcase> <!-- Sorting -->
  <testcase classname="Test.Ancera.Administration.OrganizationManagement" name="OrganizationSiteMandatoryCheck" time="0.0">
    <ignored/>
  </testcase> <!-- OrganizationSiteMandatoryCheck -->
  <testcase classname="Test.Ancera.Administration.OrganizationManagement" name="ResetButton" time="0.0">
    <ignored/>
  </testcase> <!-- ResetButton -->
  <testcase classname="Test.Ancera.Administration.OrganizationManagement" name="Lock" time="0.0">
    <ignored/>
  </testcase> <!-- Lock -->
  <testcase classname="Test.Ancera.Administration.OrganizationManagement" name="CSVExport" time="0.0">
    <ignored/>
  </testcase> <!-- CSVExport -->
  <testcase classname="Test.Ancera.Administration.OrganizationManagement" name="CreateOrganization" time="0.0">
    <ignored/>
  </testcase> <!-- CreateOrganization -->
</testsuite> <!-- Default test -->
