<?xml version="1.0" encoding="UTF-8"?>
<!-- Generated by org.testng.reporters.JUnitXMLReporter -->
<testsuite ignored="32" hostname="APL-LHR-JA0201" failures="1" tests="1" name="Default test" time="237.749" errors="0" timestamp="2022-10-10T11:44:38 PKT">
  <testcase classname="Test.Ancera.Administration.FlockManagement" name="CreateFlock" time="170.137">
    <failure type="org.openqa.selenium.TimeoutException" message="Expected condition failed: waiting for visibility of element located by By.id: message (tried for 150 second(s) with 500 milliseconds interval)
Build info: version: &amp;apos;4.1.2&amp;apos;, revision: &amp;apos;9a5a329c5a&amp;apos;
System info: host: &amp;apos;APL-LHR-JA0201&amp;apos;, ip: &amp;apos;172.25.80.1&amp;apos;, os.name: &amp;apos;Windows 10&amp;apos;, os.arch: &amp;apos;amd64&amp;apos;, os.version: &amp;apos;10.0&amp;apos;, java.version: &amp;apos;15.0.2&amp;apos;
Driver info: org.openqa.selenium.chrome.ChromeDriver
Capabilities {acceptInsecureCerts: false, browserName: chrome, browserVersion: 106.0.5249.103, chrome: {chromedriverVersion: 106.0.5249.61 (511755355844..., userDataDir: C:\Users\JUNAID~1.ALA\AppDa...}, goog:chromeOptions: {debuggerAddress: localhost:52406}, javascriptEnabled: true, networkConnectionEnabled: false, pageLoadStrategy: normal, platform: WINDOWS, platformName: WINDOWS, proxy: Proxy(), se:cdp: ws://localhost:52406/devtoo..., se:cdpVersion: 106.0.5249.103, setWindowRect: true, strictFileInteractability: false, timeouts: {implicit: 0, pageLoad: 300000, script: 30000}, unhandledPromptBehavior: dismiss and notify, webauthn:extension:credBlob: true, webauthn:extension:largeBlob: true, webauthn:virtualAuthenticators: true}
Session ID: 00d02153099257eefb98fff4dfb2fff8">
      <![CDATA[org.openqa.selenium.TimeoutException: Expected condition failed: waiting for visibility of element located by By.id: message (tried for 150 second(s) with 500 milliseconds interval)
Build info: version: '4.1.2', revision: '9a5a329c5a'
System info: host: 'APL-LHR-JA0201', ip: '172.25.80.1', os.name: 'Windows 10', os.arch: 'amd64', os.version: '10.0', java.version: '15.0.2'
Driver info: org.openqa.selenium.chrome.ChromeDriver
Capabilities {acceptInsecureCerts: false, browserName: chrome, browserVersion: 106.0.5249.103, chrome: {chromedriverVersion: 106.0.5249.61 (511755355844..., userDataDir: C:\Users\JUNAID~1.ALA\AppDa...}, goog:chromeOptions: {debuggerAddress: localhost:52406}, javascriptEnabled: true, networkConnectionEnabled: false, pageLoadStrategy: normal, platform: WINDOWS, platformName: WINDOWS, proxy: Proxy(), se:cdp: ws://localhost:52406/devtoo..., se:cdpVersion: 106.0.5249.103, setWindowRect: true, strictFileInteractability: false, timeouts: {implicit: 0, pageLoad: 300000, script: 30000}, unhandledPromptBehavior: dismiss and notify, webauthn:extension:credBlob: true, webauthn:extension:largeBlob: true, webauthn:virtualAuthenticators: true}
Session ID: 00d02153099257eefb98fff4dfb2fff8
at org.openqa.selenium.support.ui.WebDriverWait.timeoutException(WebDriverWait.java:138)
at org.openqa.selenium.support.ui.FluentWait.until(FluentWait.java:231)
at Test.Ancera.Helper.waitElementVisible(Helper.java:138)
at Test.Ancera.Administration.FlockManagement.CreateFlock(FlockManagement.java:308)
at java.base/jdk.internal.reflect.NativeMethodAccessorImpl.invoke0(Native Method)
at java.base/jdk.internal.reflect.NativeMethodAccessorImpl.invoke(NativeMethodAccessorImpl.java:64)
at java.base/jdk.internal.reflect.DelegatingMethodAccessorImpl.invoke(DelegatingMethodAccessorImpl.java:43)
at java.base/java.lang.reflect.Method.invoke(Method.java:564)
at org.testng.internal.MethodInvocationHelper.invokeMethod(MethodInvocationHelper.java:132)
at org.testng.internal.TestInvoker.invokeMethod(TestInvoker.java:599)
at org.testng.internal.TestInvoker.invokeTestMethod(TestInvoker.java:174)
at org.testng.internal.MethodRunner.runInSequence(MethodRunner.java:46)
at org.testng.internal.TestInvoker$MethodInvocationAgent.invoke(TestInvoker.java:822)
at org.testng.internal.TestInvoker.invokeTestMethods(TestInvoker.java:147)
at org.testng.internal.TestMethodWorker.invokeTestMethods(TestMethodWorker.java:146)
at org.testng.internal.TestMethodWorker.run(TestMethodWorker.java:128)
at java.base/java.util.ArrayList.forEach(ArrayList.java:1511)
at org.testng.TestRunner.privateRun(TestRunner.java:764)
at org.testng.TestRunner.run(TestRunner.java:585)
at org.testng.SuiteRunner.runTest(SuiteRunner.java:384)
at org.testng.SuiteRunner.runSequentially(SuiteRunner.java:378)
at org.testng.SuiteRunner.privateRun(SuiteRunner.java:337)
at org.testng.SuiteRunner.run(SuiteRunner.java:286)
at org.testng.SuiteRunnerWorker.runSuite(SuiteRunnerWorker.java:53)
at org.testng.SuiteRunnerWorker.run(SuiteRunnerWorker.java:96)
at org.testng.TestNG.runSuitesSequentially(TestNG.java:1218)
at org.testng.TestNG.runSuitesLocally(TestNG.java:1140)
at org.testng.TestNG.runSuites(TestNG.java:1069)
at org.testng.TestNG.run(TestNG.java:1037)
at org.testng.remote.AbstractRemoteTestNG.run(AbstractRemoteTestNG.java:115)
at org.testng.remote.RemoteTestNG.initAndRun(RemoteTestNG.java:251)
at org.testng.remote.RemoteTestNG.main(RemoteTestNG.java:77)
]]>
    </failure>
  </testcase> <!-- CreateFlock -->
  <testcase classname="Test.Ancera.Administration.FlockManagement" name="RowsPerPageSettlement" time="0.0">
    <ignored/>
  </testcase> <!-- RowsPerPageSettlement -->
  <testcase classname="Test.Ancera.Administration.FlockManagement" name="PaginationCondemnation" time="0.0">
    <ignored/>
  </testcase> <!-- PaginationCondemnation -->
  <testcase classname="Test.Ancera.Administration.FlockManagement" name="SortingCondemnation" time="0.0">
    <ignored/>
  </testcase> <!-- SortingCondemnation -->
  <testcase classname="Test.Ancera.Administration.FlockManagement" name="SortingMortality" time="0.0">
    <ignored/>
  </testcase> <!-- SortingMortality -->
  <testcase classname="Test.Ancera.Administration.FlockManagement" name="EditPlacementDate" time="0.0">
    <ignored/>
  </testcase> <!-- EditPlacementDate -->
  <testcase classname="Test.Ancera.Administration.FlockManagement" name="PaginationPlacement" time="0.0">
    <ignored/>
  </testcase> <!-- PaginationPlacement -->
  <testcase classname="Test.Ancera.Administration.FlockManagement" name="AllignmentTest" time="0.0">
    <ignored/>
  </testcase> <!-- AllignmentTest -->
  <testcase classname="Test.Ancera.Administration.FlockManagement" name="RowsPerPageCondemnation" time="0.0">
    <ignored/>
  </testcase> <!-- RowsPerPageCondemnation -->
  <testcase classname="Test.Ancera.Administration.FlockManagement" name="TemplateExport" time="0.0">
    <ignored/>
  </testcase> <!-- TemplateExport -->
  <testcase classname="Test.Ancera.Administration.FlockManagement" name="WildcardSettlement" time="0.0">
    <ignored/>
  </testcase> <!-- WildcardSettlement -->
  <testcase classname="Test.Ancera.Administration.FlockManagement" name="PaginationMortality" time="0.0">
    <ignored/>
  </testcase> <!-- PaginationMortality -->
  <testcase classname="Test.Ancera.Administration.FlockManagement" name="PaginationSettlement" time="0.0">
    <ignored/>
  </testcase> <!-- PaginationSettlement -->
  <testcase classname="Test.Ancera.Administration.FlockManagement" name="RowsPerPageMortality" time="0.0">
    <ignored/>
  </testcase> <!-- RowsPerPageMortality -->
  <testcase classname="Test.Ancera.Administration.FlockManagement" name="WildcardPlacement" time="0.0">
    <ignored/>
  </testcase> <!-- WildcardPlacement -->
  <testcase classname="Test.Ancera.Administration.FlockManagement" name="NavigateFlock" time="0.0">
    <ignored/>
  </testcase> <!-- NavigateFlock -->
  <testcase classname="Test.Ancera.Administration.FlockManagement" name="WildcardMortality" time="0.0">
    <ignored/>
  </testcase> <!-- WildcardMortality -->
  <testcase classname="Test.Ancera.Administration.FlockManagement" name="RowsPerPagePlacement" time="0.0">
    <ignored/>
  </testcase> <!-- RowsPerPagePlacement -->
  <testcase classname="Test.Ancera.Administration.FlockManagement" name="TestFilterBulk" time="0.0">
    <ignored/>
  </testcase> <!-- TestFilterBulk -->
  <testcase classname="Test.Ancera.Administration.FlockManagement" name="CSVAuditExport" time="0.0">
    <ignored/>
  </testcase> <!-- CSVAuditExport -->
  <testcase classname="Test.Ancera.Administration.FlockManagement" name="FlockValidation" time="0.0">
    <ignored/>
  </testcase> <!-- FlockValidation -->
  <testcase classname="Test.Ancera.Administration.FlockManagement" name="EditFlock" time="0.0">
    <ignored/>
  </testcase> <!-- EditFlock -->
  <testcase classname="Test.Ancera.Administration.FlockManagement" name="SortingPlacement" time="0.0">
    <ignored/>
  </testcase> <!-- SortingPlacement -->
  <testcase classname="Test.Ancera.Administration.FlockManagement" name="CSVExport" time="0.0">
    <ignored/>
  </testcase> <!-- CSVExport -->
  <testcase classname="Test.Ancera.Administration.FlockManagement" name="FlockUploadBulk" time="0.0">
    <ignored/>
  </testcase> <!-- FlockUploadBulk -->
  <testcase classname="Test.Ancera.Administration.FlockManagement" name="LockCondemnation" time="0.0">
    <ignored/>
  </testcase> <!-- LockCondemnation -->
  <testcase classname="Test.Ancera.Administration.FlockManagement" name="WildcardCondemnation" time="0.0">
    <ignored/>
  </testcase> <!-- WildcardCondemnation -->
  <testcase classname="Test.Ancera.Administration.FlockManagement" name="SortingSettlement" time="0.0">
    <ignored/>
  </testcase> <!-- SortingSettlement -->
  <testcase classname="Test.Ancera.Administration.FlockManagement" name="LockPlacement" time="0.0">
    <ignored/>
  </testcase> <!-- LockPlacement -->
  <testcase classname="Test.Ancera.Administration.FlockManagement" name="SortingBulk" time="0.0">
    <ignored/>
  </testcase> <!-- SortingBulk -->
  <testcase classname="Test.Ancera.Administration.FlockManagement" name="LockMortality" time="0.0">
    <ignored/>
  </testcase> <!-- LockMortality -->
  <testcase classname="Test.Ancera.Administration.FlockManagement" name="LockSettlement" time="0.0">
    <ignored/>
  </testcase> <!-- LockSettlement -->
  <testcase classname="Test.Ancera.Administration.FlockManagement" name="SiteAppearnace" time="0.0">
    <ignored/>
  </testcase> <!-- SiteAppearnace -->
</testsuite> <!-- Default test -->
