<?xml version="1.0" encoding="UTF-8"?>
<!-- Generated by org.testng.reporters.JUnitXMLReporter -->
<testsuite ignored="1" hostname="DESKTOP-K0SFL7M" failures="0" tests="1" name="Default test" time="1907.899" errors="0" timestamp="2021-07-20T01:48:35 PKT">
  <testcase classname="Test.Ancera.Reports.InstallationRun" name="installationRunConfigCoccidia" time="1881.09"/>
  <testcase classname="Test.Ancera.Reports.InstallationRun" name="installationRunConfigSalmonella" time="0.0">
    <ignored/>
  </testcase> <!-- installationRunConfigSalmonella -->
</testsuite> <!-- Default test -->
