<?xml version="1.0" encoding="UTF-8"?>
<!-- Generated by org.testng.reporters.JUnitXMLReporter -->
<testsuite ignored="5" hostname="DESKTOP-K0SFL7M" failures="0" tests="1" name="Default test" time="55.959" errors="0" timestamp="2022-06-17T12:57:28 PKT">
  <testcase classname="Test.Ancera.Administration.PreFlutterMobile" name="VerifyTestingSitesAccess" time="36.278"/>
  <testcase classname="Test.Ancera.Administration.PreFlutterMobile" name="OrganizationSitesHierarchyCheck" time="0.0">
    <ignored/>
  </testcase> <!-- OrganizationSitesHierarchyCheck -->
  <testcase classname="Test.Ancera.Administration.PreFlutterMobile" name="CreateOrg" time="0.0">
    <ignored/>
  </testcase> <!-- CreateOrg -->
  <testcase classname="Test.Ancera.Administration.PreFlutterMobile" name="CreateProgramVaccine" time="0.0">
    <ignored/>
  </testcase> <!-- CreateProgramVaccine -->
  <testcase classname="Test.Ancera.Administration.PreFlutterMobile" name="CreateComplexConfig" time="0.0">
    <ignored/>
  </testcase> <!-- CreateComplexConfig -->
  <testcase classname="Test.Ancera.Administration.PreFlutterMobile" name="CreateProgramFeed" time="0.0">
    <ignored/>
  </testcase> <!-- CreateProgramFeed -->
</testsuite> <!-- Default test -->
