<?xml version="1.0" encoding="UTF-8"?>
<!-- Generated by org.testng.reporters.JUnitXMLReporter -->
<testsuite ignored="8" hostname="DESKTOP-K0SFL7M" failures="0" tests="1" name="Default test" time="123.38" errors="0" timestamp="2021-08-23T14:50:39 PKT">
  <testcase classname="Test.Ancera.Administration.AccessManagement" name="UserManagementAccess" time="89.308"/>
  <testcase classname="Test.Ancera.Administration.AccessManagement" name="RoleAssignScreen" time="0.0">
    <ignored/>
  </testcase> <!-- RoleAssignScreen -->
  <testcase classname="Test.Ancera.Administration.AccessManagement" name="EditRightsScreen" time="0.0">
    <ignored/>
  </testcase> <!-- EditRightsScreen -->
  <testcase classname="Test.Ancera.Administration.AccessManagement" name="RoleAssignScfreen" time="0.0">
    <ignored/>
  </testcase> <!-- RoleAssignScfreen -->
  <testcase classname="Test.Ancera.Administration.AccessManagement" name="UpdateRole" time="0.0">
    <ignored/>
  </testcase> <!-- UpdateRole -->
  <testcase classname="Test.Ancera.Administration.AccessManagement" name="InActivateRole" time="0.0">
    <ignored/>
  </testcase> <!-- InActivateRole -->
  <testcase classname="Test.Ancera.Administration.AccessManagement" name="CreateAccess" time="0.0">
    <ignored/>
  </testcase> <!-- CreateAccess -->
  <testcase classname="Test.Ancera.Administration.AccessManagement" name="VerifyUpdateRole" time="0.0">
    <ignored/>
  </testcase> <!-- VerifyUpdateRole -->
  <testcase classname="Test.Ancera.Administration.AccessManagement" name="NavigateAM" time="0.0">
    <ignored/>
  </testcase> <!-- NavigateAM -->
</testsuite> <!-- Default test -->
