<?xml version="1.0" encoding="UTF-8"?>
<!-- Generated by org.testng.reporters.JUnitXMLReporter -->
<testsuite ignored="18" hostname="DESKTOP-K0SFL7M" failures="1" tests="1" name="Default test" time="61.754" errors="0" timestamp="2022-03-11T17:27:33 PKT">
  <testcase classname="Test.Ancera.Administration.FlockRegistration" name="EditFlock" time="25.032">
    <failure type="org.openqa.selenium.ElementClickInterceptedException" message="element click intercepted: Element &amp;lt;td _ngcontent-sld-c4=&amp;quot;&amp;quot; class=&amp;quot;text-center table-cell-w-adjust audit-container&amp;quot; id=&amp;quot;audit-trial-0&amp;quot;&amp;gt;...&amp;lt;/td&amp;gt; is not clickable at point (83, 293). Other element would receive the click: &amp;lt;div _ngcontent-sld-c9=&amp;quot;&amp;quot; class=&amp;quot;popup-overlay d-block&amp;quot;&amp;gt;...&amp;lt;/div&amp;gt;
  (Session info: chrome=99.0.4844.51)
Build info: version: &amp;apos;4.1.2&amp;apos;, revision: &amp;apos;9a5a329c5a&amp;apos;
System info: host: &amp;apos;DESKTOP-K0SFL7M&amp;apos;, ip: &amp;apos;172.18.16.1&amp;apos;, os.name: &amp;apos;Windows 10&amp;apos;, os.arch: &amp;apos;amd64&amp;apos;, os.version: &amp;apos;10.0&amp;apos;, java.version: &amp;apos;15.0.2&amp;apos;
Driver info: org.openqa.selenium.chrome.ChromeDriver
Command: [bf93704d8f3e47ba969ad01d35a4d7c3, clickElement {id=50272d05-94b8-41df-9653-b553c0229bf2}]
Capabilities {acceptInsecureCerts: false, browserName: chrome, browserVersion: 99.0.4844.51, chrome: {chromedriverVersion: 99.0.4844.51 (d537ec02474b5..., userDataDir: C:\Users\User\AppData\Local...}, goog:chromeOptions: {debuggerAddress: localhost:58966}, javascriptEnabled: true, networkConnectionEnabled: false, pageLoadStrategy: normal, platform: WINDOWS, platformName: WINDOWS, proxy: Proxy(), se:cdp: ws://localhost:58966/devtoo..., se:cdpVersion: 99.0.4844.51, setWindowRect: true, strictFileInteractability: false, timeouts: {implicit: 0, pageLoad: 300000, script: 30000}, unhandledPromptBehavior: dismiss and notify, webauthn:extension:credBlob: true, webauthn:extension:largeBlob: true, webauthn:virtualAuthenticators: true}
Element: [[ChromeDriver: chrome on WINDOWS (bf93704d8f3e47ba969ad01d35a4d7c3)] -&amp;gt; id: audit-trial-0]
Session ID: bf93704d8f3e47ba969ad01d35a4d7c3">
      <![CDATA[org.openqa.selenium.ElementClickInterceptedException: element click intercepted: Element <td _ngcontent-sld-c4="" class="text-center table-cell-w-adjust audit-container" id="audit-trial-0">...</td> is not clickable at point (83, 293). Other element would receive the click: <div _ngcontent-sld-c9="" class="popup-overlay d-block">...</div>
  (Session info: chrome=99.0.4844.51)
Build info: version: '4.1.2', revision: '9a5a329c5a'
System info: host: 'DESKTOP-K0SFL7M', ip: '172.18.16.1', os.name: 'Windows 10', os.arch: 'amd64', os.version: '10.0', java.version: '15.0.2'
Driver info: org.openqa.selenium.chrome.ChromeDriver
Command: [bf93704d8f3e47ba969ad01d35a4d7c3, clickElement {id=50272d05-94b8-41df-9653-b553c0229bf2}]
Capabilities {acceptInsecureCerts: false, browserName: chrome, browserVersion: 99.0.4844.51, chrome: {chromedriverVersion: 99.0.4844.51 (d537ec02474b5..., userDataDir: C:\Users\User\AppData\Local...}, goog:chromeOptions: {debuggerAddress: localhost:58966}, javascriptEnabled: true, networkConnectionEnabled: false, pageLoadStrategy: normal, platform: WINDOWS, platformName: WINDOWS, proxy: Proxy(), se:cdp: ws://localhost:58966/devtoo..., se:cdpVersion: 99.0.4844.51, setWindowRect: true, strictFileInteractability: false, timeouts: {implicit: 0, pageLoad: 300000, script: 30000}, unhandledPromptBehavior: dismiss and notify, webauthn:extension:credBlob: true, webauthn:extension:largeBlob: true, webauthn:virtualAuthenticators: true}
Element: [[ChromeDriver: chrome on WINDOWS (bf93704d8f3e47ba969ad01d35a4d7c3)] -> id: audit-trial-0]
Session ID: bf93704d8f3e47ba969ad01d35a4d7c3
at java.base/jdk.internal.reflect.NativeConstructorAccessorImpl.newInstance0(Native Method)
at java.base/jdk.internal.reflect.NativeConstructorAccessorImpl.newInstance(NativeConstructorAccessorImpl.java:64)
at java.base/jdk.internal.reflect.DelegatingConstructorAccessorImpl.newInstance(DelegatingConstructorAccessorImpl.java:45)
at java.base/java.lang.reflect.Constructor.newInstanceWithCaller(Constructor.java:500)
at java.base/java.lang.reflect.Constructor.newInstance(Constructor.java:481)
at org.openqa.selenium.remote.codec.w3c.W3CHttpResponseCodec.createException(W3CHttpResponseCodec.java:200)
at org.openqa.selenium.remote.codec.w3c.W3CHttpResponseCodec.decode(W3CHttpResponseCodec.java:133)
at org.openqa.selenium.remote.codec.w3c.W3CHttpResponseCodec.decode(W3CHttpResponseCodec.java:53)
at org.openqa.selenium.remote.HttpCommandExecutor.execute(HttpCommandExecutor.java:184)
at org.openqa.selenium.remote.service.DriverCommandExecutor.invokeExecute(DriverCommandExecutor.java:167)
at org.openqa.selenium.remote.service.DriverCommandExecutor.execute(DriverCommandExecutor.java:142)
at org.openqa.selenium.remote.RemoteWebDriver.execute(RemoteWebDriver.java:558)
at org.openqa.selenium.remote.RemoteWebElement.execute(RemoteWebElement.java:251)
at org.openqa.selenium.remote.RemoteWebElement.click(RemoteWebElement.java:77)
at Test.Ancera.Administration.FlockRegistration.EditFlock(FlockRegistration.java:1202)
at java.base/jdk.internal.reflect.NativeMethodAccessorImpl.invoke0(Native Method)
at java.base/jdk.internal.reflect.NativeMethodAccessorImpl.invoke(NativeMethodAccessorImpl.java:64)
at java.base/jdk.internal.reflect.DelegatingMethodAccessorImpl.invoke(DelegatingMethodAccessorImpl.java:43)
at java.base/java.lang.reflect.Method.invoke(Method.java:564)
at org.testng.internal.MethodInvocationHelper.invokeMethod(MethodInvocationHelper.java:132)
at org.testng.internal.TestInvoker.invokeMethod(TestInvoker.java:599)
at org.testng.internal.TestInvoker.invokeTestMethod(TestInvoker.java:174)
at org.testng.internal.MethodRunner.runInSequence(MethodRunner.java:46)
at org.testng.internal.TestInvoker$MethodInvocationAgent.invoke(TestInvoker.java:822)
at org.testng.internal.TestInvoker.invokeTestMethods(TestInvoker.java:147)
at org.testng.internal.TestMethodWorker.invokeTestMethods(TestMethodWorker.java:146)
at org.testng.internal.TestMethodWorker.run(TestMethodWorker.java:128)
at java.base/java.util.ArrayList.forEach(ArrayList.java:1511)
at org.testng.TestRunner.privateRun(TestRunner.java:764)
at org.testng.TestRunner.run(TestRunner.java:585)
at org.testng.SuiteRunner.runTest(SuiteRunner.java:384)
at org.testng.SuiteRunner.runSequentially(SuiteRunner.java:378)
at org.testng.SuiteRunner.privateRun(SuiteRunner.java:337)
at org.testng.SuiteRunner.run(SuiteRunner.java:286)
at org.testng.SuiteRunnerWorker.runSuite(SuiteRunnerWorker.java:53)
at org.testng.SuiteRunnerWorker.run(SuiteRunnerWorker.java:96)
at org.testng.TestNG.runSuitesSequentially(TestNG.java:1218)
at org.testng.TestNG.runSuitesLocally(TestNG.java:1140)
at org.testng.TestNG.runSuites(TestNG.java:1069)
at org.testng.TestNG.run(TestNG.java:1037)
at org.testng.remote.AbstractRemoteTestNG.run(AbstractRemoteTestNG.java:115)
at org.testng.remote.RemoteTestNG.initAndRun(RemoteTestNG.java:251)
at org.testng.remote.RemoteTestNG.main(RemoteTestNG.java:77)
]]>
    </failure>
  </testcase> <!-- EditFlock -->
  <testcase classname="Test.Ancera.Administration.FlockRegistration" name="TestFilter" time="0.0">
    <ignored/>
  </testcase> <!-- TestFilter -->
  <testcase classname="Test.Ancera.Administration.FlockRegistration" name="CSVExport" time="0.0">
    <ignored/>
  </testcase> <!-- CSVExport -->
  <testcase classname="Test.Ancera.Administration.FlockRegistration" name="FlockValidation" time="0.0">
    <ignored/>
  </testcase> <!-- FlockValidation -->
  <testcase classname="Test.Ancera.Administration.FlockRegistration" name="CSVAuditExport" time="0.0">
    <ignored/>
  </testcase> <!-- CSVAuditExport -->
  <testcase classname="Test.Ancera.Administration.FlockRegistration" name="CreateFlock" time="0.0">
    <ignored/>
  </testcase> <!-- CreateFlock -->
  <testcase classname="Test.Ancera.Administration.FlockRegistration" name="wildcard" time="0.0">
    <ignored/>
  </testcase> <!-- wildcard -->
  <testcase classname="Test.Ancera.Administration.FlockRegistration" name="Sorting" time="0.0">
    <ignored/>
  </testcase> <!-- Sorting -->
  <testcase classname="Test.Ancera.Administration.FlockRegistration" name="AllignmentTest" time="0.0">
    <ignored/>
  </testcase> <!-- AllignmentTest -->
  <testcase classname="Test.Ancera.Administration.FlockRegistration" name="TestFilterBulk" time="0.0">
    <ignored/>
  </testcase> <!-- TestFilterBulk -->
  <testcase classname="Test.Ancera.Administration.FlockRegistration" name="SiteAppearnace" time="0.0">
    <ignored/>
  </testcase> <!-- SiteAppearnace -->
  <testcase classname="Test.Ancera.Administration.FlockRegistration" name="EditPlacementDate" time="0.0">
    <ignored/>
  </testcase> <!-- EditPlacementDate -->
  <testcase classname="Test.Ancera.Administration.FlockRegistration" name="SortingBulk" time="0.0">
    <ignored/>
  </testcase> <!-- SortingBulk -->
  <testcase classname="Test.Ancera.Administration.FlockRegistration" name="NavigateFlock" time="0.0">
    <ignored/>
  </testcase> <!-- NavigateFlock -->
  <testcase classname="Test.Ancera.Administration.FlockRegistration" name="RowsPerPage" time="0.0">
    <ignored/>
  </testcase> <!-- RowsPerPage -->
  <testcase classname="Test.Ancera.Administration.FlockRegistration" name="FlockLock" time="0.0">
    <ignored/>
  </testcase> <!-- FlockLock -->
  <testcase classname="Test.Ancera.Administration.FlockRegistration" name="FlockUploadBulk" time="0.0">
    <ignored/>
  </testcase> <!-- FlockUploadBulk -->
  <testcase classname="Test.Ancera.Administration.FlockRegistration" name="TemplateExport" time="0.0">
    <ignored/>
  </testcase> <!-- TemplateExport -->
  <testcase classname="Test.Ancera.Administration.FlockRegistration" name="Pagination" time="0.0">
    <ignored/>
  </testcase> <!-- Pagination -->
</testsuite> <!-- Default test -->
