<?xml version="1.0" encoding="UTF-8"?>
<!-- Generated by org.testng.reporters.JUnitXMLReporter -->
<testsuite hostname="LAPTOP-O6K4VQH7" ignored="12" name="Default test" tests="2" failures="0" timestamp="2021-02-03T11:23:13 PKT" time="128.057" errors="0">
  <testcase name="NavigateCoccidia" time="38.847" classname="Test.Ancera.Reports.CoccidiaLog"/>
  <testcase name="TestFilters111" time="34.434" classname="Test.Ancera.Reports.CoccidiaLog"/>
  <testcase name="EnterDate" time="0.0" classname="Test.Ancera.Reports.CoccidiaLog">
    <ignored/>
  </testcase> <!-- EnterDate -->
  <testcase name="TemplateExport" time="0.0" classname="Test.Ancera.Reports.CoccidiaLog">
    <ignored/>
  </testcase> <!-- TemplateExport -->
  <testcase name="Pagination" time="0.0" classname="Test.Ancera.Reports.CoccidiaLog">
    <ignored/>
  </testcase> <!-- Pagination -->
  <testcase name="ResetFilter" time="0.0" classname="Test.Ancera.Reports.CoccidiaLog">
    <ignored/>
  </testcase> <!-- ResetFilter -->
  <testcase name="PNGExport" time="0.0" classname="Test.Ancera.Reports.CoccidiaLog">
    <ignored/>
  </testcase> <!-- PNGExport -->
  <testcase name="DateLockFilter" time="0.0" classname="Test.Ancera.Reports.CoccidiaLog">
    <ignored/>
  </testcase> <!-- DateLockFilter -->
  <testcase name="RowsPerPage" time="0.0" classname="Test.Ancera.Reports.CoccidiaLog">
    <ignored/>
  </testcase> <!-- RowsPerPage -->
  <testcase name="CSVExport" time="0.0" classname="Test.Ancera.Reports.CoccidiaLog">
    <ignored/>
  </testcase> <!-- CSVExport -->
  <testcase name="TestFilters" time="0.0" classname="Test.Ancera.Reports.CoccidiaLog">
    <ignored/>
  </testcase> <!-- TestFilters -->
  <testcase name="RunAPI" time="0.0" classname="Test.Ancera.Reports.CoccidiaLog">
    <ignored/>
  </testcase> <!-- RunAPI -->
  <testcase name="DateFilter" time="0.0" classname="Test.Ancera.Reports.CoccidiaLog">
    <ignored/>
  </testcase> <!-- DateFilter -->
  <testcase name="CoccidiaLock" time="0.0" classname="Test.Ancera.Reports.CoccidiaLog">
    <ignored/>
  </testcase> <!-- CoccidiaLock -->
</testsuite> <!-- Default test -->
