<?xml version="1.0" encoding="UTF-8"?>
<!-- Generated by org.testng.reporters.JUnitXMLReporter -->
<testsuite ignored="6" hostname="DESKTOP-K0SFL7M" failures="0" tests="1" name="Default test" time="882.278" errors="0" timestamp="2022-07-27T15:19:23 PKT">
  <testcase classname="Test.Ancera.Administration.PreFlutterMobile" name="Ingestion_Flock" time="842.13"/>
  <testcase classname="Test.Ancera.Administration.PreFlutterMobile" name="CreateOrganizationSitesHierarchy" time="0.0">
    <ignored/>
  </testcase> <!-- CreateOrganizationSitesHierarchy -->
  <testcase classname="Test.Ancera.Administration.PreFlutterMobile" name="CreateOrganization" time="0.0">
    <ignored/>
  </testcase> <!-- CreateOrganization -->
  <testcase classname="Test.Ancera.Administration.PreFlutterMobile" name="CreateProgramVaccine" time="0.0">
    <ignored/>
  </testcase> <!-- CreateProgramVaccine -->
  <testcase classname="Test.Ancera.Administration.PreFlutterMobile" name="VerifyTestingSitesAccess" time="0.0">
    <ignored/>
  </testcase> <!-- VerifyTestingSitesAccess -->
  <testcase classname="Test.Ancera.Administration.PreFlutterMobile" name="CreateComplexConfig" time="0.0">
    <ignored/>
  </testcase> <!-- CreateComplexConfig -->
  <testcase classname="Test.Ancera.Administration.PreFlutterMobile" name="CreateProgramFeed" time="0.0">
    <ignored/>
  </testcase> <!-- CreateProgramFeed -->
</testsuite> <!-- Default test -->
