<?xml version="1.0" encoding="UTF-8"?>
<!-- Generated by org.testng.reporters.JUnitXMLReporter -->
<testsuite hostname="LAPTOP-O6K4VQH7" ignored="10" name="Default test" tests="2" failures="0" timestamp="2021-01-14T18:09:19 PKT" time="64.758" errors="0">
  <testcase name="NavigateSalmonella" time="17.579" classname="Test.Ancera.Reports.SalmonellaLog"/>
  <testcase name="SearchFilter" time="17.056" classname="Test.Ancera.Reports.SalmonellaLog"/>
  <testcase name="DateLockFilter" time="0.0" classname="Test.Ancera.Reports.SalmonellaLog">
    <ignored/>
  </testcase> <!-- DateLockFilter -->
  <testcase name="RunAPI" time="0.0" classname="Test.Ancera.Reports.SalmonellaLog">
    <ignored/>
  </testcase> <!-- RunAPI -->
  <testcase name="DateFilter" time="0.0" classname="Test.Ancera.Reports.SalmonellaLog">
    <ignored/>
  </testcase> <!-- DateFilter -->
  <testcase name="PNGExport" time="0.0" classname="Test.Ancera.Reports.SalmonellaLog">
    <ignored/>
  </testcase> <!-- PNGExport -->
  <testcase name="RowsPerPage" time="0.0" classname="Test.Ancera.Reports.SalmonellaLog">
    <ignored/>
  </testcase> <!-- RowsPerPage -->
  <testcase name="SalmonellaLock" time="0.0" classname="Test.Ancera.Reports.SalmonellaLog">
    <ignored/>
  </testcase> <!-- SalmonellaLock -->
  <testcase name="CSVExport" time="0.0" classname="Test.Ancera.Reports.SalmonellaLog">
    <ignored/>
  </testcase> <!-- CSVExport -->
  <testcase name="TemplateExport" time="0.0" classname="Test.Ancera.Reports.SalmonellaLog">
    <ignored/>
  </testcase> <!-- TemplateExport -->
  <testcase name="EnterDate" time="0.0" classname="Test.Ancera.Reports.SalmonellaLog">
    <ignored/>
  </testcase> <!-- EnterDate -->
  <testcase name="Pagination" time="0.0" classname="Test.Ancera.Reports.SalmonellaLog">
    <ignored/>
  </testcase> <!-- Pagination -->
</testsuite> <!-- Default test -->
