<?xml version="1.0" encoding="UTF-8"?>
<!-- Generated by org.testng.reporters.JUnitXMLReporter -->
<testsuite ignored="1" hostname="DESKTOP-K0SFL7M" failures="0" tests="1" name="Default test" time="881.369" errors="0" timestamp="2021-09-21T15:58:28 PKT">
  <testcase classname="Test.Ancera.Reports.PAConfig" name="PAConfiguration" time="862.967"/>
  <testcase classname="Test.Ancera.Reports.PAConfig" name="PAConfigurattion" time="0.0">
    <ignored/>
  </testcase> <!-- PAConfigurattion -->
</testsuite> <!-- Default test -->
