<?xml version="1.0" encoding="UTF-8"?>
<!-- Generated by org.testng.reporters.JUnitXMLReporter -->
<testsuite hostname="LAPTOP-O6K4VQH7" ignored="10" name="Default test" tests="2" failures="0" timestamp="2021-02-03T23:40:42 PKT" time="395.275" errors="0">
  <testcase name="NavigateExternalSalmonella" time="38.455" classname="Test.Ancera.Reports.ExternalSalmonella"/>
  <testcase name="TestFilters111" time="264.85" classname="Test.Ancera.Reports.ExternalSalmonella"/>
  <testcase name="Pagination" time="0.0" classname="Test.Ancera.Reports.ExternalSalmonella">
    <ignored/>
  </testcase> <!-- Pagination -->
  <testcase name="EnterDate" time="0.0" classname="Test.Ancera.Reports.ExternalSalmonella">
    <ignored/>
  </testcase> <!-- EnterDate -->
  <testcase name="TemplateExport" time="0.0" classname="Test.Ancera.Reports.ExternalSalmonella">
    <ignored/>
  </testcase> <!-- TemplateExport -->
  <testcase name="RunAPI" time="0.0" classname="Test.Ancera.Reports.ExternalSalmonella">
    <ignored/>
  </testcase> <!-- RunAPI -->
  <testcase name="RowsPerPage" time="0.0" classname="Test.Ancera.Reports.ExternalSalmonella">
    <ignored/>
  </testcase> <!-- RowsPerPage -->
  <testcase name="DateFilter" time="0.0" classname="Test.Ancera.Reports.ExternalSalmonella">
    <ignored/>
  </testcase> <!-- DateFilter -->
  <testcase name="DateLockFilter" time="0.0" classname="Test.Ancera.Reports.ExternalSalmonella">
    <ignored/>
  </testcase> <!-- DateLockFilter -->
  <testcase name="SalmonellaLock" time="0.0" classname="Test.Ancera.Reports.ExternalSalmonella">
    <ignored/>
  </testcase> <!-- SalmonellaLock -->
  <testcase name="CSVExport" time="0.0" classname="Test.Ancera.Reports.ExternalSalmonella">
    <ignored/>
  </testcase> <!-- CSVExport -->
  <testcase name="PNGExport" time="0.0" classname="Test.Ancera.Reports.ExternalSalmonella">
    <ignored/>
  </testcase> <!-- PNGExport -->
</testsuite> <!-- Default test -->
