<?xml version="1.0" encoding="UTF-8"?>
<!-- Generated by org.testng.reporters.JUnitXMLReporter -->
<testsuite ignored="5" hostname="DESKTOP-K0SFL7M" failures="0" tests="2" name="Default test" time="37.186" errors="0" timestamp="2021-06-14T16:15:41 PKT">
  <testcase classname="Test.Ancera.MetaData.DataUpload" name="NavigateDataUpload" time="3.217"/>
  <testcase classname="Test.Ancera.MetaData.DataUpload" name="saveTemplates" time="11.007"/>
  <testcase classname="Test.Ancera.MetaData.DataUpload" name="ClientList" time="0.0">
    <ignored/>
  </testcase> <!-- ClientList -->
  <testcase classname="Test.Ancera.MetaData.DataUpload" name="SampleMetaData" time="0.0">
    <ignored/>
  </testcase> <!-- SampleMetaData -->
  <testcase classname="Test.Ancera.MetaData.DataUpload" name="ClientListRemove" time="0.0">
    <ignored/>
  </testcase> <!-- ClientListRemove -->
  <testcase classname="Test.Ancera.MetaData.DataUpload" name="SitePerformance" time="0.0">
    <ignored/>
  </testcase> <!-- SitePerformance -->
  <testcase classname="Test.Ancera.MetaData.DataUpload" name="FlockMetadata" time="0.0">
    <ignored/>
  </testcase> <!-- FlockMetadata -->
</testsuite> <!-- Default test -->
