<?xml version="1.0" encoding="UTF-8"?>
<!-- Generated by org.testng.reporters.JUnitXMLReporter -->
<testsuite ignored="12" hostname="DESKTOP-K0SFL7M" failures="0" tests="2" name="Default test" time="1350.0" errors="0" timestamp="2021-02-09T17:45:40 PKT">
  <testcase classname="Test.Ancera.Reports.SalmonellaLog" name="NavigateSalmonella" time="46.575"/>
  <testcase classname="Test.Ancera.Reports.SalmonellaLog" name="TestFilters111" time="1262.08"/>
  <testcase classname="Test.Ancera.Reports.SalmonellaLog" name="DateLockFilter" time="0.0">
    <ignored/>
  </testcase> <!-- DateLockFilter -->
  <testcase classname="Test.Ancera.Reports.SalmonellaLog" name="RunAPI" time="0.0">
    <ignored/>
  </testcase> <!-- RunAPI -->
  <testcase classname="Test.Ancera.Reports.SalmonellaLog" name="DateFilter" time="0.0">
    <ignored/>
  </testcase> <!-- DateFilter -->
  <testcase classname="Test.Ancera.Reports.SalmonellaLog" name="RowsPerPage" time="0.0">
    <ignored/>
  </testcase> <!-- RowsPerPage -->
  <testcase classname="Test.Ancera.Reports.SalmonellaLog" name="PNGExport" time="0.0">
    <ignored/>
  </testcase> <!-- PNGExport -->
  <testcase classname="Test.Ancera.Reports.SalmonellaLog" name="SalmonellaLock" time="0.0">
    <ignored/>
  </testcase> <!-- SalmonellaLock -->
  <testcase classname="Test.Ancera.Reports.SalmonellaLog" name="CSVExport" time="0.0">
    <ignored/>
  </testcase> <!-- CSVExport -->
  <testcase classname="Test.Ancera.Reports.SalmonellaLog" name="Sorting" time="0.0">
    <ignored/>
  </testcase> <!-- Sorting -->
  <testcase classname="Test.Ancera.Reports.SalmonellaLog" name="ResetFilter" time="0.0">
    <ignored/>
  </testcase> <!-- ResetFilter -->
  <testcase classname="Test.Ancera.Reports.SalmonellaLog" name="EnterDate" time="0.0">
    <ignored/>
  </testcase> <!-- EnterDate -->
  <testcase classname="Test.Ancera.Reports.SalmonellaLog" name="TemplateExport" time="0.0">
    <ignored/>
  </testcase> <!-- TemplateExport -->
  <testcase classname="Test.Ancera.Reports.SalmonellaLog" name="Pagination" time="0.0">
    <ignored/>
  </testcase> <!-- Pagination -->
</testsuite> <!-- Default test -->
