<?xml version="1.0" encoding="UTF-8"?>
<!-- Generated by org.testng.reporters.JUnitXMLReporter -->
<testsuite ignored="16" hostname="DESKTOP-K0SFL7M" failures="0" tests="2" name="Default test" time="223.865" errors="0" timestamp="2021-08-10T15:32:14 PKT">
  <testcase classname="Test.Ancera.Reports.SalmonellaLog" name="NavigateSalmonella" time="34.669"/>
  <testcase classname="Test.Ancera.Reports.SalmonellaLog" name="FieldAccessUnview" time="116.962"/>
  <testcase classname="Test.Ancera.Reports.SalmonellaLog" name="DateFilter" time="0.0">
    <ignored/>
  </testcase> <!-- DateFilter -->
  <testcase classname="Test.Ancera.Reports.SalmonellaLog" name="RowsPerPage" time="0.0">
    <ignored/>
  </testcase> <!-- RowsPerPage -->
  <testcase classname="Test.Ancera.Reports.SalmonellaLog" name="PNGExport" time="0.0">
    <ignored/>
  </testcase> <!-- PNGExport -->
  <testcase classname="Test.Ancera.Reports.SalmonellaLog" name="TemplateExport" time="0.0">
    <ignored/>
  </testcase> <!-- TemplateExport -->
  <testcase classname="Test.Ancera.Reports.SalmonellaLog" name="Pagination" time="0.0">
    <ignored/>
  </testcase> <!-- Pagination -->
  <testcase classname="Test.Ancera.Reports.SalmonellaLog" name="FieldAccessView" time="0.0">
    <ignored/>
  </testcase> <!-- FieldAccessView -->
  <testcase classname="Test.Ancera.Reports.SalmonellaLog" name="DateLockFilter" time="0.0">
    <ignored/>
  </testcase> <!-- DateLockFilter -->
  <testcase classname="Test.Ancera.Reports.SalmonellaLog" name="wildcard" time="0.0">
    <ignored/>
  </testcase> <!-- wildcard -->
  <testcase classname="Test.Ancera.Reports.SalmonellaLog" name="SalmonellaLock" time="0.0">
    <ignored/>
  </testcase> <!-- SalmonellaLock -->
  <testcase classname="Test.Ancera.Reports.SalmonellaLog" name="TestFilter" time="0.0">
    <ignored/>
  </testcase> <!-- TestFilter -->
  <testcase classname="Test.Ancera.Reports.SalmonellaLog" name="CSVExport" time="0.0">
    <ignored/>
  </testcase> <!-- CSVExport -->
  <testcase classname="Test.Ancera.Reports.SalmonellaLog" name="Contexual" time="0.0">
    <ignored/>
  </testcase> <!-- Contexual -->
  <testcase classname="Test.Ancera.Reports.SalmonellaLog" name="Sorting" time="0.0">
    <ignored/>
  </testcase> <!-- Sorting -->
  <testcase classname="Test.Ancera.Reports.SalmonellaLog" name="SiteName" time="0.0">
    <ignored/>
  </testcase> <!-- SiteName -->
  <testcase classname="Test.Ancera.Reports.SalmonellaLog" name="CSVAuditExport" time="0.0">
    <ignored/>
  </testcase> <!-- CSVAuditExport -->
  <testcase classname="Test.Ancera.Reports.SalmonellaLog" name="AllignmentTest" time="0.0">
    <ignored/>
  </testcase> <!-- AllignmentTest -->
</testsuite> <!-- Default test -->
