<?xml version="1.0" encoding="UTF-8"?>
<!-- Generated by org.testng.reporters.JUnitXMLReporter -->
<testsuite ignored="15" hostname="DESKTOP-K0SFL7M" failures="0" tests="1" name="Default test" time="89.098" errors="0" timestamp="2021-12-07T14:13:49 PKT">
  <testcase classname="Test.Ancera.Administration.FlockRegistration" name="FlockValidation" time="61.367"/>
  <testcase classname="Test.Ancera.Administration.FlockRegistration" name="TestFilter" time="0.0">
    <ignored/>
  </testcase> <!-- TestFilter -->
  <testcase classname="Test.Ancera.Administration.FlockRegistration" name="CSVExport" time="0.0">
    <ignored/>
  </testcase> <!-- CSVExport -->
  <testcase classname="Test.Ancera.Administration.FlockRegistration" name="CSVAuditExport" time="0.0">
    <ignored/>
  </testcase> <!-- CSVAuditExport -->
  <testcase classname="Test.Ancera.Administration.FlockRegistration" name="CreateFlock" time="0.0">
    <ignored/>
  </testcase> <!-- CreateFlock -->
  <testcase classname="Test.Ancera.Administration.FlockRegistration" name="wildcard" time="0.0">
    <ignored/>
  </testcase> <!-- wildcard -->
  <testcase classname="Test.Ancera.Administration.FlockRegistration" name="Sorting" time="0.0">
    <ignored/>
  </testcase> <!-- Sorting -->
  <testcase classname="Test.Ancera.Administration.FlockRegistration" name="AllignmentTest" time="0.0">
    <ignored/>
  </testcase> <!-- AllignmentTest -->
  <testcase classname="Test.Ancera.Administration.FlockRegistration" name="TestFilterBulk" time="0.0">
    <ignored/>
  </testcase> <!-- TestFilterBulk -->
  <testcase classname="Test.Ancera.Administration.FlockRegistration" name="SortingBulk" time="0.0">
    <ignored/>
  </testcase> <!-- SortingBulk -->
  <testcase classname="Test.Ancera.Administration.FlockRegistration" name="NavigateFlock" time="0.0">
    <ignored/>
  </testcase> <!-- NavigateFlock -->
  <testcase classname="Test.Ancera.Administration.FlockRegistration" name="RowsPerPage" time="0.0">
    <ignored/>
  </testcase> <!-- RowsPerPage -->
  <testcase classname="Test.Ancera.Administration.FlockRegistration" name="FlockLock" time="0.0">
    <ignored/>
  </testcase> <!-- FlockLock -->
  <testcase classname="Test.Ancera.Administration.FlockRegistration" name="TemplateExport" time="0.0">
    <ignored/>
  </testcase> <!-- TemplateExport -->
  <testcase classname="Test.Ancera.Administration.FlockRegistration" name="EditFlock" time="0.0">
    <ignored/>
  </testcase> <!-- EditFlock -->
  <testcase classname="Test.Ancera.Administration.FlockRegistration" name="Pagination" time="0.0">
    <ignored/>
  </testcase> <!-- Pagination -->
</testsuite> <!-- Default test -->
