<?xml version="1.0" encoding="UTF-8"?>
<!-- Generated by org.testng.reporters.JUnitXMLReporter -->
<testsuite ignored="18" hostname="DESKTOP-K0SFL7M" failures="0" tests="1" name="Default test" time="45.696" errors="0" timestamp="2021-12-20T17:26:30 PKT">
  <testcase classname="Test.Ancera.Administration.UserManagement" name="ReportRole" time="17.921"/>
  <testcase classname="Test.Ancera.Administration.UserManagement" name="Wildcard" time="0.0">
    <ignored/>
  </testcase> <!-- Wildcard -->
  <testcase classname="Test.Ancera.Administration.UserManagement" name="VerifyEmail" time="0.0">
    <ignored/>
  </testcase> <!-- VerifyEmail -->
  <testcase classname="Test.Ancera.Administration.UserManagement" name="VerifyAgreementAccess" time="0.0">
    <ignored/>
  </testcase> <!-- VerifyAgreementAccess -->
  <testcase classname="Test.Ancera.Administration.UserManagement" name="VerifySitesAccess" time="0.0">
    <ignored/>
  </testcase> <!-- VerifySitesAccess -->
  <testcase classname="Test.Ancera.Administration.UserManagement" name="NavigateUM" time="0.0">
    <ignored/>
  </testcase> <!-- NavigateUM -->
  <testcase classname="Test.Ancera.Administration.UserManagement" name="UpdateUser" time="0.0">
    <ignored/>
  </testcase> <!-- UpdateUser -->
  <testcase classname="Test.Ancera.Administration.UserManagement" name="OpenPopup" time="0.0">
    <ignored/>
  </testcase> <!-- OpenPopup -->
  <testcase classname="Test.Ancera.Administration.UserManagement" name="VerifyUpdateUser" time="0.0">
    <ignored/>
  </testcase> <!-- VerifyUpdateUser -->
  <testcase classname="Test.Ancera.Administration.UserManagement" name="ResetPassword" time="0.0">
    <ignored/>
  </testcase> <!-- ResetPassword -->
  <testcase classname="Test.Ancera.Administration.UserManagement" name="VerifyReportRole" time="0.0">
    <ignored/>
  </testcase> <!-- VerifyReportRole -->
  <testcase classname="Test.Ancera.Administration.UserManagement" name="Lock" time="0.0">
    <ignored/>
  </testcase> <!-- Lock -->
  <testcase classname="Test.Ancera.Administration.UserManagement" name="MandatoryFieldCheck" time="0.0">
    <ignored/>
  </testcase> <!-- MandatoryFieldCheck -->
  <testcase classname="Test.Ancera.Administration.UserManagement" name="Sorting" time="0.0">
    <ignored/>
  </testcase> <!-- Sorting -->
  <testcase classname="Test.Ancera.Administration.UserManagement" name="ResetButton" time="0.0">
    <ignored/>
  </testcase> <!-- ResetButton -->
  <testcase classname="Test.Ancera.Administration.UserManagement" name="DeleteUser" time="0.0">
    <ignored/>
  </testcase> <!-- DeleteUser -->
  <testcase classname="Test.Ancera.Administration.UserManagement" name="CreateUser" time="0.0">
    <ignored/>
  </testcase> <!-- CreateUser -->
  <testcase classname="Test.Ancera.Administration.UserManagement" name="TestFilter" time="0.0">
    <ignored/>
  </testcase> <!-- TestFilter -->
  <testcase classname="Test.Ancera.Administration.UserManagement" name="CSVExport" time="0.0">
    <ignored/>
  </testcase> <!-- CSVExport -->
</testsuite> <!-- Default test -->
