<?xml version="1.0" encoding="UTF-8"?>
<!-- Generated by org.testng.reporters.JUnitXMLReporter -->
<testsuite ignored="2" hostname="DESKTOP-K0SFL7M" failures="0" tests="1" name="Default test" time="453.293" errors="0" timestamp="2021-06-21T16:08:36 PKT">
  <testcase classname="Test.Ancera.Reports.InstallationRun" name="installationRunConfig" time="432.914"/>
  <testcase classname="Test.Ancera.Reports.InstallationRun" name="Navigatesal" time="0.0">
    <ignored/>
  </testcase> <!-- Navigatesal -->
  <testcase classname="Test.Ancera.Reports.InstallationRun" name="NavigatePiperConfig" time="0.0">
    <ignored/>
  </testcase> <!-- NavigatePiperConfig -->
</testsuite> <!-- Default test -->
