<?xml version="1.0" encoding="UTF-8"?>
<!-- Generated by org.testng.reporters.JUnitXMLReporter -->
<testsuite hostname="LAPTOP-O6K4VQH7" ignored="14" name="Default test" tests="2" failures="1" timestamp="2021-01-08T11:49:33 PKT" time="55.938" errors="0">
  <testcase name="NavigateAgreementManagement" time="15.378" classname="Test.Ancera.Administration.AgreementManagement"/>
  <testcase name="AssignSelection" time="10.044" classname="Test.Ancera.Administration.AgreementManagement">
    <failure type="org.openqa.selenium.NoSuchElementException" message="no such element: Unable to locate element: {&amp;quot;method&amp;quot;:&amp;quot;xpath&amp;quot;,&amp;quot;selector&amp;quot;:&amp;quot;/html/body/app-root/div/app-manage-user-license-component/div[1]/div[3]/div/div[2]/div[1]/div[2]/div/div/ul/li/div/div[2]/label[1]&amp;quot;}
  (Session info: chrome=87.0.4280.88)
For documentation on this error, please visit: https://www.seleniumhq.org/exceptions/no_such_element.html
Build info: version: &amp;apos;3.141.59&amp;apos;, revision: &amp;apos;e82be7d358&amp;apos;, time: &amp;apos;2018-11-14T08:17:03&amp;apos;
System info: host: &amp;apos;LAPTOP-O6K4VQH7&amp;apos;, ip: &amp;apos;192.168.19.110&amp;apos;, os.name: &amp;apos;Windows 10&amp;apos;, os.arch: &amp;apos;amd64&amp;apos;, os.version: &amp;apos;10.0&amp;apos;, java.version: &amp;apos;1.8.0_231&amp;apos;
Driver info: org.openqa.selenium.chrome.ChromeDriver
Capabilities {acceptInsecureCerts: false, browserName: chrome, browserVersion: 87.0.4280.88, chrome: {chromedriverVersion: 86.0.4240.22 (398b0743353ff..., userDataDir: C:\Users\MUHAMM~1\AppData\L...}, goog:chromeOptions: {debuggerAddress: localhost:50642}, javascriptEnabled: true, networkConnectionEnabled: false, pageLoadStrategy: normal, platform: WINDOWS, platformName: WINDOWS, proxy: Proxy(), setWindowRect: true, strictFileInteractability: false, timeouts: {implicit: 0, pageLoad: 300000, script: 30000}, unhandledPromptBehavior: dismiss and notify, webauthn:virtualAuthenticators: true}
Session ID: 1cf7289c97d5c70751ae94c374b9e5b8
*** Element info: {Using=xpath, value=/html/body/app-root/div/app-manage-user-license-component/div[1]/div[3]/div/div[2]/div[1]/div[2]/div/div/ul/li/div/div[2]/label[1]}">
      <![CDATA[org.openqa.selenium.NoSuchElementException: no such element: Unable to locate element: {"method":"xpath","selector":"/html/body/app-root/div/app-manage-user-license-component/div[1]/div[3]/div/div[2]/div[1]/div[2]/div/div/ul/li/div/div[2]/label[1]"}
  (Session info: chrome=87.0.4280.88)
For documentation on this error, please visit: https://www.seleniumhq.org/exceptions/no_such_element.html
Build info: version: '3.141.59', revision: 'e82be7d358', time: '2018-11-14T08:17:03'
System info: host: 'LAPTOP-O6K4VQH7', ip: '192.168.19.110', os.name: 'Windows 10', os.arch: 'amd64', os.version: '10.0', java.version: '1.8.0_231'
Driver info: org.openqa.selenium.chrome.ChromeDriver
Capabilities {acceptInsecureCerts: false, browserName: chrome, browserVersion: 87.0.4280.88, chrome: {chromedriverVersion: 86.0.4240.22 (398b0743353ff..., userDataDir: C:\Users\MUHAMM~1\AppData\L...}, goog:chromeOptions: {debuggerAddress: localhost:50642}, javascriptEnabled: true, networkConnectionEnabled: false, pageLoadStrategy: normal, platform: WINDOWS, platformName: WINDOWS, proxy: Proxy(), setWindowRect: true, strictFileInteractability: false, timeouts: {implicit: 0, pageLoad: 300000, script: 30000}, unhandledPromptBehavior: dismiss and notify, webauthn:virtualAuthenticators: true}
Session ID: 1cf7289c97d5c70751ae94c374b9e5b8
*** Element info: {Using=xpath, value=/html/body/app-root/div/app-manage-user-license-component/div[1]/div[3]/div/div[2]/div[1]/div[2]/div/div/ul/li/div/div[2]/label[1]}
at sun.reflect.NativeConstructorAccessorImpl.newInstance0(Native Method)
at sun.reflect.NativeConstructorAccessorImpl.newInstance(NativeConstructorAccessorImpl.java:62)
at sun.reflect.DelegatingConstructorAccessorImpl.newInstance(DelegatingConstructorAccessorImpl.java:45)
at java.lang.reflect.Constructor.newInstance(Constructor.java:423)
at org.openqa.selenium.remote.http.W3CHttpResponseCodec.createException(W3CHttpResponseCodec.java:187)
at org.openqa.selenium.remote.http.W3CHttpResponseCodec.decode(W3CHttpResponseCodec.java:122)
at org.openqa.selenium.remote.http.W3CHttpResponseCodec.decode(W3CHttpResponseCodec.java:49)
at org.openqa.selenium.remote.HttpCommandExecutor.execute(HttpCommandExecutor.java:158)
at org.openqa.selenium.remote.service.DriverCommandExecutor.execute(DriverCommandExecutor.java:83)
at org.openqa.selenium.remote.RemoteWebDriver.execute(RemoteWebDriver.java:552)
at org.openqa.selenium.remote.RemoteWebDriver.findElement(RemoteWebDriver.java:323)
at org.openqa.selenium.remote.RemoteWebDriver.findElementByXPath(RemoteWebDriver.java:428)
at org.openqa.selenium.By$ByXPath.findElement(By.java:353)
at org.openqa.selenium.remote.RemoteWebDriver.findElement(RemoteWebDriver.java:315)
at Test.Ancera.Administration.AgreementManagement.AssignSelection(AgreementManagement.java:602)
at sun.reflect.NativeMethodAccessorImpl.invoke0(Native Method)
at sun.reflect.NativeMethodAccessorImpl.invoke(NativeMethodAccessorImpl.java:62)
at sun.reflect.DelegatingMethodAccessorImpl.invoke(DelegatingMethodAccessorImpl.java:43)
at java.lang.reflect.Method.invoke(Method.java:498)
at org.testng.internal.MethodInvocationHelper.invokeMethod(MethodInvocationHelper.java:135)
at org.testng.internal.TestInvoker.invokeMethod(TestInvoker.java:598)
at org.testng.internal.TestInvoker.invokeTestMethod(TestInvoker.java:174)
at org.testng.internal.MethodRunner.runInSequence(MethodRunner.java:46)
at org.testng.internal.TestInvoker$MethodInvocationAgent.invoke(TestInvoker.java:821)
at org.testng.internal.TestInvoker.invokeTestMethods(TestInvoker.java:147)
at org.testng.internal.TestMethodWorker.invokeTestMethods(TestMethodWorker.java:146)
at org.testng.internal.TestMethodWorker.run(TestMethodWorker.java:128)
at java.util.ArrayList.forEach(ArrayList.java:1257)
at org.testng.TestRunner.privateRun(TestRunner.java:767)
at org.testng.TestRunner.run(TestRunner.java:588)
at org.testng.SuiteRunner.runTest(SuiteRunner.java:384)
at org.testng.SuiteRunner.runSequentially(SuiteRunner.java:378)
at org.testng.SuiteRunner.privateRun(SuiteRunner.java:337)
at org.testng.SuiteRunner.run(SuiteRunner.java:286)
at org.testng.SuiteRunnerWorker.runSuite(SuiteRunnerWorker.java:53)
at org.testng.SuiteRunnerWorker.run(SuiteRunnerWorker.java:96)
at org.testng.TestNG.runSuitesSequentially(TestNG.java:1214)
at org.testng.TestNG.runSuitesLocally(TestNG.java:1136)
at org.testng.TestNG.runSuites(TestNG.java:1066)
at org.testng.TestNG.run(TestNG.java:1034)
at org.testng.remote.AbstractRemoteTestNG.run(AbstractRemoteTestNG.java:115)
at org.testng.remote.RemoteTestNG.initAndRun(RemoteTestNG.java:251)
at org.testng.remote.RemoteTestNG.main(RemoteTestNG.java:77)
]]>
    </failure>
  </testcase> <!-- AssignSelection -->
  <testcase name="VerifyReactivateFile" time="0.0" classname="Test.Ancera.Administration.AgreementManagement">
    <ignored/>
  </testcase> <!-- VerifyReactivateFile -->
  <testcase name="LicenseUpload" time="0.0" classname="Test.Ancera.Administration.AgreementManagement">
    <ignored/>
  </testcase> <!-- LicenseUpload -->
  <testcase name="ReactivateFile" time="0.0" classname="Test.Ancera.Administration.AgreementManagement">
    <ignored/>
  </testcase> <!-- ReactivateFile -->
  <testcase name="ViewFile" time="0.0" classname="Test.Ancera.Administration.AgreementManagement">
    <ignored/>
  </testcase> <!-- ViewFile -->
  <testcase name="VerifyUploadFile" time="0.0" classname="Test.Ancera.Administration.AgreementManagement">
    <ignored/>
  </testcase> <!-- VerifyUploadFile -->
  <testcase name="User" time="0.0" classname="Test.Ancera.Administration.AgreementManagement">
    <ignored/>
  </testcase> <!-- User -->
  <testcase name="Organization" time="0.0" classname="Test.Ancera.Administration.AgreementManagement">
    <ignored/>
  </testcase> <!-- Organization -->
  <testcase name="DeleteFromFile" time="0.0" classname="Test.Ancera.Administration.AgreementManagement">
    <ignored/>
  </testcase> <!-- DeleteFromFile -->
  <testcase name="VerifyDeactivateFile" time="0.0" classname="Test.Ancera.Administration.AgreementManagement">
    <ignored/>
  </testcase> <!-- VerifyDeactivateFile -->
  <testcase name="InvalidSelection" time="0.0" classname="Test.Ancera.Administration.AgreementManagement">
    <ignored/>
  </testcase> <!-- InvalidSelection -->
  <testcase name="DeactivateFile" time="0.0" classname="Test.Ancera.Administration.AgreementManagement">
    <ignored/>
  </testcase> <!-- DeactivateFile -->
  <testcase name="SearchUser" time="0.0" classname="Test.Ancera.Administration.AgreementManagement">
    <ignored/>
  </testcase> <!-- SearchUser -->
  <testcase name="DeleteFromGrid" time="0.0" classname="Test.Ancera.Administration.AgreementManagement">
    <ignored/>
  </testcase> <!-- DeleteFromGrid -->
  <testcase name="RenameFile" time="0.0" classname="Test.Ancera.Administration.AgreementManagement">
    <ignored/>
  </testcase> <!-- RenameFile -->
</testsuite> <!-- Default test -->
