<?xml version="1.0" encoding="UTF-8"?>
<!-- Generated by org.testng.reporters.JUnitXMLReporter -->
<testsuite ignored="13" hostname="DESKTOP-K0SFL7M" failures="0" tests="1" name="Default test" time="60.029" errors="0" timestamp="2022-05-24T12:53:41 PKT">
  <testcase classname="Test.Ancera.Administration.ProgramManagement" name="WildcardVaccine" time="44.957"/>
  <testcase classname="Test.Ancera.Administration.ProgramManagement" name="ExportFeedCSV" time="0.0">
    <ignored/>
  </testcase> <!-- ExportFeedCSV -->
  <testcase classname="Test.Ancera.Administration.ProgramManagement" name="navigate" time="0.0">
    <ignored/>
  </testcase> <!-- navigate -->
  <testcase classname="Test.Ancera.Administration.ProgramManagement" name="sortingFeed" time="0.0">
    <ignored/>
  </testcase> <!-- sortingFeed -->
  <testcase classname="Test.Ancera.Administration.ProgramManagement" name="UpdateProgramVaccine" time="0.0">
    <ignored/>
  </testcase> <!-- UpdateProgramVaccine -->
  <testcase classname="Test.Ancera.Administration.ProgramManagement" name="DeleteProgramFeed" time="0.0">
    <ignored/>
  </testcase> <!-- DeleteProgramFeed -->
  <testcase classname="Test.Ancera.Administration.ProgramManagement" name="ExportVaccineCSV" time="0.0">
    <ignored/>
  </testcase> <!-- ExportVaccineCSV -->
  <testcase classname="Test.Ancera.Administration.ProgramManagement" name="LockFeed" time="0.0">
    <ignored/>
  </testcase> <!-- LockFeed -->
  <testcase classname="Test.Ancera.Administration.ProgramManagement" name="CreateProgramVaccine" time="0.0">
    <ignored/>
  </testcase> <!-- CreateProgramVaccine -->
  <testcase classname="Test.Ancera.Administration.ProgramManagement" name="UpdateProgramFeed" time="0.0">
    <ignored/>
  </testcase> <!-- UpdateProgramFeed -->
  <testcase classname="Test.Ancera.Administration.ProgramManagement" name="DeleteProgramVaccine" time="0.0">
    <ignored/>
  </testcase> <!-- DeleteProgramVaccine -->
  <testcase classname="Test.Ancera.Administration.ProgramManagement" name="LockVaccine" time="0.0">
    <ignored/>
  </testcase> <!-- LockVaccine -->
  <testcase classname="Test.Ancera.Administration.ProgramManagement" name="sortingVaccine" time="0.0">
    <ignored/>
  </testcase> <!-- sortingVaccine -->
  <testcase classname="Test.Ancera.Administration.ProgramManagement" name="CreateProgramFeed" time="0.0">
    <ignored/>
  </testcase> <!-- CreateProgramFeed -->
</testsuite> <!-- Default test -->
