<?xml version="1.0" encoding="UTF-8"?>
<!-- Generated by org.testng.reporters.JUnitXMLReporter -->
<testsuite ignored="1" hostname="DESKTOP-K0SFL7M" failures="0" tests="1" name="Default test" time="121.783" errors="0" timestamp="2021-09-28T13:18:17 PKT">
  <testcase classname="Test.Ancera.Reports.PAConfig" name="PAConfigurationTesttttttttttttt" time="100.467"/>
  <testcase classname="Test.Ancera.Reports.PAConfig" name="PAConfiguration" time="0.0">
    <ignored/>
  </testcase> <!-- PAConfiguration -->
</testsuite> <!-- Default test -->
