<?xml version="1.0" encoding="UTF-8"?>
<!-- Generated by org.testng.reporters.JUnitXMLReporter -->
<testsuite hostname="LAPTOP-O6K4VQH7" ignored="15" name="Default test" tests="2" failures="0" timestamp="2021-01-11T15:55:43 PKT" time="108.579" errors="0">
  <testcase name="NavigateAgreementManagement" time="15.301" classname="Test.Ancera.Administration.AgreementManagement"/>
  <testcase name="DeactivateAssignAgreement" time="69.752" classname="Test.Ancera.Administration.AgreementManagement"/>
  <testcase name="VerifyReactivateFile" time="0.0" classname="Test.Ancera.Administration.AgreementManagement">
    <ignored/>
  </testcase> <!-- VerifyReactivateFile -->
  <testcase name="LicenseUpload" time="0.0" classname="Test.Ancera.Administration.AgreementManagement">
    <ignored/>
  </testcase> <!-- LicenseUpload -->
  <testcase name="ReactivateFile" time="0.0" classname="Test.Ancera.Administration.AgreementManagement">
    <ignored/>
  </testcase> <!-- ReactivateFile -->
  <testcase name="ViewFile" time="0.0" classname="Test.Ancera.Administration.AgreementManagement">
    <ignored/>
  </testcase> <!-- ViewFile -->
  <testcase name="VerifyUploadFile" time="0.0" classname="Test.Ancera.Administration.AgreementManagement">
    <ignored/>
  </testcase> <!-- VerifyUploadFile -->
  <testcase name="Organization" time="0.0" classname="Test.Ancera.Administration.AgreementManagement">
    <ignored/>
  </testcase> <!-- Organization -->
  <testcase name="User" time="0.0" classname="Test.Ancera.Administration.AgreementManagement">
    <ignored/>
  </testcase> <!-- User -->
  <testcase name="DeleteFromFile" time="0.0" classname="Test.Ancera.Administration.AgreementManagement">
    <ignored/>
  </testcase> <!-- DeleteFromFile -->
  <testcase name="VerifyDeactivateFile" time="0.0" classname="Test.Ancera.Administration.AgreementManagement">
    <ignored/>
  </testcase> <!-- VerifyDeactivateFile -->
  <testcase name="InvalidSelection" time="0.0" classname="Test.Ancera.Administration.AgreementManagement">
    <ignored/>
  </testcase> <!-- InvalidSelection -->
  <testcase name="DeactivateFile" time="0.0" classname="Test.Ancera.Administration.AgreementManagement">
    <ignored/>
  </testcase> <!-- DeactivateFile -->
  <testcase name="VerifyAssignAgreement" time="0.0" classname="Test.Ancera.Administration.AgreementManagement">
    <ignored/>
  </testcase> <!-- VerifyAssignAgreement -->
  <testcase name="SearchUser" time="0.0" classname="Test.Ancera.Administration.AgreementManagement">
    <ignored/>
  </testcase> <!-- SearchUser -->
  <testcase name="DeleteFromGrid" time="0.0" classname="Test.Ancera.Administration.AgreementManagement">
    <ignored/>
  </testcase> <!-- DeleteFromGrid -->
  <testcase name="RenameFile" time="0.0" classname="Test.Ancera.Administration.AgreementManagement">
    <ignored/>
  </testcase> <!-- RenameFile -->
</testsuite> <!-- Default test -->
