<?xml version="1.0" encoding="UTF-8"?>
<!-- Generated by org.testng.reporters.JUnitXMLReporter -->
<testsuite hostname="LAPTOP-O6K4VQH7" ignored="14" name="Default test" tests="2" failures="1" timestamp="2021-02-02T14:55:25 PKT" time="147.727" errors="0">
  <testcase name="NavigateSalmonella" time="47.895" classname="Test.Ancera.Reports.SalmonellaLog"/>
  <testcase name="Sorting1" time="45.217" classname="Test.Ancera.Reports.SalmonellaLog">
    <failure type="java.lang.Exception" message="java.lang.AssertionError: expected [true] but found [false]">
      <![CDATA[java.lang.Exception: java.lang.AssertionError: expected [true] but found [false]
at Test.Ancera.Reports.SalmonellaLog.Sorting1(SalmonellaLog.java:1969)
at sun.reflect.NativeMethodAccessorImpl.invoke0(Native Method)
at sun.reflect.NativeMethodAccessorImpl.invoke(NativeMethodAccessorImpl.java:62)
at sun.reflect.DelegatingMethodAccessorImpl.invoke(DelegatingMethodAccessorImpl.java:43)
at java.lang.reflect.Method.invoke(Method.java:498)
at org.testng.internal.MethodInvocationHelper.invokeMethod(MethodInvocationHelper.java:135)
at org.testng.internal.TestInvoker.invokeMethod(TestInvoker.java:598)
at org.testng.internal.TestInvoker.invokeTestMethod(TestInvoker.java:174)
at org.testng.internal.MethodRunner.runInSequence(MethodRunner.java:46)
at org.testng.internal.TestInvoker$MethodInvocationAgent.invoke(TestInvoker.java:821)
at org.testng.internal.TestInvoker.invokeTestMethods(TestInvoker.java:147)
at org.testng.internal.TestMethodWorker.invokeTestMethods(TestMethodWorker.java:146)
at org.testng.internal.TestMethodWorker.run(TestMethodWorker.java:128)
at java.util.ArrayList.forEach(ArrayList.java:1257)
at org.testng.TestRunner.privateRun(TestRunner.java:767)
at org.testng.TestRunner.run(TestRunner.java:588)
at org.testng.SuiteRunner.runTest(SuiteRunner.java:384)
at org.testng.SuiteRunner.runSequentially(SuiteRunner.java:378)
at org.testng.SuiteRunner.privateRun(SuiteRunner.java:337)
at org.testng.SuiteRunner.run(SuiteRunner.java:286)
at org.testng.SuiteRunnerWorker.runSuite(SuiteRunnerWorker.java:53)
at org.testng.SuiteRunnerWorker.run(SuiteRunnerWorker.java:96)
at org.testng.TestNG.runSuitesSequentially(TestNG.java:1214)
at org.testng.TestNG.runSuitesLocally(TestNG.java:1136)
at org.testng.TestNG.runSuites(TestNG.java:1066)
at org.testng.TestNG.run(TestNG.java:1034)
at org.testng.remote.AbstractRemoteTestNG.run(AbstractRemoteTestNG.java:115)
at org.testng.remote.RemoteTestNG.initAndRun(RemoteTestNG.java:251)
at org.testng.remote.RemoteTestNG.main(RemoteTestNG.java:77)
Caused by: java.lang.AssertionError: expected [true] but found [false]
at org.testng.Assert.fail(Assert.java:97)
at org.testng.Assert.failNotEquals(Assert.java:968)
at org.testng.Assert.assertTrue(Assert.java:43)
at org.testng.Assert.assertTrue(Assert.java:53)
at Test.Ancera.Reports.SalmonellaLog.Sorting1(SalmonellaLog.java:1960)
... 28 more
]]>
    </failure>
  </testcase> <!-- Sorting1 -->
  <testcase name="RunAPI" time="0.0" classname="Test.Ancera.Reports.SalmonellaLog">
    <ignored/>
  </testcase> <!-- RunAPI -->
  <testcase name="DateFilter" time="0.0" classname="Test.Ancera.Reports.SalmonellaLog">
    <ignored/>
  </testcase> <!-- DateFilter -->
  <testcase name="TestFilters" time="0.0" classname="Test.Ancera.Reports.SalmonellaLog">
    <ignored/>
  </testcase> <!-- TestFilters -->
  <testcase name="RowsPerPage" time="0.0" classname="Test.Ancera.Reports.SalmonellaLog">
    <ignored/>
  </testcase> <!-- RowsPerPage -->
  <testcase name="PNGExport" time="0.0" classname="Test.Ancera.Reports.SalmonellaLog">
    <ignored/>
  </testcase> <!-- PNGExport -->
  <testcase name="ResetFilter" time="0.0" classname="Test.Ancera.Reports.SalmonellaLog">
    <ignored/>
  </testcase> <!-- ResetFilter -->
  <testcase name="TemplateExport" time="0.0" classname="Test.Ancera.Reports.SalmonellaLog">
    <ignored/>
  </testcase> <!-- TemplateExport -->
  <testcase name="Pagination" time="0.0" classname="Test.Ancera.Reports.SalmonellaLog">
    <ignored/>
  </testcase> <!-- Pagination -->
  <testcase name="DateLockFilter" time="0.0" classname="Test.Ancera.Reports.SalmonellaLog">
    <ignored/>
  </testcase> <!-- DateLockFilter -->
  <testcase name="SalmonellaLock" time="0.0" classname="Test.Ancera.Reports.SalmonellaLog">
    <ignored/>
  </testcase> <!-- SalmonellaLock -->
  <testcase name="CSVExport" time="0.0" classname="Test.Ancera.Reports.SalmonellaLog">
    <ignored/>
  </testcase> <!-- CSVExport -->
  <testcase name="Sorting" time="0.0" classname="Test.Ancera.Reports.SalmonellaLog">
    <ignored/>
  </testcase> <!-- Sorting -->
  <testcase name="TestFilters111" time="0.0" classname="Test.Ancera.Reports.SalmonellaLog">
    <ignored/>
  </testcase> <!-- TestFilters111 -->
  <testcase name="EnterDate" time="0.0" classname="Test.Ancera.Reports.SalmonellaLog">
    <ignored/>
  </testcase> <!-- EnterDate -->
</testsuite> <!-- Default test -->
