<?xml version="1.0" encoding="UTF-8"?>
<!-- Generated by org.testng.reporters.JUnitXMLReporter -->
<testsuite ignored="16" hostname="APL-LHR-JA0201" failures="0" tests="1" name="Default test" time="182.679" errors="0" timestamp="2022-10-19T12:52:34 PKT">
  <testcase classname="Test.Ancera.Reports.CoccidiaLog" name="TemplateExport" time="152.152"/>
  <testcase classname="Test.Ancera.Reports.CoccidiaLog" name="PaginationCocci" time="0.0">
    <ignored/>
  </testcase> <!-- PaginationCocci -->
  <testcase classname="Test.Ancera.Reports.CoccidiaLog" name="LockFilter" time="0.0">
    <ignored/>
  </testcase> <!-- LockFilter -->
  <testcase classname="Test.Ancera.Reports.CoccidiaLog" name="RowsPerPage" time="0.0">
    <ignored/>
  </testcase> <!-- RowsPerPage -->
  <testcase classname="Test.Ancera.Reports.CoccidiaLog" name="FieldAccess" time="0.0">
    <ignored/>
  </testcase> <!-- FieldAccess -->
  <testcase classname="Test.Ancera.Reports.CoccidiaLog" name="NavigateCoccidia" time="0.0">
    <ignored/>
  </testcase> <!-- NavigateCoccidia -->
  <testcase classname="Test.Ancera.Reports.CoccidiaLog" name="DateFilter" time="0.0">
    <ignored/>
  </testcase> <!-- DateFilter -->
  <testcase classname="Test.Ancera.Reports.CoccidiaLog" name="CSVAuditExport" time="0.0">
    <ignored/>
  </testcase> <!-- CSVAuditExport -->
  <testcase classname="Test.Ancera.Reports.CoccidiaLog" name="AllignmentTest" time="0.0">
    <ignored/>
  </testcase> <!-- AllignmentTest -->
  <testcase classname="Test.Ancera.Reports.CoccidiaLog" name="SiteName" time="0.0">
    <ignored/>
  </testcase> <!-- SiteName -->
  <testcase classname="Test.Ancera.Reports.CoccidiaLog" name="PNGExport" time="0.0">
    <ignored/>
  </testcase> <!-- PNGExport -->
  <testcase classname="Test.Ancera.Reports.CoccidiaLog" name="WildcardCocci" time="0.0">
    <ignored/>
  </testcase> <!-- WildcardCocci -->
  <testcase classname="Test.Ancera.Reports.CoccidiaLog" name="FilterSorting" time="0.0">
    <ignored/>
  </testcase> <!-- FilterSorting -->
  <testcase classname="Test.Ancera.Reports.CoccidiaLog" name="DateLockFilter" time="0.0">
    <ignored/>
  </testcase> <!-- DateLockFilter -->
  <testcase classname="Test.Ancera.Reports.CoccidiaLog" name="CSVExport" time="0.0">
    <ignored/>
  </testcase> <!-- CSVExport -->
  <testcase classname="Test.Ancera.Reports.CoccidiaLog" name="Contexual" time="0.0">
    <ignored/>
  </testcase> <!-- Contexual -->
  <testcase classname="Test.Ancera.Reports.CoccidiaLog" name="FieldAccessResetDefault" time="0.0">
    <ignored/>
  </testcase> <!-- FieldAccessResetDefault -->
</testsuite> <!-- Default test -->
