<?xml version="1.0" encoding="UTF-8"?>
<!-- Generated by org.testng.reporters.JUnitXMLReporter -->
<testsuite ignored="1" hostname="DESKTOP-K0SFL7M" failures="0" tests="1" name="Default test" time="3.518" errors="0" timestamp="2021-08-24T12:12:49 PKT">
  <testcase classname="Test.Ancera.Reports.RawImageCoccidia" name="RawImagfdeCocci" time="3.485"/>
  <testcase classname="Test.Ancera.Reports.RawImageCoccidia" name="RawImageCocci" time="0.0">
    <ignored/>
  </testcase> <!-- RawImageCocci -->
</testsuite> <!-- Default test -->
