<?xml version="1.0" encoding="UTF-8"?>
<!-- Generated by org.testng.reporters.JUnitXMLReporter -->
<testsuite ignored="0" hostname="APL-LHR-JA0201" failures="3" tests="23" name="Test" time="252.549" errors="0" timestamp="2022-12-28T11:22:35 PKT">
  <testcase classname="Test.Ancera.Administration.BarcodeManagement" name="Login" time="4.745"/>
  <testcase classname="Test.Ancera.MetaData.DataTemplateManagement" name="Login" time="4.373"/>
  <testcase classname="Test.Ancera.Administration.BarcodeManagement" name="NavigateBarcodeManagement" time="14.321"/>
  <testcase classname="Test.Ancera.MetaData.DataTemplateManagement" name="Navigate" time="17.025"/>
  <testcase classname="Test.Ancera.MetaData.DataTemplateManagement" name="ResetFieldCheck" time="7.151"/>
  <testcase classname="Test.Ancera.Administration.BarcodeManagement" name="AssignedSiteAppearance" time="21.723">
    <failure type="java.lang.Error" message="Unresolved compilation problems: 
	The method getDriver() is undefined for the type UserManagementModel
	The method getDriver() is undefined for the type UserManagementModel
	The method getDriver() is undefined for the type UserManagementModel
	The method getDriver() is undefined for the type UserManagementModel
	The method getDriver() is undefined for the type UserManagementModel
	The method getDriver() is undefined for the type UserManagementModel
	The method getDriver() is undefined for the type UserManagementModel
">
      <![CDATA[java.lang.Error: Unresolved compilation problems: 
The method getDriver() is undefined for the type UserManagementModel
The method getDriver() is undefined for the type UserManagementModel
The method getDriver() is undefined for the type UserManagementModel
The method getDriver() is undefined for the type UserManagementModel
The method getDriver() is undefined for the type UserManagementModel
The method getDriver() is undefined for the type UserManagementModel
The method getDriver() is undefined for the type UserManagementModel

at Models.UserManagementModel.openEditUserPopup(UserManagementModel.java:24)
at Test.Ancera.Administration.BarcodeManagement.AssignedSiteAppearance(BarcodeManagement.java:67)
at java.base/java.util.concurrent.ThreadPoolExecutor.runWorker(ThreadPoolExecutor.java:1130)
at java.base/java.util.concurrent.ThreadPoolExecutor$Worker.run(ThreadPoolExecutor.java:630)
at java.base/java.lang.Thread.run(Thread.java:832)
... Removed 12 stack frames]]>
    </failure>
  </testcase> <!-- AssignedSiteAppearance -->
  <testcase classname="Test.Ancera.MetaData.DataTemplateManagement" name="ClmResetFieldCheck" time="4.989"/>
  <testcase classname="Test.Ancera.Administration.BarcodeManagement" name="FilterFunctionality" time="17.641"/>
  <testcase classname="Test.Ancera.Administration.BarcodeManagement" name="ErrorOpeningPrintScreen" time="2.059"/>
  <testcase classname="Test.Ancera.Administration.BarcodeManagement" name="OpenPrintScreen" time="9.349"/>
  <testcase classname="Test.Ancera.MetaData.DataTemplateManagement" name="MandatoryFieldCheck" time="49.619"/>
  <testcase classname="Test.Ancera.MetaData.DataTemplateManagement" name="CreateTemplate" time="26.702"/>
  <testcase classname="Test.Ancera.MetaData.DataTemplateManagement" name="UpdateTemplateColumn" time="8.132"/>
  <testcase classname="Test.Ancera.MetaData.DataTemplateManagement" name="DeleteColumnTemplate" time="3.154"/>
  <testcase classname="Test.Ancera.MetaData.DataTemplateManagement" name="UpdateTemplate" time="12.64"/>
  <testcase classname="Test.Ancera.MetaData.DataTemplateManagement" name="ExportTemplate" time="9.588"/>
  <testcase classname="Test.Ancera.MetaData.DataTemplateManagement" name="IdentificationColumnTest" time="15.853"/>
  <testcase classname="Test.Ancera.MetaData.DataTemplateManagement" name="InActivateTemplate" time="24.616"/>
  <testcase classname="Test.Ancera.MetaData.DataTemplateManagement" name="DeleteTemplate" time="12.145"/>
  <testcase classname="Test.Ancera.MetaData.DataTemplateManagement" name="EndOfFlockColumnsVerification" time="12.265">
    <failure type="java.lang.NumberFormatException" message="For input string: &amp;quot;&amp;quot;">
      <![CDATA[java.lang.NumberFormatException: For input string: ""
at java.base/java.lang.NumberFormatException.forInputString(NumberFormatException.java:68)
at java.base/java.lang.Integer.parseInt(Integer.java:662)
at java.base/java.lang.Integer.parseInt(Integer.java:770)
at Test.Ancera.MetaData.DataTemplateManagement.EndOfFlockColumnsVerification(DataTemplateManagement.java:832)
at java.base/java.util.concurrent.ThreadPoolExecutor.runWorker(ThreadPoolExecutor.java:1130)
at java.base/java.util.concurrent.ThreadPoolExecutor$Worker.run(ThreadPoolExecutor.java:630)
at java.base/java.lang.Thread.run(Thread.java:832)
... Removed 12 stack frames]]>
    </failure>
  </testcase> <!-- EndOfFlockColumnsVerification -->
  <testcase classname="Test.Ancera.MetaData.DataTemplateManagement" name="VerifyClientMappingPopup" time="2.041"/>
  <testcase classname="Test.Ancera.MetaData.DataTemplateManagement" name="VerifyClientMappingList" time="0.006">
    <failure type="java.lang.Error" message="Unresolved compilation problems: 
	The method getDriver() is undefined for the type UserManagementModel
	The method getDriver() is undefined for the type UserManagementModel
	The method getDriver() is undefined for the type UserManagementModel
	The method getDriver() is undefined for the type UserManagementModel
	The method getDriver() is undefined for the type UserManagementModel
	The method getDriver() is undefined for the type UserManagementModel
	The method getDriver() is undefined for the type UserManagementModel
">
      <![CDATA[java.lang.Error: Unresolved compilation problems: 
The method getDriver() is undefined for the type UserManagementModel
The method getDriver() is undefined for the type UserManagementModel
The method getDriver() is undefined for the type UserManagementModel
The method getDriver() is undefined for the type UserManagementModel
The method getDriver() is undefined for the type UserManagementModel
The method getDriver() is undefined for the type UserManagementModel
The method getDriver() is undefined for the type UserManagementModel

at Models.UserManagementModel.openEditUserPopup(UserManagementModel.java:24)
at Test.Ancera.MetaData.DataTemplateManagement.VerifyClientMappingList(DataTemplateManagement.java:943)
at java.base/java.util.concurrent.ThreadPoolExecutor.runWorker(ThreadPoolExecutor.java:1130)
at java.base/java.util.concurrent.ThreadPoolExecutor$Worker.run(ThreadPoolExecutor.java:630)
at java.base/java.lang.Thread.run(Thread.java:832)
... Removed 12 stack frames]]>
    </failure>
  </testcase> <!-- VerifyClientMappingList -->
  <testcase classname="Test.Ancera.MetaData.DataTemplateManagement" name="VerifyClientUploadScreen" time="14.214"/>
</testsuite> <!-- Test -->
