<?xml version="1.0" encoding="UTF-8"?>
<!-- Generated by org.testng.reporters.JUnitXMLReporter -->
<testsuite ignored="0" hostname="APL-LHR-JA0201" failures="0" tests="21" name="Test" time="446.843" errors="0" timestamp="2022-12-30T17:25:59 PKT">
  <testcase classname="Test.Ancera.MetaData.DataTemplateManagement" name="Navigate" time="13.633"/>
  <testcase classname="Test.Ancera.MetaData.DataTemplateManagement" name="ResetFieldCheck" time="6.258"/>
  <testcase classname="Test.Ancera.MetaData.DataTemplateManagement" name="ClmResetFieldCheck" time="4.191"/>
  <testcase classname="Test.Ancera.Administration.BarcodeManagement" name="NavigateBarcodeManagement" time="22.208"/>
  <testcase classname="Test.Ancera.MetaData.DataTemplateManagement" name="MandatoryFieldCheck" time="46.665"/>
  <testcase classname="Test.Ancera.MetaData.DataTemplateManagement" name="CreateTemplate" time="22.869"/>
  <testcase classname="Test.Ancera.MetaData.DataTemplateManagement" name="UpdateTemplateColumn" time="6.758"/>
  <testcase classname="Test.Ancera.MetaData.DataTemplateManagement" name="DeleteColumnTemplate" time="2.482"/>
  <testcase classname="Test.Ancera.MetaData.DataTemplateManagement" name="UpdateTemplate" time="11.09"/>
  <testcase classname="Test.Ancera.MetaData.DataTemplateManagement" name="ExportTemplate" time="8.084"/>
  <testcase classname="Test.Ancera.Administration.BarcodeManagement" name="AssignedSiteAppearance" time="112.283"/>
  <testcase classname="Test.Ancera.MetaData.DataTemplateManagement" name="IdentificationColumnTest" time="44.521"/>
  <testcase classname="Test.Ancera.MetaData.DataTemplateManagement" name="InActivateTemplate" time="24.99"/>
  <testcase classname="Test.Ancera.Administration.BarcodeManagement" name="FilterFunctionality" time="33.655"/>
  <testcase classname="Test.Ancera.Administration.BarcodeManagement" name="ErrorOpeningPrintScreen" time="1.612"/>
  <testcase classname="Test.Ancera.Administration.BarcodeManagement" name="OpenPrintScreen" time="8.727"/>
  <testcase classname="Test.Ancera.MetaData.DataTemplateManagement" name="DeleteTemplate" time="17.895"/>
  <testcase classname="Test.Ancera.MetaData.DataTemplateManagement" name="EndOfFlockColumnsVerification" time="28.839"/>
  <testcase classname="Test.Ancera.MetaData.DataTemplateManagement" name="VerifyClientMappingPopup" time="1.783"/>
  <testcase classname="Test.Ancera.MetaData.DataTemplateManagement" name="VerifyClientMappingList" time="108.815"/>
  <testcase classname="Test.Ancera.MetaData.DataTemplateManagement" name="VerifyClientUploadScreen" time="77.22"/>
</testsuite> <!-- Test -->
