<?xml version="1.0" encoding="UTF-8"?>
<testng-results skipped="0" failed="0" ignored="10" total="12" passed="2">
  <reporter-output>
  </reporter-output>
  <suite name="Default suite" duration-ms="65812" started-at="2021-01-18T23:02:15 PKT" finished-at="2021-01-18T23:03:21 PKT">
    <groups>
    </groups>
    <test name="Default test" duration-ms="65812" started-at="2021-01-18T23:02:15 PKT" finished-at="2021-01-18T23:03:21 PKT">
      <class name="Test.Ancera.Reports.SalmonellaLog">
        <test-method status="PASS" signature="extent()[pri:0, instance:Test.Ancera.Reports.SalmonellaLog@fad74ee]" name="extent" is-config="true" duration-ms="27575" started-at="2021-01-18T23:02:15 PKT" finished-at="2021-01-18T23:02:43 PKT">
          <reporter-output>
          </reporter-output>
        </test-method> <!-- extent -->
        <test-method status="PASS" signature="NavigateSalmonella()[pri:2, instance:Test.Ancera.Reports.SalmonellaLog@fad74ee]" name="NavigateSalmonella" duration-ms="16080" started-at="2021-01-18T23:02:43 PKT" description="Test Case: Navigate to Salmonella Log Screen" finished-at="2021-01-18T23:02:59 PKT">
          <reporter-output>
          </reporter-output>
        </test-method> <!-- NavigateSalmonella -->
        <test-method status="PASS" signature="SearchFilter()[pri:6, instance:Test.Ancera.Reports.SalmonellaLog@fad74ee]" name="SearchFilter" duration-ms="21492" started-at="2021-01-18T23:02:59 PKT" description="Test Case: Filter Test" finished-at="2021-01-18T23:03:20 PKT">
          <exception class="java.lang.Exception">
            <message>
              <![CDATA[java.lang.AssertionError: expected [4,955] but found [713]]]>
            </message>
            <full-stacktrace>
              <![CDATA[java.lang.Exception: java.lang.AssertionError: expected [4,955] but found [713]
at Test.Ancera.Reports.SalmonellaLog.SearchFilter(SalmonellaLog.java:1000)
at sun.reflect.NativeMethodAccessorImpl.invoke0(Native Method)
at sun.reflect.NativeMethodAccessorImpl.invoke(NativeMethodAccessorImpl.java:62)
at sun.reflect.DelegatingMethodAccessorImpl.invoke(DelegatingMethodAccessorImpl.java:43)
at java.lang.reflect.Method.invoke(Method.java:498)
at org.testng.internal.MethodInvocationHelper.invokeMethod(MethodInvocationHelper.java:135)
at org.testng.internal.TestInvoker.invokeMethod(TestInvoker.java:598)
at org.testng.internal.TestInvoker.invokeTestMethod(TestInvoker.java:174)
at org.testng.internal.MethodRunner.runInSequence(MethodRunner.java:46)
at org.testng.internal.TestInvoker$MethodInvocationAgent.invoke(TestInvoker.java:821)
at org.testng.internal.TestInvoker.invokeTestMethods(TestInvoker.java:147)
at org.testng.internal.TestMethodWorker.invokeTestMethods(TestMethodWorker.java:146)
at org.testng.internal.TestMethodWorker.run(TestMethodWorker.java:128)
at java.util.ArrayList.forEach(ArrayList.java:1257)
at org.testng.TestRunner.privateRun(TestRunner.java:767)
at org.testng.TestRunner.run(TestRunner.java:588)
at org.testng.SuiteRunner.runTest(SuiteRunner.java:384)
at org.testng.SuiteRunner.runSequentially(SuiteRunner.java:378)
at org.testng.SuiteRunner.privateRun(SuiteRunner.java:337)
at org.testng.SuiteRunner.run(SuiteRunner.java:286)
at org.testng.SuiteRunnerWorker.runSuite(SuiteRunnerWorker.java:53)
at org.testng.SuiteRunnerWorker.run(SuiteRunnerWorker.java:96)
at org.testng.TestNG.runSuitesSequentially(TestNG.java:1214)
at org.testng.TestNG.runSuitesLocally(TestNG.java:1136)
at org.testng.TestNG.runSuites(TestNG.java:1066)
at org.testng.TestNG.run(TestNG.java:1034)
at org.testng.remote.AbstractRemoteTestNG.run(AbstractRemoteTestNG.java:115)
at org.testng.remote.RemoteTestNG.initAndRun(RemoteTestNG.java:251)
at org.testng.remote.RemoteTestNG.main(RemoteTestNG.java:77)
Caused by: java.lang.AssertionError: expected [4,955] but found [713]
at org.testng.Assert.fail(Assert.java:97)
at org.testng.Assert.assertEqualsImpl(Assert.java:136)
at org.testng.Assert.assertEquals(Assert.java:118)
at org.testng.Assert.assertEquals(Assert.java:575)
at org.testng.Assert.assertEquals(Assert.java:585)
at Test.Ancera.Reports.SalmonellaLog.SearchFilter(SalmonellaLog.java:984)
... 28 more
]]>
            </full-stacktrace>
          </exception> <!-- java.lang.Exception -->
          <reporter-output>
          </reporter-output>
        </test-method> <!-- SearchFilter -->
        <test-method status="PASS" signature="endreport()[pri:0, instance:Test.Ancera.Reports.SalmonellaLog@fad74ee]" name="endreport" is-config="true" duration-ms="615" started-at="2021-01-18T23:03:20 PKT" finished-at="2021-01-18T23:03:21 PKT">
          <reporter-output>
          </reporter-output>
        </test-method> <!-- endreport -->
      </class> <!-- Test.Ancera.Reports.SalmonellaLog -->
    </test> <!-- Default test -->
  </suite> <!-- Default suite -->
</testng-results>
