<?xml version="1.0" encoding="UTF-8"?>
<testng-results ignored="15" total="16" passed="1" failed="0" skipped="0">
  <reporter-output>
  </reporter-output>
  <suite started-at="2021-12-07T14:12:20 PKT" name="Default suite" finished-at="2021-12-07T14:13:49 PKT" duration-ms="89098">
    <groups>
    </groups>
    <test started-at="2021-12-07T14:12:20 PKT" name="Default test" finished-at="2021-12-07T14:13:49 PKT" duration-ms="89098">
      <class name="Test.Ancera.Administration.FlockRegistration">
        <test-method is-config="true" signature="extent()[pri:0, instance:Test.Ancera.Administration.FlockRegistration@27f981c6]" started-at="2021-12-07T14:12:20 PKT" name="extent" finished-at="2021-12-07T14:12:48 PKT" duration-ms="27461" status="PASS">
          <reporter-output>
          </reporter-output>
        </test-method> <!-- extent -->
        <test-method signature="FlockValidation()[pri:2, instance:Test.Ancera.Administration.FlockRegistration@27f981c6]" started-at="2021-12-07T14:12:48 PKT" name="FlockValidation" finished-at="2021-12-07T14:13:49 PKT" duration-ms="61367" status="PASS">
          <reporter-output>
          </reporter-output>
        </test-method> <!-- FlockValidation -->
        <test-method is-config="true" signature="endreport()[pri:0, instance:Test.Ancera.Administration.FlockRegistration@27f981c6]" started-at="2021-12-07T14:13:49 PKT" name="endreport" finished-at="2021-12-07T14:13:49 PKT" duration-ms="251" status="PASS">
          <reporter-output>
          </reporter-output>
        </test-method> <!-- endreport -->
      </class> <!-- Test.Ancera.Administration.FlockRegistration -->
    </test> <!-- Default test -->
  </suite> <!-- Default suite -->
</testng-results>
