<?xml version="1.0" encoding="UTF-8"?>
<testng-results ignored="5" total="7" passed="2" failed="0" skipped="0">
  <reporter-output>
  </reporter-output>
  <suite started-at="2021-06-14T16:15:03 PKT" name="Default suite" finished-at="2021-06-14T16:15:41 PKT" duration-ms="37186">
    <groups>
    </groups>
    <test started-at="2021-06-14T16:15:03 PKT" name="Default test" finished-at="2021-06-14T16:15:41 PKT" duration-ms="37186">
      <class name="Test.Ancera.MetaData.DataUpload">
        <test-method is-config="true" signature="extent()[pri:0, instance:Test.Ancera.MetaData.DataUpload@14555e0a]" started-at="2021-06-14T16:15:03 PKT" name="extent" finished-at="2021-06-14T16:15:26 PKT" duration-ms="22245" status="PASS">
          <reporter-output>
          </reporter-output>
        </test-method> <!-- extent -->
        <test-method signature="NavigateDataUpload()[pri:1, instance:Test.Ancera.MetaData.DataUpload@14555e0a]" started-at="2021-06-14T16:15:26 PKT" name="NavigateDataUpload" description="Test Case: Navigate to Data Upload Screen" finished-at="2021-06-14T16:15:29 PKT" duration-ms="3217" status="PASS">
          <reporter-output>
          </reporter-output>
        </test-method> <!-- NavigateDataUpload -->
        <test-method signature="saveTemplates()[pri:4, instance:Test.Ancera.MetaData.DataUpload@14555e0a]" started-at="2021-06-14T16:15:29 PKT" name="saveTemplates" finished-at="2021-06-14T16:15:40 PKT" duration-ms="11007" status="PASS">
          <reporter-output>
          </reporter-output>
        </test-method> <!-- saveTemplates -->
        <test-method is-config="true" signature="endreport()[pri:0, instance:Test.Ancera.MetaData.DataUpload@14555e0a]" started-at="2021-06-14T16:15:40 PKT" name="endreport" finished-at="2021-06-14T16:15:41 PKT" duration-ms="665" status="PASS">
          <reporter-output>
          </reporter-output>
        </test-method> <!-- endreport -->
      </class> <!-- Test.Ancera.MetaData.DataUpload -->
    </test> <!-- Default test -->
  </suite> <!-- Default suite -->
</testng-results>
