<?xml version="1.0" encoding="UTF-8"?>
<testng-results ignored="10" total="11" passed="0" failed="1" skipped="0">
  <reporter-output>
  </reporter-output>
  <suite started-at="2021-11-29T16:22:55 PKT" name="Default suite" finished-at="2021-11-29T16:32:36 PKT" duration-ms="580933">
    <groups>
    </groups>
    <test started-at="2021-11-29T16:22:55 PKT" name="Default test" finished-at="2021-11-29T16:32:36 PKT" duration-ms="580933">
      <class name="Test.Ancera.Administration.FlockRegistration">
        <test-method is-config="true" signature="extent()[pri:0, instance:Test.Ancera.Administration.FlockRegistration@659499f1]" started-at="2021-11-29T16:22:55 PKT" name="extent" finished-at="2021-11-29T16:23:21 PKT" duration-ms="26149" status="PASS">
          <reporter-output>
          </reporter-output>
        </test-method> <!-- extent -->
        <test-method signature="CSVExport()[pri:10, instance:Test.Ancera.Administration.FlockRegistration@659499f1]" started-at="2021-11-29T16:23:21 PKT" name="CSVExport" description="Test Case: Test flock CSV Download" finished-at="2021-11-29T16:32:35 PKT" duration-ms="554382" status="FAIL">
          <exception class="java.lang.Exception">
            <message>
              <![CDATA[java.lang.AssertionError: The following asserts failed:
expected [1089006] but found [Bulk1],
expected [01/10/2021] but found [1089006],
expected [06/11/2021] but found [1/10/2021],
expected [500] but found [6/11/2021],
expected [Chicken] but found [500],
expected [All male] but found [Chicken],
expected [hen] but found [All male],
expected [07/11/2021] but found [hen],
expected [1089008] but found [7/11/2021],
expected [211] but found [1089008],
expected [112] but found [211],
expected [55,500] but found [112],
expected [40,550] but found [55500],
expected [1] but found [40550],
expected [50,550] but found [1],
expected [45,500] but found [50550],
expected [] but found [45500],
expected [1,000] but found [],
expected [10,000] but found [1000],
expected [1] but found [10000],
expected [] but found [1],
expected [0.123] but found [],
expected [0.122] but found [0.12346],
expected [0] but found [0.1223],
expected [] but found [0.0003],
expected [1.003] but found [],
expected [1] but found [1.003],
expected [11] but found [1],
expected [0.122] but found [11],
expected [] but found [0.1223],
expected [1] but found [],
expected [1089006] but found [111111],
expected [] but found [1089006],
expected [02/10/2022] but found [],
expected [] but found [2/10/2022],
expected [1089006] but found [Integrator ID],
expected [] but found [1089006],
expected [03/10/2022] but found [],
expected [] but found [3/10/2022],
expected [1089006] but found [],
expected [] but found [1089006],
expected [11/27/2021] but found [],
expected [] but found [11/27/2021],
expected [100] but found [],
expected [1089006] but found [Bulk2],
expected [] but found [1089006],
expected [11/05/2021] but found [],
expected [500] but found [11/5/2021],
expected [Chicken] but found [500],
expected [All male] but found [Chicken],
expected [hen] but found [All male],
expected [11/06/2021] but found [hen],
expected [] but found [11/6/2021],
expected [212] but found [],
expected [113] but found [212],
expected [500] but found [113],
expected [400] but found [500],
expected [1] but found [400],
expected [500] but found [1],
expected [400] but found [500],
expected [] but found [400],
expected [100] but found [],
expected [1] but found [100],
expected [] but found [1],
expected [0.012] but found [],
expected [0] but found [0.012],
expected [] but found [0.0003],
expected [1.003] but found [],
expected [1] but found [1.003],
expected [11] but found [1],
expected [0.12] but found [11],
expected [0] but found [0.12],
expected [2] but found [0.0003],
expected [1089006] but found [Bulk2],
expected [] but found [1089006],
expected [06/12/2021] but found [],
expected [500] but found [6/12/2021],
expected [Chicken] but found [500],
expected [All male] but found [Chicken],
expected [hen] but found [All male],
expected [07/12/2021] but found [hen],
expected [] but found [7/12/2021],
expected [212] but found [],
expected [113] but found [212],
expected [500] but found [113],
expected [400] but found [500],
expected [1] but found [400],
expected [500] but found [1],
expected [400] but found [500],
expected [] but found [400],
expected [100] but found [],
expected [1] but found [100],
expected [] but found [1],
expected [0.012] but found [],
expected [0] but found [0.012],
expected [] but found [0.0003],
expected [1.003] but found [],
expected [1] but found [1.003],
expected [11] but found [1],
expected [0.12] but found [11],
expected [0] but found [0.12],
expected [2] but found [0.0003],
expected [1089006] but found [20211117-BulkTest_1],
expected [01/10/2021] but found [1089006],
expected [01/11/2021] but found [1/10/2021],
expected [401] but found [1/11/2021],
expected [Chicken] but found [401],
expected [All male] but found [Chicken],
expected [hen] but found [All male],
expected [02/11/2021] but found [hen],
expected [1001206] but found [2/11/2021],
expected [211] but found [1001206],
expected [112] but found [211],
expected [500] but found [112],
expected [400] but found [500],
expected [1] but found [400],
expected [500] but found [1],
expected [400] but found [500],
expected [] but found [400],
expected [0.123] but found [],
expected [0.122] but found [0.12346],
expected [0] but found [0.1223],
expected [] but found [0.0003],
expected [0.003] but found [],
expected [1] but found [0.003],
expected [11] but found [1],
expected [0.122] but found [11],
expected [0] but found [0.1223],
expected [1] but found [0.0003],
expected [1089006] but found [20211117-BulkTest_10],
expected [01/19/2021] but found [1089006],
expected [01/20/2021] but found [1/19/2021],
expected [410] but found [1/20/2021],
expected [Chicken] but found [410],
expected [All male] but found [Chicken],
expected [chicken] but found [All male],
expected [02/20/2021] but found [chicken],
expected [1001206] but found [2/20/2021],
expected [220] but found [1001206],
expected [121] but found [220],
expected [500] but found [121],
expected [400] but found [500],
expected [1] but found [400],
expected [500] but found [1],
expected [400] but found [500],
expected [] but found [400],
expected [0.122] but found [],
expected [0] but found [0.1223],
expected [] but found [0.0003],
expected [0.003] but found [],
expected [1] but found [0.003],
expected [11] but found [1],
expected [0.122] but found [11],
expected [0] but found [0.1223],
expected [10] but found [0.0003],
expected [1089006] but found [20211117-BulkTest_100],
expected [04/19/2021] but found [1089006],
expected [04/28/2021] but found [4/19/2021],
expected [500] but found [4/28/2021],
expected [Chicken] but found [500],
expected [All male] but found [Chicken],
expected [chicken] but found [All male],
expected [05/21/2021] but found [chicken],
expected [1001206] but found [5/21/2021],
expected [310] but found [1001206],
expected [211] but found [310],
expected [4] but found [211],
expected [2] but found [4],
expected [] but found [2],
expected [1] but found [],
expected [4] but found [1],
expected [2] but found [4],
expected [] but found [2],
expected [0.122] but found [],
expected [0] but found [0.1223],
expected [9] but found [0.0003],
expected [1] but found [9],
expected [114] but found [1],
expected [1] but found [114],
expected [1.2] but found [1],
expected [1] but found [1.2],
expected [11] but found [1],
expected [0.122] but found [11],
expected [0] but found [0.1223],
expected [100] but found [0.0003],
expected [1089006] but found [20211117-BulkTest_101],
expected [04/20/2021] but found [1089006],
expected [04/29/2021] but found [4/20/2021],
expected [501] but found [4/29/2021],
expected [Chicken] but found [501],
expected [All male] but found [Chicken],
expected [chicken] but found [All male],
expected [05/22/2021] but found [chicken],
expected [1001206] but found [5/22/2021],
expected [311] but found [1001206],
expected [212] but found [311],
expected [4] but found [212],
expected [2] but found [4],
expected [] but found [2],
expected [1] but found [],
expected [4] but found [1],
expected [2] but found [4],
expected [] but found [2],
expected [0.122] but found [],
expected [0] but found [0.1223],
expected [9] but found [0.0003],
expected [1] but found [9],
expected [114] but found [1],
expected [1] but found [114],
expected [1.2] but found [1],
expected [1] but found [1.2],
expected [11] but found [1],
expected [0.122] but found [11],
expected [0] but found [0.1223],
expected [101] but found [0.0003],
expected [1089006] but found [20211117-BulkTest_102],
expected [04/21/2021] but found [1089006],
expected [04/30/2021] but found [4/21/2021],
expected [502] but found [4/30/2021],
expected [Chicken] but found [502],
expected [All male] but found [Chicken],
expected [chicken] but found [All male],
expected [05/23/2021] but found [chicken],
expected [1001206] but found [5/23/2021],
expected [312] but found [1001206],
expected [213] but found [312],
expected [4] but found [213],
expected [2] but found [4],
expected [] but found [2],
expected [1] but found [],
expected [4] but found [1],
expected [2] but found [4],
expected [] but found [2],
expected [0.122] but found [],
expected [0] but found [0.1223],
expected [9] but found [0.0003],
expected [1] but found [9],
expected [114] but found [1],
expected [1] but found [114],
expected [1.2] but found [1],
expected [1] but found [1.2],
expected [11] but found [1],
expected [0.122] but found [11],
expected [0] but found [0.1223],
expected [102] but found [0.0003],
expected [1089006] but found [20211117-BulkTest_103],
expected [04/22/2021] but found [1089006],
expected [05/01/2021] but found [4/22/2021],
expected [503] but found [5/1/2021],
expected [Chicken] but found [503],
expected [All male] but found [Chicken],
expected [chicken] but found [All male],
expected [05/24/2021] but found [chicken],
expected [1001206] but found [5/24/2021],
expected [313] but found [1001206],
expected [214] but found [313],
expected [4] but found [214],
expected [2] but found [4],
expected [] but found [2],
expected [1] but found [],
expected [4] but found [1],
expected [2] but found [4],
expected [] but found [2],
expected [0.122] but found [],
expected [0] but found [0.1223],
expected [9] but found [0.0003],
expected [1] but found [9],
expected [114] but found [1],
expected [1] but found [114],
expected [1.2] but found [1],
expected [1] but found [1.2],
expected [11] but found [1],
expected [0.122] but found [11],
expected [0] but found [0.1223],
expected [103] but found [0.0003],
expected [1089006] but found [20211117-BulkTest_104],
expected [04/23/2021] but found [1089006],
expected [05/02/2021] but found [4/23/2021],
expected [504] but found [5/2/2021],
expected [Chicken] but found [504],
expected [All male] but found [Chicken],
expected [chicken] but found [All male],
expected [05/25/2021] but found [chicken],
expected [1001206] but found [5/25/2021],
expected [314] but found [1001206],
expected [215] but found [314],
expected [4] but found [215],
expected [2] but found [4],
expected [] but found [2],
expected [1] but found [],
expected [4] but found [1],
expected [2] but found [4],
expected [] but found [2],
expected [0.122] but found [],
expected [0] but found [0.1223],
expected [9] but found [0.0003],
expected [1] but found [9],
expected [114] but found [1],
expected [1] but found [114],
expected [1.2] but found [1],
expected [1] but found [1.2],
expected [11] but found [1],
expected [0.122] but found [11],
expected [0] but found [0.1223],
expected [104] but found [0.0003],
expected [1089006] but found [20211117-BulkTest_105],
expected [04/24/2021] but found [1089006],
expected [05/03/2021] but found [4/24/2021],
expected [505] but found [5/3/2021],
expected [Chicken] but found [505],
expected [All male] but found [Chicken],
expected [chicken] but found [All male],
expected [05/26/2021] but found [chicken],
expected [1001206] but found [5/26/2021],
expected [315] but found [1001206],
expected [216] but found [315],
expected [4] but found [216],
expected [2] but found [4],
expected [] but found [2],
expected [1] but found [],
expected [4] but found [1],
expected [2] but found [4],
expected [] but found [2],
expected [0.122] but found [],
expected [0] but found [0.1223],
expected [9] but found [0.0003],
expected [1] but found [9],
expected [114] but found [1],
expected [1] but found [114],
expected [1.2] but found [1],
expected [1] but found [1.2],
expected [11] but found [1],
expected [0.122] but found [11],
expected [0] but found [0.1223],
expected [105] but found [0.0003],
expected [1089006] but found [20211117-BulkTest_106],
expected [04/25/2021] but found [1089006],
expected [05/04/2021] but found [4/25/2021],
expected [506] but found [5/4/2021],
expected [Chicken] but found [506],
expected [All male] but found [Chicken],
expected [chicken] but found [All male],
expected [05/27/2021] but found [chicken],
expected [1001206] but found [5/27/2021],
expected [316] but found [1001206],
expected [217] but found [316],
expected [4] but found [217],
expected [2] but found [4],
expected [] but found [2],
expected [1] but found [],
expected [4] but found [1],
expected [2] but found [4],
expected [] but found [2],
expected [0.122] but found [],
expected [0] but found [0.1223],
expected [9] but found [0.0003],
expected [1] but found [9],
expected [114] but found [1],
expected [1] but found [114],
expected [1.2] but found [1],
expected [1] but found [1.2],
expected [11] but found [1],
expected [0.122] but found [11],
expected [0] but found [0.1223],
expected [106] but found [0.0003],
expected [1089006] but found [20211117-BulkTest_107],
expected [04/26/2021] but found [1089006],
expected [05/05/2021] but found [4/26/2021],
expected [507] but found [5/5/2021],
expected [Chicken] but found [507],
expected [All male] but found [Chicken],
expected [chicken] but found [All male],
expected [05/28/2021] but found [chicken],
expected [1001206] but found [5/28/2021],
expected [317] but found [1001206],
expected [218] but found [317],
expected [4] but found [218],
expected [2] but found [4],
expected [] but found [2],
expected [1] but found [],
expected [4] but found [1],
expected [2] but found [4],
expected [] but found [2],
expected [0.122] but found [],
expected [0] but found [0.1223],
expected [9] but found [0.0003],
expected [1] but found [9],
expected [114] but found [1],
expected [1] but found [114],
expected [1.2] but found [1],
expected [1] but found [1.2],
expected [11] but found [1],
expected [0.122] but found [11],
expected [0] but found [0.1223],
expected [107] but found [0.0003],
expected [1089006] but found [20211117-BulkTest_108],
expected [04/27/2021] but found [1089006],
expected [05/06/2021] but found [4/27/2021],
expected [508] but found [5/6/2021],
expected [Chicken] but found [508],
expected [All male] but found [Chicken],
expected [chicken] but found [All male],
expected [05/29/2021] but found [chicken],
expected [1001206] but found [5/29/2021],
expected [318] but found [1001206],
expected [219] but found [318],
expected [4] but found [219],
expected [2] but found [4],
expected [] but found [2],
expected [1] but found [],
expected [4] but found [1],
expected [2] but found [4],
expected [] but found [2],
expected [0.122] but found [],
expected [0] but found [0.1223],
expected [9] but found [0.0003],
expected [1] but found [9],
expected [114] but found [1],
expected [1] but found [114],
expected [1.2] but found [1],
expected [1] but found [1.2],
expected [11] but found [1],
expected [0.122] but found [11],
expected [0] but found [0.1223],
expected [108] but found [0.0003],
expected [1089006] but found [20211117-BulkTest_109],
expected [04/28/2021] but found [1089006],
expected [05/07/2021] but found [4/28/2021],
expected [509] but found [5/7/2021],
expected [Chicken] but found [509],
expected [All male] but found [Chicken],
expected [chicken] but found [All male],
expected [05/30/2021] but found [chicken],
expected [1001206] but found [5/30/2021],
expected [319] but found [1001206],
expected [220] but found [319],
expected [4] but found [220],
expected [2] but found [4],
expected [] but found [2],
expected [1] but found [],
expected [4] but found [1],
expected [2] but found [4],
expected [] but found [2],
expected [0.122] but found [],
expected [0] but found [0.1223],
expected [9] but found [0.0003],
expected [1] but found [9],
expected [114] but found [1],
expected [1] but found [114],
expected [1.2] but found [1],
expected [1] but found [1.2],
expected [11] but found [1],
expected [0.122] but found [11],
expected [0] but found [0.1223],
expected [109] but found [0.0003],
expected [1089006] but found [20211117-BulkTest_11],
expected [01/20/2021] but found [1089006],
expected [01/21/2021] but found [1/20/2021],
expected [411] but found [1/21/2021],
expected [Chicken] but found [411],
expected [All male] but found [Chicken],
expected [chicken] but found [All male],
expected [02/21/2021] but found [chicken],
expected [1001206] but found [2/21/2021],
expected [221] but found [1001206],
expected [122] but found [221],
expected [500] but found [122],
expected [400] but found [500],
expected [1] but found [400],
expected [500] but found [1],
expected [400] but found [500],
expected [] but found [400],
expected [0.122] but found [],
expected [0] but found [0.1223],
expected [] but found [0.0003],
expected [0.003] but found [],
expected [1] but found [0.003],
expected [11] but found [1],
expected [0.122] but found [11],
expected [0] but found [0.1223],
expected [11] but found [0.0003],
expected [1089006] but found [20211117-BulkTest_110],
expected [04/29/2021] but found [1089006],
expected [05/08/2021] but found [4/29/2021],
expected [510] but found [5/8/2021],
expected [Chicken] but found [510],
expected [All male] but found [Chicken],
expected [chicken] but found [All male],
expected [05/31/2021] but found [chicken],
expected [1001206] but found [5/31/2021],
expected [320] but found [1001206],
expected [221] but found [320],
expected [4] but found [221],
expected [2] but found [4],
expected [] but found [2],
expected [1] but found [],
expected [4] but found [1],
expected [2] but found [4],
expected [] but found [2],
expected [0.122] but found [],
expected [0] but found [0.1223],
expected [9] but found [0.0003],
expected [1] but found [9],
expected [114] but found [1],
expected [1] but found [114],
expected [1.2] but found [1],
expected [1] but found [1.2],
expected [11] but found [1],
expected [0.122] but found [11],
expected [0] but found [0.1223],
expected [110] but found [0.0003],
expected [1089006] but found [20211117-BulkTest_111],
expected [04/30/2021] but found [1089006],
expected [05/09/2021] but found [4/30/2021],
expected [511] but found [5/9/2021],
expected [Chicken] but found [511],
expected [All male] but found [Chicken],
expected [chicken] but found [All male],
expected [06/01/2021] but found [chicken],
expected [1001206] but found [6/1/2021],
expected [321] but found [1001206],
expected [222] but found [321],
expected [4] but found [222],
expected [2] but found [4],
expected [] but found [2],
expected [1] but found [],
expected [4] but found [1],
expected [2] but found [4],
expected [] but found [2],
expected [0.122] but found [],
expected [0] but found [0.1223],
expected [9] but found [0.0003],
expected [1] but found [9],
expected [114] but found [1],
expected [1] but found [114],
expected [1.2] but found [1],
expected [1] but found [1.2],
expected [11] but found [1],
expected [0.122] but found [11],
expected [0] but found [0.1223],
expected [111] but found [0.0003],
expected [1089006] but found [20211117-BulkTest_112],
expected [05/01/2021] but found [1089006],
expected [05/10/2021] but found [5/1/2021],
expected [512] but found [5/10/2021],
expected [Chicken] but found [512],
expected [All male] but found [Chicken],
expected [chicken] but found [All male],
expected [06/02/2021] but found [chicken],
expected [1001206] but found [6/2/2021],
expected [322] but found [1001206],
expected [223] but found [322],
expected [4] but found [223],
expected [2] but found [4],
expected [] but found [2],
expected [1] but found [],
expected [4] but found [1],
expected [2] but found [4],
expected [] but found [2],
expected [0.122] but found [],
expected [0] but found [0.1223],
expected [9] but found [0.0003],
expected [1] but found [9],
expected [114] but found [1],
expected [1] but found [114],
expected [1.2] but found [1],
expected [1] but found [1.2],
expected [11] but found [1],
expected [0.122] but found [11],
expected [0] but found [0.1223],
expected [112] but found [0.0003],
expected [1089006] but found [20211117-BulkTest_113],
expected [05/02/2021] but found [1089006],
expected [05/11/2021] but found [5/2/2021],
expected [513] but found [5/11/2021],
expected [Chicken] but found [513],
expected [All male] but found [Chicken],
expected [chicken] but found [All male],
expected [06/03/2021] but found [chicken],
expected [1001206] but found [6/3/2021],
expected [323] but found [1001206],
expected [224] but found [323],
expected [4] but found [224],
expected [2] but found [4],
expected [] but found [2],
expected [1] but found [],
expected [4] but found [1],
expected [2] but found [4],
expected [] but found [2],
expected [0.122] but found [],
expected [0] but found [0.1223],
expected [9] but found [0.0003],
expected [1] but found [9],
expected [114] but found [1],
expected [1] but found [114],
expected [1.2] but found [1],
expected [1] but found [1.2],
expected [11] but found [1],
expected [0.122] but found [11],
expected [0] but found [0.1223],
expected [113] but found [0.0003],
expected [1089006] but found [20211117-BulkTest_114],
expected [05/03/2021] but found [1089006],
expected [05/12/2021] but found [5/3/2021],
expected [514] but found [5/12/2021],
expected [Chicken] but found [514],
expected [All female] but found [Chicken],
expected [hen] but found [All female],
expected [06/04/2021] but found [hen],
expected [1001206] but found [6/4/2021],
expected [324] but found [1001206],
expected [225] but found [324],
expected [4] but found [225],
expected [2] but found [4],
expected [] but found [2],
expected [1] but found [],
expected [4] but found [1],
expected [2] but found [4],
expected [] but found [2],
expected [0.122] but found [],
expected [0] but found [0.1223],
expected [9] but found [0.0003],
expected [1] but found [9],
expected [114] but found [1],
expected [1] but found [114],
expected [1.2] but found [1],
expected [1] but found [1.2],
expected [11] but found [1],
expected [0.122] but found [11],
expected [0] but found [0.1223],
expected [114] but found [0.0003],
expected [1089006] but found [20211117-BulkTest_115],
expected [05/04/2021] but found [1089006],
expected [05/13/2021] but found [5/4/2021],
expected [515] but found [5/13/2021],
expected [Chicken] but found [515],
expected [All female] but found [Chicken],
expected [hen] but found [All female],
expected [06/05/2021] but found [hen],
expected [1001206] but found [6/5/2021],
expected [325] but found [1001206],
expected [226] but found [325],
expected [4] but found [226],
expected [2] but found [4],
expected [] but found [2],
expected [1] but found [],
expected [4] but found [1],
expected [2] but found [4],
expected [] but found [2],
expected [0.122] but found [],
expected [0] but found [0.1223],
expected [9] but found [0.0003],
expected [1] but found [9],
expected [114] but found [1],
expected [1] but found [114],
expected [1.2] but found [1],
expected [1] but found [1.2],
expected [11] but found [1],
expected [0.122] but found [11],
expected [0] but found [0.1223],
expected [115] but found [0.0003],
expected [1089006] but found [20211117-BulkTest_116],
expected [05/05/2021] but found [1089006],
expected [05/14/2021] but found [5/5/2021],
expected [516] but found [5/14/2021],
expected [Chicken] but found [516],
expected [All male] but found [Chicken],
expected [chicken] but found [All male],
expected [06/06/2021] but found [chicken],
expected [1001206] but found [6/6/2021],
expected [326] but found [1001206],
expected [227] but found [326],
expected [4] but found [227],
expected [2] but found [4],
expected [] but found [2],
expected [1] but found [],
expected [4] but found [1],
expected [2] but found [4],
expected [] but found [2],
expected [0.122] but found [],
expected [0] but found [0.1223],
expected [9] but found [0.0003],
expected [1] but found [9],
expected [114] but found [1],
expected [1] but found [114],
expected [1.2] but found [1],
expected [1] but found [1.2],
expected [11] but found [1],
expected [0.122] but found [11],
expected [0] but found [0.1223],
expected [116] but found [0.0003],
expected [1089006] but found [20211117-BulkTest_117],
expected [05/06/2021] but found [1089006],
expected [05/15/2021] but found [5/6/2021],
expected [517] but found [5/15/2021],
expected [Chicken] but found [517],
expected [All male] but found [Chicken],
expected [chicken] but found [All male],
expected [06/07/2021] but found [chicken],
expected [1001206] but found [6/7/2021],
expected [327] but found [1001206],
expected [228] but found [327],
expected [4] but found [228],
expected [2] but found [4],
expected [] but found [2],
expected [1] but found [],
expected [4] but found [1],
expected [2] but found [4],
expected [] but found [2],
expected [0.122] but found [],
expected [0] but found [0.1223],
expected [9] but found [0.0003],
expected [1] but found [9],
expected [114] but found [1],
expected [1] but found [114],
expected [1.2] but found [1],
expected [1] but found [1.2],
expected [11] but found [1],
expected [0.122] but found [11],
expected [0] but found [0.1223],
expected [117] but found [0.0003],
expected [1089006] but found [20211117-BulkTest_118],
expected [05/07/2021] but found [1089006],
expected [05/16/2021] but found [5/7/2021],
expected [518] but found [5/16/2021],
expected [Chicken] but found [518],
expected [All male] but found [Chicken],
expected [chicken] but found [All male],
expected [06/08/2021] but found [chicken],
expected [1001206] but found [6/8/2021],
expected [328] but found [1001206],
expected [229] but found [328],
expected [4] but found [229],
expected [2] but found [4],
expected [] but found [2],
expected [1] but found [],
expected [4] but found [1],
expected [2] but found [4],
expected [] but found [2],
expected [0.122] but found [],
expected [0] but found [0.1223],
expected [9] but found [0.0003],
expected [1] but found [9],
expected [114] but found [1],
expected [1] but found [114],
expected [1.2] but found [1],
expected [1] but found [1.2],
expected [11] but found [1],
expected [0.122] but found [11],
expected [0] but found [0.1223],
expected [118] but found [0.0003],
expected [1089006] but found [20211117-BulkTest_119],
expected [05/08/2021] but found [1089006],
expected [05/17/2021] but found [5/8/2021],
expected [519] but found [5/17/2021],
expected [Chicken] but found [519],
expected [All male] but found [Chicken],
expected [chicken] but found [All male],
expected [06/09/2021] but found [chicken],
expected [1001206] but found [6/9/2021],
expected [329] but found [1001206],
expected [230] but found [329],
expected [4] but found [230],
expected [2] but found [4],
expected [] but found [2],
expected [1] but found [],
expected [4] but found [1],
expected [2] but found [4],
expected [] but found [2],
expected [0.122] but found [],
expected [0] but found [0.1223],
expected [9] but found [0.0003],
expected [1] but found [9],
expected [114] but found [1],
expected [1] but found [114],
expected [1.2] but found [1],
expected [1] but found [1.2],
expected [11] but found [1],
expected [0.122] but found [11],
expected [0] but found [0.1223],
expected [119] but found [0.0003],
expected [1089006] but found [20211117-BulkTest_12],
expected [01/21/2021] but found [1089006],
expected [01/22/2021] but found [1/21/2021],
expected [412] but found [1/22/2021],
expected [Chicken] but found [412],
expected [All male] but found [Chicken],
expected [chicken] but found [All male],
expected [02/22/2021] but found [chicken],
expected [1001206] but found [2/22/2021],
expected [222] but found [1001206],
expected [123] but found [222],
expected [500] but found [123],
expected [400] but found [500],
expected [1] but found [400],
expected [500] but found [1],
expected [400] but found [500],
expected [] but found [400],
expected [0.122] but found [],
expected [0] but found [0.1223],
expected [] but found [0.0003],
expected [0.003] but found [],
expected [1] but found [0.003],
expected [11] but found [1],
expected [0.122] but found [11],
expected [0] but found [0.1223],
expected [12] but found [0.0003],
expected [1089006] but found [20211117-BulkTest_120],
expected [05/09/2021] but found [1089006],
expected [05/18/2021] but found [5/9/2021],
expected [520] but found [5/18/2021],
expected [Chicken] but found [520],
expected [All male] but found [Chicken],
expected [chicken] but found [All male],
expected [06/10/2021] but found [chicken],
expected [1001206] but found [6/10/2021],
expected [330] but found [1001206],
expected [231] but found [330],
expected [4] but found [231],
expected [2] but found [4],
expected [] but found [2],
expected [1] but found [],
expected [4] but found [1],
expected [2] but found [4],
expected [] but found [2],
expected [0.122] but found [],
expected [0] but found [0.1223],
expected [9] but found [0.0003],
expected [1] but found [9],
expected [114] but found [1],
expected [1] but found [114],
expected [1.2] but found [1],
expected [1] but found [1.2],
expected [11] but found [1],
expected [0.122] but found [11],
expected [0] but found [0.1223],
expected [120] but found [0.0003],
expected [1089006] but found [20211117-BulkTest_121],
expected [05/10/2021] but found [1089006],
expected [05/19/2021] but found [5/10/2021],
expected [521] but found [5/19/2021],
expected [Chicken] but found [521],
expected [All male] but found [Chicken],
expected [chicken] but found [All male],
expected [06/11/2021] but found [chicken],
expected [1001206] but found [6/11/2021],
expected [331] but found [1001206],
expected [232] but found [331],
expected [4] but found [232],
expected [2] but found [4],
expected [] but found [2],
expected [1] but found [],
expected [4] but found [1],
expected [2] but found [4],
expected [] but found [2],
expected [0.122] but found [],
expected [0] but found [0.1223],
expected [9] but found [0.0003],
expected [1] but found [9],
expected [114] but found [1],
expected [1] but found [114],
expected [1.2] but found [1],
expected [1] but found [1.2],
expected [11] but found [1],
expected [0.122] but found [11],
expected [0] but found [0.1223],
expected [121] but found [0.0003],
expected [1089006] but found [20211117-BulkTest_122],
expected [05/11/2021] but found [1089006],
expected [05/20/2021] but found [5/11/2021],
expected [522] but found [5/20/2021],
expected [Chicken] but found [522],
expected [All male] but found [Chicken],
expected [chicken] but found [All male],
expected [06/12/2021] but found [chicken],
expected [1001206] but found [6/12/2021],
expected [332] but found [1001206],
expected [233] but found [332],
expected [4] but found [233],
expected [2] but found [4],
expected [] but found [2],
expected [1] but found [],
expected [4] but found [1],
expected [2] but found [4],
expected [] but found [2],
expected [0.122] but found [],
expected [0] but found [0.1223],
expected [9] but found [0.0003],
expected [1] but found [9],
expected [114] but found [1],
expected [1] but found [114],
expected [1.2] but found [1],
expected [1] but found [1.2],
expected [11] but found [1],
expected [0.122] but found [11],
expected [0] but found [0.1223],
expected [122] but found [0.0003],
expected [1089006] but found [20211117-BulkTest_123],
expected [05/12/2021] but found [1089006],
expected [05/21/2021] but found [5/12/2021],
expected [523] but found [5/21/2021],
expected [Chicken] but found [523],
expected [All male] but found [Chicken],
expected [chicken] but found [All male],
expected [06/13/2021] but found [chicken],
expected [1001206] but found [6/13/2021],
expected [333] but found [1001206],
expected [234] but found [333],
expected [4] but found [234],
expected [2] but found [4],
expected [] but found [2],
expected [1] but found [],
expected [4] but found [1],
expected [2] but found [4],
expected [] but found [2],
expected [0.122] but found [],
expected [0] but found [0.1223],
expected [9] but found [0.0003],
expected [1] but found [9],
expected [114] but found [1],
expected [1] but found [114],
expected [1.2] but found [1],
expected [1] but found [1.2],
expected [11] but found [1],
expected [0.122] but found [11],
expected [0] but found [0.1223],
expected [123] but found [0.0003],
expected [1089006] but found [20211117-BulkTest_124],
expected [05/13/2021] but found [1089006],
expected [05/22/2021] but found [5/13/2021],
expected [524] but found [5/22/2021],
expected [Chicken] but found [524],
expected [All male] but found [Chicken],
expected [chicken] but found [All male],
expected [06/14/2021] but found [chicken],
expected [1001206] but found [6/14/2021],
expected [334] but found [1001206],
expected [235] but found [334],
expected [4] but found [235],
expected [2] but found [4],
expected [] but found [2],
expected [1] but found [],
expected [4] but found [1],
expected [2] but found [4],
expected [] but found [2],
expected [0.122] but found [],
expected [0] but found [0.1223],
expected [9] but found [0.0003],
expected [1] but found [9],
expected [114] but found [1],
expected [1] but found [114],
expected [1.2] but found [1],
expected [1] but found [1.2],
expected [11] but found [1],
expected [0.122] but found [11],
expected [0] but found [0.1223],
expected [124] but found [0.0003],
expected [1089006] but found [20211117-BulkTest_125],
expected [05/14/2021] but found [1089006],
expected [05/23/2021] but found [5/14/2021],
expected [525] but found [5/23/2021],
expected [Chicken] but found [525],
expected [All male] but found [Chicken],
expected [chicken] but found [All male],
expected [06/15/2021] but found [chicken],
expected [1001206] but found [6/15/2021],
expected [335] but found [1001206],
expected [236] but found [335],
expected [4] but found [236],
expected [2] but found [4],
expected [] but found [2],
expected [1] but found [],
expected [4] but found [1],
expected [2] but found [4],
expected [] but found [2],
expected [0.122] but found [],
expected [0] but found [0.1223],
expected [9] but found [0.0003],
expected [1] but found [9],
expected [114] but found [1],
expected [1] but found [114],
expected [1.2] but found [1],
expected [1] but found [1.2],
expected [11] but found [1],
expected [0.122] but found [11],
expected [0] but found [0.1223],
expected [125] but found [0.0003],
expected [1089006] but found [20211117-BulkTest_126],
expected [05/15/2021] but found [1089006],
expected [05/24/2021] but found [5/15/2021],
expected [526] but found [5/24/2021],
expected [Chicken] but found [526],
expected [All male] but found [Chicken],
expected [chicken] but found [All male],
expected [06/16/2021] but found [chicken],
expected [1001206] but found [6/16/2021],
expected [336] but found [1001206],
expected [237] but found [336],
expected [4] but found [237],
expected [2] but found [4],
expected [] but found [2],
expected [1] but found [],
expected [4] but found [1],
expected [2] but found [4],
expected [] but found [2],
expected [0.122] but found [],
expected [0] but found [0.1223],
expected [9] but found [0.0003],
expected [1] but found [9],
expected [114] but found [1],
expected [1] but found [114],
expected [1.2] but found [1],
expected [1] but found [1.2],
expected [11] but found [1],
expected [0.122] but found [11],
expected [0] but found [0.1223],
expected [126] but found [0.0003],
expected [1089006] but found [20211117-BulkTest_127],
expected [05/16/2021] but found [1089006],
expected [05/25/2021] but found [5/16/2021],
expected [527] but found [5/25/2021],
expected [Chicken] but found [527],
expected [All male] but found [Chicken],
expected [chicken] but found [All male],
expected [06/17/2021] but found [chicken],
expected [1001206] but found [6/17/2021],
expected [337] but found [1001206],
expected [238] but found [337],
expected [4] but found [238],
expected [2] but found [4],
expected [] but found [2],
expected [1] but found [],
expected [4] but found [1],
expected [2] but found [4],
expected [] but found [2],
expected [0.122] but found [],
expected [0] but found [0.1223],
expected [9] but found [0.0003],
expected [1] but found [9],
expected [114] but found [1],
expected [1] but found [114],
expected [1.2] but found [1],
expected [1] but found [1.2],
expected [11] but found [1],
expected [0.122] but found [11],
expected [0] but found [0.1223],
expected [127] but found [0.0003],
expected [1089006] but found [20211117-BulkTest_128],
expected [05/17/2021] but found [1089006],
expected [05/26/2021] but found [5/17/2021],
expected [528] but found [5/26/2021],
expected [Chicken] but found [528],
expected [All male] but found [Chicken],
expected [chicken] but found [All male],
expected [06/18/2021] but found [chicken],
expected [1001206] but found [6/18/2021],
expected [338] but found [1001206],
expected [239] but found [338],
expected [4] but found [239],
expected [2] but found [4],
expected [] but found [2],
expected [1] but found [],
expected [4] but found [1],
expected [2] but found [4],
expected [] but found [2],
expected [0.122] but found [],
expected [0] but found [0.1223],
expected [9] but found [0.0003],
expected [1] but found [9],
expected [114] but found [1],
expected [1] but found [114],
expected [1.2] but found [1],
expected [1] but found [1.2],
expected [11] but found [1],
expected [0.122] but found [11],
expected [0] but found [0.1223],
expected [128] but found [0.0003],
expected [1089006] but found [20211117-BulkTest_129],
expected [05/18/2021] but found [1089006],
expected [05/27/2021] but found [5/18/2021],
expected [529] but found [5/27/2021],
expected [Chicken] but found [529],
expected [All male] but found [Chicken],
expected [chicken] but found [All male],
expected [06/19/2021] but found [chicken],
expected [1001206] but found [6/19/2021],
expected [339] but found [1001206],
expected [240] but found [339],
expected [4] but found [240],
expected [2] but found [4],
expected [] but found [2],
expected [1] but found [],
expected [4] but found [1],
expected [2] but found [4],
expected [] but found [2],
expected [0.122] but found [],
expected [0] but found [0.1223],
expected [9] but found [0.0003],
expected [1] but found [9],
expected [114] but found [1],
expected [1] but found [114],
expected [1.2] but found [1],
expected [1] but found [1.2],
expected [11] but found [1],
expected [0.122] but found [11],
expected [0] but found [0.1223],
expected [129] but found [0.0003],
expected [1089006] but found [20211117-BulkTest_13],
expected [01/22/2021] but found [1089006],
expected [01/23/2021] but found [1/22/2021],
expected [413] but found [1/23/2021],
expected [Chicken] but found [413],
expected [All male] but found [Chicken],
expected [chicken] but found [All male],
expected [02/23/2021] but found [chicken],
expected [1001206] but found [2/23/2021],
expected [223] but found [1001206],
expected [124] but found [223],
expected [500] but found [124],
expected [400] but found [500],
expected [1] but found [400],
expected [500] but found [1],
expected [400] but found [500],
expected [] but found [400],
expected [0.122] but found [],
expected [0] but found [0.1223],
expected [] but found [0.0003],
expected [0.003] but found [],
expected [1] but found [0.003],
expected [11] but found [1],
expected [0.122] but found [11],
expected [0] but found [0.1223],
expected [13] but found [0.0003],
expected [1089006] but found [20211117-BulkTest_14],
expected [01/23/2021] but found [1089006],
expected [01/24/2021] but found [1/23/2021],
expected [414] but found [1/24/2021],
expected [Chicken] but found [414],
expected [All male] but found [Chicken],
expected [hen] but found [All male],
expected [02/24/2021] but found [hen],
expected [1001206] but found [2/24/2021],
expected [224] but found [1001206],
expected [125] but found [224],
expected [500] but found [125],
expected [400] but found [500],
expected [1] but found [400],
expected [500] but found [1],
expected [400] but found [500],
expected [] but found [400],
expected [20] but found [],
expected [] but found [20],
expected [0.122] but found [],
expected [0] but found [0.1223],
expected [] but found [0.0003],
expected [0.003] but found [],
expected [1] but found [0.003],
expected [11] but found [1],
expected [0.122] but found [11],
expected [0] but found [0.1223],
expected [14] but found [0.0003],
expected [1089006] but found [20211117-BulkTest_15],
expected [01/24/2021] but found [1089006],
expected [01/25/2021] but found [1/24/2021],
expected [415] but found [1/25/2021],
expected [Chicken] but found [415],
expected [All female] but found [Chicken],
expected [hen] but found [All female],
expected [02/25/2021] but found [hen],
expected [1001206] but found [2/25/2021],
expected [225] but found [1001206],
expected [126] but found [225],
expected [500] but found [126],
expected [400] but found [500],
expected [1] but found [400],
expected [500] but found [1],
expected [400] but found [500],
expected [] but found [400],
expected [0.122] but found [],
expected [0] but found [0.1223],
expected [] but found [0.0003],
expected [0.003] but found [],
expected [1] but found [0.003],
expected [11] but found [1],
expected [0.122] but found [11],
expected [0] but found [0.1223],
expected [15] but found [0.0003],
expected [1089006] but found [20211117-BulkTest_16],
expected [01/25/2021] but found [1089006],
expected [01/26/2021] but found [1/25/2021],
expected [416] but found [1/26/2021],
expected [Chicken] but found [416],
expected [All female] but found [Chicken],
expected [hen] but found [All female],
expected [02/26/2021] but found [hen],
expected [1001206] but found [2/26/2021],
expected [226] but found [1001206],
expected [127] but found [226],
expected [500] but found [127],
expected [400] but found [500],
expected [1] but found [400],
expected [500] but found [1],
expected [400] but found [500],
expected [] but found [400],
expected [0.122] but found [],
expected [0] but found [0.1223],
expected [] but found [0.0003],
expected [0.003] but found [],
expected [1] but found [0.003],
expected [11] but found [1],
expected [0.122] but found [11],
expected [0] but found [0.1223],
expected [16] but found [0.0003],
expected [1089006] but found [20211117-BulkTest_17],
expected [01/26/2021] but found [1089006],
expected [01/27/2021] but found [1/26/2021],
expected [417] but found [1/27/2021],
expected [Chicken] but found [417],
expected [All female] but found [Chicken],
expected [hen] but found [All female],
expected [02/27/2021] but found [hen],
expected [1001206] but found [2/27/2021],
expected [227] but found [1001206],
expected [128] but found [227],
expected [500] but found [128],
expected [400] but found [500],
expected [1] but found [400],
expected [500] but found [1],
expected [400] but found [500],
expected [] but found [400],
expected [0.122] but found [],
expected [0] but found [0.1223],
expected [] but found [0.0003],
expected [0.003] but found [],
expected [1] but found [0.003],
expected [11] but found [1],
expected [0.122] but found [11],
expected [0] but found [0.1223],
expected [17] but found [0.0003],
expected [1089006] but found [20211117-BulkTest_18],
expected [01/27/2021] but found [1089006],
expected [01/28/2021] but found [1/27/2021],
expected [418] but found [1/28/2021],
expected [Chicken] but found [418],
expected [All female] but found [Chicken],
expected [hen] but found [All female],
expected [02/28/2021] but found [hen],
expected [1001206] but found [2/28/2021],
expected [228] but found [1001206],
expected [129] but found [228],
expected [500] but found [129],
expected [400] but found [500],
expected [1] but found [400],
expected [500] but found [1],
expected [400] but found [500],
expected [] but found [400],
expected [0.122] but found [],
expected [0] but found [0.1223],
expected [] but found [0.0003],
expected [0.003] but found [],
expected [1] but found [0.003],
expected [11] but found [1],
expected [0.122] but found [11],
expected [0] but found [0.1223],
expected [18] but found [0.0003],
expected [1089006] but found [20211117-BulkTest_19],
expected [01/28/2021] but found [1089006],
expected [01/29/2021] but found [1/28/2021],
expected [419] but found [1/29/2021],
expected [Chicken] but found [419],
expected [All female] but found [Chicken],
expected [hen] but found [All female],
expected [03/01/2021] but found [hen],
expected [1001206] but found [3/1/2021],
expected [229] but found [1001206],
expected [130] but found [229],
expected [500] but found [130],
expected [400] but found [500],
expected [1] but found [400],
expected [500] but found [1],
expected [400] but found [500],
expected [] but found [400],
expected [0.122] but found [],
expected [0] but found [0.1223],
expected [] but found [0.0003],
expected [0.003] but found [],
expected [1] but found [0.003],
expected [11] but found [1],
expected [0.122] but found [11],
expected [0] but found [0.1223],
expected [19] but found [0.0003],
expected [1089006] but found [20211117-BulkTest_2],
expected [01/11/2021] but found [1089006],
expected [01/12/2021] but found [1/11/2021],
expected [402] but found [1/12/2021],
expected [Chicken] but found [402],
expected [All male] but found [Chicken],
expected [hen] but found [All male],
expected [02/12/2021] but found [hen],
expected [1001206] but found [2/12/2021],
expected [212] but found [1001206],
expected [113] but found [212],
expected [500] but found [113],
expected [400] but found [500],
expected [1] but found [400],
expected [500] but found [1],
expected [400] but found [500],
expected [] but found [400],
expected [0.122] but found [],
expected [0] but found [0.1223],
expected [] but found [0.0003],
expected [0.003] but found [],
expected [1] but found [0.003],
expected [11] but found [1],
expected [0.122] but found [11],
expected [0] but found [0.1223],
expected [2] but found [0.0003],
expected [1089006] but found [20211117-BulkTest_20],
expected [01/29/2021] but found [1089006],
expected [01/30/2021] but found [1/29/2021],
expected [420] but found [1/30/2021],
expected [Chicken] but found [420],
expected [All male] but found [Chicken],
expected [Abc] but found [All male],
expected [03/02/2021] but found [Abc],
expected [1001206] but found [3/2/2021],
expected [230] but found [1001206],
expected [131] but found [230],
expected [500] but found [131],
expected [400] but found [500],
expected [1] but found [400],
expected [500] but found [1],
expected [400] but found [500],
expected [] but found [400],
expected [0.122] but found [],
expected [0] but found [0.1223],
expected [] but found [0.0003],
expected [0.003] but found [],
expected [1] but found [0.003],
expected [11] but found [1],
expected [0.122] but found [11],
expected [0] but found [0.1223],
expected [20] but found [0.0003],
expected [1089006] but found [20211117-BulkTest_21],
expected [01/30/2021] but found [1089006],
expected [01/31/2021] but found [1/30/2021],
expected [421] but found [1/31/2021],
expected [Chicken] but found [421],
expected [All female] but found [Chicken],
expected [hen] but found [All female],
expected [03/03/2021] but found [hen],
expected [1001206] but found [3/3/2021],
expected [231] but found [1001206],
expected [132] but found [231],
expected [500] but found [132],
expected [400] but found [500],
expected [1] but found [400],
expected [500] but found [1],
expected [400] but found [500],
expected [] but found [400],
expected [0.122] but found [],
expected [0] but found [0.1223],
expected [] but found [0.0003],
expected [0.003] but found [],
expected [1] but found [0.003],
expected [11] but found [1],
expected [0.122] but found [11],
expected [0] but found [0.1223],
expected [21] but found [0.0003],
expected [1089006] but found [20211117-BulkTest_22],
expected [01/31/2021] but found [1089006],
expected [02/01/2021] but found [1/31/2021],
expected [422] but found [2/1/2021],
expected [Chicken] but found [422],
expected [All male] but found [Chicken],
expected [chicken] but found [All male],
expected [03/04/2021] but found [chicken],
expected [1001206] but found [3/4/2021],
expected [232] but found [1001206],
expected [133] but found [232],
expected [500] but found [133],
expected [400] but found [500],
expected [1] but found [400],
expected [500] but found [1],
expected [400] but found [500],
expected [] but found [400],
expected [0.122] but found [],
expected [0] but found [0.1223],
expected [] but found [0.0003],
expected [0.003] but found [],
expected [1] but found [0.003],
expected [11] but found [1],
expected [0.122] but found [11],
expected [0] but found [0.1223],
expected [22] but found [0.0003],
expected [1089006] but found [20211117-BulkTest_23],
expected [02/01/2021] but found [1089006],
expected [02/02/2021] but found [2/1/2021],
expected [423] but found [2/2/2021],
expected [Chicken] but found [423],
expected [All male] but found [Chicken],
expected [Turkey] but found [All male],
expected [03/05/2021] but found [Turkey ],
expected [1001206] but found [3/5/2021],
expected [233] but found [1001206],
expected [134] but found [233],
expected [500] but found [134],
expected [400] but found [500],
expected [1] but found [400],
expected [500] but found [1],
expected [400] but found [500],
expected [] but found [400],
expected [0.122] but found [],
expected [0] but found [0.1223],
expected [] but found [0.0003],
expected [0.003] but found [],
expected [1] but found [0.003],
expected [11] but found [1],
expected [0.122] but found [11],
expected [0] but found [0.1223],
expected [23] but found [0.0003],
expected [1089006] but found [20211117-BulkTest_24],
expected [02/02/2021] but found [1089006],
expected [02/03/2021] but found [2/2/2021],
expected [424] but found [2/3/2021],
expected [Chicken] but found [424],
expected [All female] but found [Chicken],
expected [Turkey] but found [All female],
expected [03/06/2021] but found [Turkey ],
expected [1001206] but found [3/6/2021],
expected [234] but found [1001206],
expected [135] but found [234],
expected [500] but found [135],
expected [400] but found [500],
expected [1] but found [400],
expected [500] but found [1],
expected [400] but found [500],
expected [] but found [400],
expected [0.122] but found [],
expected [0] but found [0.1223],
expected [] but found [0.0003],
expected [0.003] but found [],
expected [1] but found [0.003],
expected [11] but found [1],
expected [0.122] but found [11],
expected [0] but found [0.1223],
expected [24] but found [0.0003],
expected [1089006] but found [20211117-BulkTest_25],
expected [02/03/2021] but found [1089006],
expected [02/04/2021] but found [2/3/2021],
expected [425] but found [2/4/2021],
expected [Chicken] but found [425],
expected [All female] but found [Chicken],
expected [Turkey] but found [All female],
expected [03/07/2021] but found [Turkey ],
expected [1001206] but found [3/7/2021],
expected [235] but found [1001206],
expected [136] but found [235],
expected [500] but found [136],
expected [400] but found [500],
expected [1] but found [400],
expected [500] but found [1],
expected [400] but found [500],
expected [] but found [400],
expected [0.122] but found [],
expected [0] but found [0.1223],
expected [] but found [0.0003],
expected [0.003] but found [],
expected [1] but found [0.003],
expected [11] but found [1],
expected [0.122] but found [11],
expected [0] but found [0.1223],
expected [25] but found [0.0003],
expected [1089006] but found [20211117-BulkTest_26],
expected [02/04/2021] but found [1089006],
expected [02/05/2021] but found [2/4/2021],
expected [426] but found [2/5/2021],
expected [Chicken] but found [426],
expected [All female] but found [Chicken],
expected [Turkey] but found [All female],
expected [03/08/2021] but found [Turkey ],
expected [1001206] but found [3/8/2021],
expected [236] but found [1001206],
expected [137] but found [236],
expected [500] but found [137],
expected [400] but found [500],
expected [1] but found [400],
expected [500] but found [1],
expected [400] but found [500],
expected [] but found [400],
expected [0.122] but found [],
expected [0] but found [0.1223],
expected [] but found [0.0003],
expected [0.003] but found [],
expected [1] but found [0.003],
expected [11] but found [1],
expected [0.122] but found [11],
expected [0] but found [0.1223],
expected [26] but found [0.0003],
expected [1089006] but found [20211117-BulkTest_27],
expected [02/05/2021] but found [1089006],
expected [02/06/2021] but found [2/5/2021],
expected [427] but found [2/6/2021],
expected [Chicken] but found [427],
expected [All male] but found [Chicken],
expected [Turkey] but found [All male],
expected [03/09/2021] but found [Turkey ],
expected [1001206] but found [3/9/2021],
expected [237] but found [1001206],
expected [138] but found [237],
expected [500] but found [138],
expected [400] but found [500],
expected [1] but found [400],
expected [500] but found [1],
expected [400] but found [500],
expected [] but found [400],
expected [0.122] but found [],
expected [0] but found [0.1223],
expected [] but found [0.0003],
expected [0.003] but found [],
expected [1] but found [0.003],
expected [11] but found [1],
expected [0.122] but found [11],
expected [0] but found [0.1223],
expected [27] but found [0.0003],
expected [1089006] but found [20211117-BulkTest_28],
expected [02/06/2021] but found [1089006],
expected [02/07/2021] but found [2/6/2021],
expected [428] but found [2/7/2021],
expected [Chicken] but found [428],
expected [All male] but found [Chicken],
expected [Turkey] but found [All male],
expected [03/10/2021] but found [Turkey ],
expected [1001206] but found [3/10/2021],
expected [238] but found [1001206],
expected [139] but found [238],
expected [500] but found [139],
expected [400] but found [500],
expected [1] but found [400],
expected [500] but found [1],
expected [400] but found [500],
expected [] but found [400],
expected [0.122] but found [],
expected [0] but found [0.1223],
expected [] but found [0.0003],
expected [0.003] but found [],
expected [1] but found [0.003],
expected [11] but found [1],
expected [0.122] but found [11],
expected [0] but found [0.1223],
expected [28] but found [0.0003],
expected [1089006] but found [20211117-BulkTest_29],
expected [02/07/2021] but found [1089006],
expected [02/08/2021] but found [2/7/2021],
expected [429] but found [2/8/2021],
expected [Chicken] but found [429],
expected [All male] but found [Chicken],
expected [Turkey] but found [All male],
expected [03/11/2021] but found [Turkey ],
expected [1001206] but found [3/11/2021],
expected [239] but found [1001206],
expected [140] but found [239],
expected [500] but found [140],
expected [400] but found [500],
expected [1] but found [400],
expected [500] but found [1],
expected [400] but found [500],
expected [] but found [400],
expected [0.122] but found [],
expected [0] but found [0.1223],
expected [] but found [0.0003],
expected [0.003] but found [],
expected [1] but found [0.003],
expected [11] but found [1],
expected [0.122] but found [11],
expected [0] but found [0.1223],
expected [29] but found [0.0003],
expected [1089006] but found [20211117-BulkTest_3],
expected [01/12/2021] but found [1089006],
expected [01/13/2021] but found [1/12/2021],
expected [403] but found [1/13/2021],
expected [Chicken] but found [403],
expected [All female] but found [Chicken],
expected [hen] but found [All female],
expected [02/13/2021] but found [hen],
expected [1001206] but found [2/13/2021],
expected [213] but found [1001206],
expected [114] but found [213],
expected [500] but found [114],
expected [400] but found [500],
expected [1] but found [400],
expected [500] but found [1],
expected [400] but found [500],
expected [] but found [400],
expected [0.122] but found [],
expected [0] but found [0.1223],
expected [] but found [0.0003],
expected [0.003] but found [],
expected [1] but found [0.003],
expected [11] but found [1],
expected [0.122] but found [11],
expected [0] but found [0.1223],
expected [3] but found [0.0003],
expected [1089006] but found [20211117-BulkTest_30],
expected [02/08/2021] but found [1089006],
expected [02/09/2021] but found [2/8/2021],
expected [430] but found [2/9/2021],
expected [Chicken] but found [430],
expected [All male] but found [Chicken],
expected [Turkey] but found [All male],
expected [03/12/2021] but found [Turkey ],
expected [1001206] but found [3/12/2021],
expected [240] but found [1001206],
expected [141] but found [240],
expected [500] but found [141],
expected [400] but found [500],
expected [1] but found [400],
expected [500] but found [1],
expected [400] but found [500],
expected [] but found [400],
expected [0.122] but found [],
expected [0] but found [0.1223],
expected [] but found [0.0003],
expected [0.003] but found [],
expected [1] but found [0.003],
expected [11] but found [1],
expected [0.122] but found [11],
expected [0] but found [0.1223],
expected [30] but found [0.0003],
expected [1089006] but found [20211117-BulkTest_31],
expected [02/09/2021] but found [1089006],
expected [02/10/2021] but found [2/9/2021],
expected [431] but found [2/10/2021],
expected [Chicken] but found [431],
expected [All male] but found [Chicken],
expected [Turkey] but found [All male],
expected [03/13/2021] but found [Turkey ],
expected [1001206] but found [3/13/2021],
expected [241] but found [1001206],
expected [142] but found [241],
expected [500] but found [142],
expected [400] but found [500],
expected [1] but found [400],
expected [500] but found [1],
expected [400] but found [500],
expected [] but found [400],
expected [0.122] but found [],
expected [0] but found [0.1223],
expected [] but found [0.0003],
expected [0.003] but found [],
expected [1] but found [0.003],
expected [11] but found [1],
expected [0.122] but found [11],
expected [0] but found [0.1223],
expected [31] but found [0.0003],
expected [1089006] but found [20211117-BulkTest_32],
expected [02/10/2021] but found [1089006],
expected [02/11/2021] but found [2/10/2021],
expected [432] but found [2/11/2021],
expected [Chicken] but found [432],
expected [All male] but found [Chicken],
expected [Turkey] but found [All male],
expected [03/14/2021] but found [Turkey ],
expected [1001206] but found [3/14/2021],
expected [242] but found [1001206],
expected [143] but found [242],
expected [500] but found [143],
expected [400] but found [500],
expected [1] but found [400],
expected [500] but found [1],
expected [400] but found [500],
expected [] but found [400],
expected [0.122] but found [],
expected [0] but found [0.1223],
expected [] but found [0.0003],
expected [0.003] but found [],
expected [1] but found [0.003],
expected [11] but found [1],
expected [0.122] but found [11],
expected [0] but found [0.1223],
expected [32] but found [0.0003],
expected [1089006] but found [20211117-BulkTest_33],
expected [02/11/2021] but found [1089006],
expected [02/12/2021] but found [2/11/2021],
expected [433] but found [2/12/2021],
expected [Chicken] but found [433],
expected [All male] but found [Chicken],
expected [Turkey] but found [All male],
expected [03/15/2021] but found [Turkey ],
expected [1001206] but found [3/15/2021],
expected [243] but found [1001206],
expected [144] but found [243],
expected [500] but found [144],
expected [400] but found [500],
expected [1] but found [400],
expected [500] but found [1],
expected [400] but found [500],
expected [] but found [400],
expected [0.122] but found [],
expected [0] but found [0.1223],
expected [] but found [0.0003],
expected [0.003] but found [],
expected [1] but found [0.003],
expected [11] but found [1],
expected [0.122] but found [11],
expected [0] but found [0.1223],
expected [33] but found [0.0003],
expected [1089006] but found [20211117-BulkTest_34],
expected [02/12/2021] but found [1089006],
expected [02/13/2021] but found [2/12/2021],
expected [434] but found [2/13/2021],
expected [Chicken] but found [434],
expected [All male] but found [Chicken],
expected [Turkey] but found [All male],
expected [03/16/2021] but found [Turkey ],
expected [1001206] but found [3/16/2021],
expected [244] but found [1001206],
expected [145] but found [244],
expected [500] but found [145],
expected [400] but found [500],
expected [1] but found [400],
expected [500] but found [1],
expected [400] but found [500],
expected [] but found [400],
expected [0.122] but found [],
expected [0] but found [0.1223],
expected [] but found [0.0003],
expected [0.003] but found [],
expected [1] but found [0.003],
expected [11] but found [1],
expected [0.122] but found [11],
expected [0] but found [0.1223],
expected [34] but found [0.0003],
expected [1089006] but found [20211117-BulkTest_35],
expected [02/13/2021] but found [1089006],
expected [02/14/2021] but found [2/13/2021],
expected [435] but found [2/14/2021],
expected [Chicken] but found [435],
expected [All male] but found [Chicken],
expected [Turkey] but found [All male],
expected [03/17/2021] but found [Turkey ],
expected [1001206] but found [3/17/2021],
expected [245] but found [1001206],
expected [146] but found [245],
expected [500] but found [146],
expected [400] but found [500],
expected [1] but found [400],
expected [500] but found [1],
expected [400] but found [500],
expected [] but found [400],
expected [0.122] but found [],
expected [0] but found [0.1223],
expected [] but found [0.0003],
expected [0.003] but found [],
expected [1] but found [0.003],
expected [11] but found [1],
expected [0.122] but found [11],
expected [0] but found [0.1223],
expected [35] but found [0.0003],
expected [1089006] but found [20211117-BulkTest_36],
expected [02/14/2021] but found [1089006],
expected [02/15/2021] but found [2/14/2021],
expected [436] but found [2/15/2021],
expected [Chicken] but found [436],
expected [All female] but found [Chicken],
expected [Turkey] but found [All female],
expected [03/18/2021] but found [Turkey ],
expected [1001206] but found [3/18/2021],
expected [246] but found [1001206],
expected [147] but found [246],
expected [500] but found [147],
expected [400] but found [500],
expected [1] but found [400],
expected [500] but found [1],
expected [400] but found [500],
expected [] but found [400],
expected [0.122] but found [],
expected [0] but found [0.1223],
expected [] but found [0.0003],
expected [0.003] but found [],
expected [1] but found [0.003],
expected [11] but found [1],
expected [0.122] but found [11],
expected [0] but found [0.1223],
expected [36] but found [0.0003],
expected [1089006] but found [20211117-BulkTest_37],
expected [02/15/2021] but found [1089006],
expected [02/16/2021] but found [2/15/2021],
expected [437] but found [2/16/2021],
expected [Chicken] but found [437],
expected [All female] but found [Chicken],
expected [Turkey] but found [All female],
expected [03/19/2021] but found [Turkey ],
expected [1001206] but found [3/19/2021],
expected [247] but found [1001206],
expected [148] but found [247],
expected [500] but found [148],
expected [400] but found [500],
expected [1] but found [400],
expected [500] but found [1],
expected [400] but found [500],
expected [] but found [400],
expected [1] but found [],
expected [] but found [1],
expected [0.122] but found [],
expected [0] but found [0.1223],
expected [] but found [0.0003],
expected [0.003] but found [],
expected [1] but found [0.003],
expected [11] but found [1],
expected [0.122] but found [11],
expected [0] but found [0.1223],
expected [37] but found [0.0003],
expected [1089006] but found [20211117-BulkTest_38],
expected [02/16/2021] but found [1089006],
expected [02/17/2021] but found [2/16/2021],
expected [438] but found [2/17/2021],
expected [Chicken] but found [438],
expected [All female] but found [Chicken],
expected [Turkey] but found [All female],
expected [03/20/2021] but found [Turkey ],
expected [1001206] but found [3/20/2021],
expected [248] but found [1001206],
expected [149] but found [248],
expected [500] but found [149],
expected [123] but found [500],
expected [1] but found [123],
expected [500] but found [1],
expected [123] but found [500],
expected [1] but found [123],
expected [1.01] but found [1],
expected [1.001] but found [1.00955],
expected [1.001] but found [1.00115],
expected [0.969] but found [1.00125],
expected [0.032] but found [0.96855],
expected [0.122] but found [0.0315],
expected [0] but found [0.1223],
expected [9] but found [0.0003],
expected [1] but found [9],
expected [114] but found [1],
expected [1] but found [114],
expected [0.002] but found [1],
expected [1] but found [0.0016],
expected [11] but found [1],
expected [0.122] but found [11],
expected [0] but found [0.1223],
expected [38] but found [0.0003],
expected [1089006] but found [20211117-BulkTest_39],
expected [02/17/2021] but found [1089006],
expected [02/18/2021] but found [2/17/2021],
expected [439] but found [2/18/2021],
expected [Chicken] but found [439],
expected [All female] but found [Chicken],
expected [C] but found [All female],
expected [03/21/2021] but found [C],
expected [1001206] but found [3/21/2021],
expected [249] but found [1001206],
expected [150] but found [249],
expected [500] but found [150],
expected [] but found [500],
expected [1] but found [],
expected [500] but found [1],
expected [] but found [500],
expected [123] but found [],
expected [1] but found [123],
expected [] but found [1],
expected [0.122] but found [],
expected [0] but found [0.1223],
expected [9] but found [0.0003],
expected [1] but found [9],
expected [114] but found [1],
expected [1] but found [114],
expected [] but found [1],
expected [1] but found [],
expected [11] but found [1],
expected [0.122] but found [11],
expected [0] but found [0.1223],
expected [39] but found [0.0003],
expected [1089006] but found [20211117-BulkTest_4],
expected [01/13/2021] but found [1089006],
expected [01/14/2021] but found [1/13/2021],
expected [404] but found [1/14/2021],
expected [Chicken] but found [404],
expected [All female] but found [Chicken],
expected [hen] but found [All female],
expected [02/14/2021] but found [hen],
expected [1001206] but found [2/14/2021],
expected [214] but found [1001206],
expected [115] but found [214],
expected [500] but found [115],
expected [400] but found [500],
expected [1] but found [400],
expected [500] but found [1],
expected [400] but found [500],
expected [] but found [400],
expected [0.122] but found [],
expected [0] but found [0.1223],
expected [] but found [0.0003],
expected [0.003] but found [],
expected [1] but found [0.003],
expected [11] but found [1],
expected [0.122] but found [11],
expected [0] but found [0.1223],
expected [4] but found [0.0003],
expected [1089006] but found [20211117-BulkTest_40],
expected [02/18/2021] but found [1089006],
expected [02/19/2021] but found [2/18/2021],
expected [440] but found [2/19/2021],
expected [Chicken] but found [440],
expected [All female] but found [Chicken],
expected [C] but found [All female],
expected [03/22/2021] but found [C],
expected [1001206] but found [3/22/2021],
expected [250] but found [1001206],
expected [151] but found [250],
expected [500] but found [151],
expected [] but found [500],
expected [1] but found [],
expected [500] but found [1],
expected [] but found [500],
expected [123] but found [],
expected [1] but found [123],
expected [] but found [1],
expected [0.122] but found [],
expected [0] but found [0.1223],
expected [9] but found [0.0003],
expected [1] but found [9],
expected [114] but found [1],
expected [1] but found [114],
expected [] but found [1],
expected [1] but found [],
expected [11] but found [1],
expected [0.122] but found [11],
expected [0] but found [0.1223],
expected [40] but found [0.0003],
expected [1089006] but found [20211117-BulkTest_41],
expected [02/19/2021] but found [1089006],
expected [02/20/2021] but found [2/19/2021],
expected [441] but found [2/20/2021],
expected [Chicken] but found [441],
expected [All male] but found [Chicken],
expected [C] but found [All male],
expected [03/23/2021] but found [C],
expected [1001206] but found [3/23/2021],
expected [251] but found [1001206],
expected [152] but found [251],
expected [500] but found [152],
expected [] but found [500],
expected [1] but found [],
expected [500] but found [1],
expected [] but found [500],
expected [123] but found [],
expected [1] but found [123],
expected [] but found [1],
expected [0.122] but found [],
expected [0] but found [0.1223],
expected [9] but found [0.0003],
expected [1] but found [9],
expected [114] but found [1],
expected [1] but found [114],
expected [] but found [1],
expected [1] but found [],
expected [11] but found [1],
expected [0.122] but found [11],
expected [0] but found [0.1223],
expected [41] but found [0.0003],
expected [1089006] but found [20211117-BulkTest_42],
expected [02/20/2021] but found [1089006],
expected [02/21/2021] but found [2/20/2021],
expected [442] but found [2/21/2021],
expected [Chicken] but found [442],
expected [All female] but found [Chicken],
expected [C] but found [All female],
expected [03/24/2021] but found [C],
expected [1001206] but found [3/24/2021],
expected [252] but found [1001206],
expected [153] but found [252],
expected [500] but found [153],
expected [] but found [500],
expected [1] but found [],
expected [500] but found [1],
expected [] but found [500],
expected [123] but found [],
expected [1] but found [123],
expected [] but found [1],
expected [0.122] but found [],
expected [0] but found [0.1223],
expected [9] but found [0.0003],
expected [1] but found [9],
expected [114] but found [1],
expected [1] but found [114],
expected [] but found [1],
expected [1] but found [],
expected [11] but found [1],
expected [0.122] but found [11],
expected [0] but found [0.1223],
expected [42] but found [0.0003],
expected [1089006] but found [20211117-BulkTest_43],
expected [02/21/2021] but found [1089006],
expected [02/22/2021] but found [2/21/2021],
expected [443] but found [2/22/2021],
expected [Chicken] but found [443],
expected [All male] but found [Chicken],
expected [C] but found [All male],
expected [03/25/2021] but found [C],
expected [1001206] but found [3/25/2021],
expected [253] but found [1001206],
expected [154] but found [253],
expected [500] but found [154],
expected [] but found [500],
expected [1] but found [],
expected [500] but found [1],
expected [] but found [500],
expected [123] but found [],
expected [1] but found [123],
expected [] but found [1],
expected [0.122] but found [],
expected [0] but found [0.1223],
expected [9] but found [0.0003],
expected [1] but found [9],
expected [114] but found [1],
expected [1] but found [114],
expected [] but found [1],
expected [1] but found [],
expected [11] but found [1],
expected [0.122] but found [11],
expected [0] but found [0.1223],
expected [43] but found [0.0003],
expected [1089006] but found [20211117-BulkTest_44],
expected [02/22/2021] but found [1089006],
expected [02/26/2021] but found [2/22/2021],
expected [444] but found [2/26/2021],
expected [Chicken] but found [444],
expected [All female] but found [Chicken],
expected [a] but found [All female],
expected [03/26/2021] but found [a],
expected [1001206] but found [3/26/2021],
expected [254] but found [1001206],
expected [155] but found [254],
expected [924,220] but found [155],
expected [1,002] but found [924220],
expected [1] but found [1002],
expected [924,220] but found [1],
expected [1,002] but found [924220],
expected [123] but found [1002],
expected [1] but found [123],
expected [1.009] but found [1],
expected [1.001] but found [1.009],
expected [1.001] but found [1.0011],
expected [0.969] but found [1.0012],
expected [0.032] but found [0.9685],
expected [0.122] but found [0.0315],
expected [0] but found [0.1223],
expected [9] but found [0.0003],
expected [1] but found [9],
expected [114] but found [1],
expected [1] but found [114],
expected [0.002] but found [1],
expected [1] but found [0.0016],
expected [11] but found [1],
expected [0.122] but found [11],
expected [0] but found [0.1223],
expected [44] but found [0.0003],
expected [1089006] but found [20211117-BulkTest_45],
expected [02/23/2021] but found [1089006],
expected [02/27/2021] but found [2/23/2021],
expected [445] but found [2/27/2021],
expected [Chicken] but found [445],
expected [] but found [Chicken],
expected [03/27/2021] but found [],
expected [1001206] but found [3/27/2021],
expected [255] but found [1001206],
expected [156] but found [255],
expected [1,022,260] but found [156],
expected [1,002] but found [1022260],
expected [1] but found [1002],
expected [1,022,260] but found [1],
expected [1,002] but found [1022260],
expected [123] but found [1002],
expected [1] but found [123],
expected [1.009] but found [1],
expected [1.001] but found [1.009],
expected [1.001] but found [1.0011],
expected [0.958] but found [1.0012],
expected [0.042] but found [0.9582],
expected [0.122] but found [0.0418],
expected [0] but found [0.1223],
expected [9] but found [0.0003],
expected [1] but found [9],
expected [114] but found [1],
expected [1] but found [114],
expected [0.002] but found [1],
expected [1] but found [0.0016],
expected [11] but found [1],
expected [0.122] but found [11],
expected [0] but found [0.1223],
expected [45] but found [0.0003],
expected [1089006] but found [20211117-BulkTest_46],
expected [02/24/2021] but found [1089006],
expected [02/28/2021] but found [2/24/2021],
expected [446] but found [2/28/2021],
expected [Chicken] but found [446],
expected [All female] but found [Chicken],
expected [a] but found [All female],
expected [03/28/2021] but found [a],
expected [1001206] but found [3/28/2021],
expected [256] but found [1001206],
expected [157] but found [256],
expected [924,220] but found [157],
expected [1,002] but found [924220],
expected [1] but found [1002],
expected [924,220] but found [1],
expected [1,002] but found [924220],
expected [123] but found [1002],
expected [1] but found [123],
expected [1.009] but found [1],
expected [1.001] but found [1.009],
expected [1.001] but found [1.0011],
expected [0.969] but found [1.0012],
expected [0.032] but found [0.9685],
expected [0.122] but found [0.0315],
expected [0] but found [0.1223],
expected [9] but found [0.0003],
expected [1] but found [9],
expected [114] but found [1],
expected [1] but found [114],
expected [0.002] but found [1],
expected [1] but found [0.0016],
expected [11] but found [1],
expected [0.122] but found [11],
expected [0] but found [0.1223],
expected [46] but found [0.0003],
expected [1089006] but found [20211117-BulkTest_47],
expected [02/25/2021] but found [1089006],
expected [03/04/2021] but found [2/25/2021],
expected [447] but found [3/4/2021],
expected [Chicken] but found [447],
expected [All male] but found [Chicken],
expected [aa] but found [All male],
expected [03/29/2021] but found [aa],
expected [1001206] but found [3/29/2021],
expected [257] but found [1001206],
expected [158] but found [257],
expected [2] but found [158],
expected [27] but found [2],
expected [1] but found [27],
expected [2] but found [1],
expected [27] but found [2],
expected [123] but found [27],
expected [1] but found [123],
expected [0.122] but found [1],
expected [0] but found [0.1223],
expected [9] but found [0.0003],
expected [1] but found [9],
expected [114] but found [1],
expected [1] but found [114],
expected [11] but found [1],
expected [0.122] but found [11],
expected [0] but found [0.1223],
expected [47] but found [0.0003],
expected [1089006] but found [20211117-BulkTest_48],
expected [02/26/2021] but found [1089006],
expected [03/07/2021] but found [2/26/2021],
expected [448] but found [3/7/2021],
expected [Chicken] but found [448],
expected [All male] but found [Chicken],
expected [aa] but found [All male],
expected [03/30/2021] but found [aa],
expected [1001206] but found [3/30/2021],
expected [258] but found [1001206],
expected [159] but found [258],
expected [2] but found [159],
expected [27] but found [2],
expected [1] but found [27],
expected [2] but found [1],
expected [27] but found [2],
expected [123] but found [27],
expected [1] but found [123],
expected [0.122] but found [1],
expected [0] but found [0.1223],
expected [9] but found [0.0003],
expected [1] but found [9],
expected [114] but found [1],
expected [1] but found [114],
expected [11] but found [1],
expected [0.122] but found [11],
expected [0] but found [0.1223],
expected [48] but found [0.0003],
expected [1089006] but found [20211117-BulkTest_49],
expected [02/27/2021] but found [1089006],
expected [03/08/2021] but found [2/27/2021],
expected [449] but found [3/8/2021],
expected [Chicken] but found [449],
expected [All male] but found [Chicken],
expected [aa] but found [All male],
expected [03/31/2021] but found [aa],
expected [1001206] but found [3/31/2021],
expected [259] but found [1001206],
expected [160] but found [259],
expected [2] but found [160],
expected [27] but found [2],
expected [1] but found [27],
expected [2] but found [1],
expected [27] but found [2],
expected [123] but found [27],
expected [1] but found [123],
expected [0.122] but found [1],
expected [0] but found [0.1223],
expected [9] but found [0.0003],
expected [1] but found [9],
expected [114] but found [1],
expected [1] but found [114],
expected [11] but found [1],
expected [0.122] but found [11],
expected [0] but found [0.1223],
expected [49] but found [0.0003],
expected [1089006] but found [20211117-BulkTest_5],
expected [01/14/2021] but found [1089006],
expected [01/15/2021] but found [1/14/2021],
expected [405] but found [1/15/2021],
expected [Chicken] but found [405],
expected [All female] but found [Chicken],
expected [hen] but found [All female],
expected [02/15/2021] but found [hen],
expected [1001206] but found [2/15/2021],
expected [215] but found [1001206],
expected [116] but found [215],
expected [500] but found [116],
expected [400] but found [500],
expected [1] but found [400],
expected [500] but found [1],
expected [400] but found [500],
expected [] but found [400],
expected [0.122] but found [],
expected [0] but found [0.1223],
expected [] but found [0.0003],
expected [0.003] but found [],
expected [1] but found [0.003],
expected [11] but found [1],
expected [0.122] but found [11],
expected [0] but found [0.1223],
expected [5] but found [0.0003],
expected [1089006] but found [20211117-BulkTest_50],
expected [02/28/2021] but found [1089006],
expected [03/09/2021] but found [2/28/2021],
expected [450] but found [3/9/2021],
expected [Chicken] but found [450],
expected [All male] but found [Chicken],
expected [aa] but found [All male],
expected [04/01/2021] but found [aa],
expected [1001206] but found [4/1/2021],
expected [260] but found [1001206],
expected [161] but found [260],
expected [2] but found [161],
expected [27] but found [2],
expected [1] but found [27],
expected [2] but found [1],
expected [27] but found [2],
expected [123] but found [27],
expected [1] but found [123],
expected [0.122] but found [1],
expected [0] but found [0.1223],
expected [9] but found [0.0003],
expected [1] but found [9],
expected [114] but found [1],
expected [1] but found [114],
expected [11] but found [1],
expected [0.122] but found [11],
expected [0] but found [0.1223],
expected [50] but found [0.0003],
expected [1089006] but found [20211117-BulkTest_51],
expected [03/01/2021] but found [1089006],
expected [03/10/2021] but found [3/1/2021],
expected [451] but found [3/10/2021],
expected [Chicken] but found [451],
[...]
expected [215] but found [1001206],
expected [116] but found [215],
expected [500] but found [116],
expected [400] but found [500],
expected [1] but found [400],
expected [500] but found [1],
expected [400] but found [500],
expected [] but found [400],
expected [0.122] but found [],
expected [0] but found [0.1223],
expected [] but found [0.0003],
expected [0.003] but found [],
expected [1] but found [0.003],
expected [11] but found [1],
expected [0.122] but found [11],
expected [0] but found [0.1223],
expected [5] but found [0.0003],
expected [1089006] but found [20211117-BulkTest_50],
expected [02/28/2021] but found [1089006],
expected [03/09/2021] but found [2/28/2021],
expected [450] but found [3/9/2021],
expected [Chicken] but found [450],
expected [All male] but found [Chicken],
expected [aa] but found [All male],
expected [04/01/2021] but found [aa],
expected [1001206] but found [4/1/2021],
expected [260] but found [1001206],
expected [161] but found [260],
expected [2] but found [161],
expected [27] but found [2],
expected [1] but found [27],
expected [2] but found [1],
expected [27] but found [2],
expected [123] but found [27],
expected [1] but found [123],
expected [0.122] but found [1],
expected [0] but found [0.1223],
expected [9] but found [0.0003],
expected [1] but found [9],
expected [114] but found [1],
expected [1] but found [114],
expected [11] but found [1],
expected [0.122] but found [11],
expected [0] but found [0.1223],
expected [50] but found [0.0003],
expected [1089006] but found [20211117-BulkTest_51],
expected [03/01/2021] but found [1089006],
expected [03/10/2021] but found [3/1/2021],
expected [451] but found [3/10/2021],
expected [Chicken] but found [451],
expected [] but found [Chicken],
expected [04/02/2021] but found [],
expected [1001206] but found [4/2/2021],
expected [261] but found [1001206],
expected [162] but found [261],
expected [92,422,054,564] but found [162],
expected [100,254,564] but found [92422054564],
expected [1] but found [100254564],
expected [92,422,054,564] but found [1],
expected [100,254,564] but found [92422054564],
expected [123] but found [100254564],
expected [1] but found [123],
expected [1.01] but found [1],
expected [1.001] but found [1.00955],
expected [1.001] but found [1.00115],
expected [0.969] but found [1.00125],
expected [0.032] but found [0.96855],
expected [0.122] but found [0.0315],
expected [0] but found [0.1223],
expected [9] but found [0.0003],
expected [1] but found [9],
expected [114] but found [1],
expected [1] but found [114],
expected [0.002] but found [1],
expected [1] but found [0.00165],
expected [11] but found [1],
expected [0.122] but found [11],
expected [0] but found [0.1223],
expected [51] but found [0.0003],
expected [1089006] but found [20211117-BulkTest_52],
expected [03/02/2021] but found [1089006],
expected [03/11/2021] but found [3/2/2021],
expected [452] but found [3/11/2021],
expected [Chicken] but found [452],
expected [All female] but found [Chicken],
expected [hen] but found [All female],
expected [04/03/2021] but found [hen],
expected [1001206] but found [4/3/2021],
expected [262] but found [1001206],
expected [163] but found [262],
expected [2] but found [163],
expected [27] but found [2],
expected [1] but found [27],
expected [2] but found [1],
expected [27] but found [2],
expected [123] but found [27],
expected [1] but found [123],
expected [0.122] but found [1],
expected [0] but found [0.1223],
expected [9] but found [0.0003],
expected [1] but found [9],
expected [114] but found [1],
expected [1] but found [114],
expected [11] but found [1],
expected [0.122] but found [11],
expected [0] but found [0.1223],
expected [52] but found [0.0003],
expected [1089006] but found [20211117-BulkTest_53],
expected [03/03/2021] but found [1089006],
expected [03/12/2021] but found [3/3/2021],
expected [453] but found [3/12/2021],
expected [Chicken] but found [453],
expected [All female] but found [Chicken],
expected [hen] but found [All female],
expected [04/04/2021] but found [hen],
expected [1001206] but found [4/4/2021],
expected [263] but found [1001206],
expected [164] but found [263],
expected [2] but found [164],
expected [27] but found [2],
expected [1] but found [27],
expected [2] but found [1],
expected [27] but found [2],
expected [123] but found [27],
expected [1] but found [123],
expected [0.122] but found [1],
expected [0] but found [0.1223],
expected [9] but found [0.0003],
expected [1] but found [9],
expected [114] but found [1],
expected [1] but found [114],
expected [11] but found [1],
expected [0.122] but found [11],
expected [0] but found [0.1223],
expected [53] but found [0.0003],
expected [1089006] but found [20211117-BulkTest_54],
expected [03/04/2021] but found [1089006],
expected [03/13/2021] but found [3/4/2021],
expected [454] but found [3/13/2021],
expected [Chicken] but found [454],
expected [All female] but found [Chicken],
expected [hen] but found [All female],
expected [04/05/2021] but found [hen],
expected [1001206] but found [4/5/2021],
expected [264] but found [1001206],
expected [165] but found [264],
expected [2] but found [165],
expected [27] but found [2],
expected [1] but found [27],
expected [2] but found [1],
expected [27] but found [2],
expected [123] but found [27],
expected [1] but found [123],
expected [0.122] but found [1],
expected [0] but found [0.1223],
expected [9] but found [0.0003],
expected [1] but found [9],
expected [114] but found [1],
expected [1] but found [114],
expected [11] but found [1],
expected [0.122] but found [11],
expected [0] but found [0.1223],
expected [54] but found [0.0003],
expected [1089006] but found [20211117-BulkTest_55],
expected [03/05/2021] but found [1089006],
expected [03/14/2021] but found [3/5/2021],
expected [455] but found [3/14/2021],
expected [Chicken] but found [455],
expected [All female] but found [Chicken],
expected [hen] but found [All female],
expected [04/06/2021] but found [hen],
expected [1001206] but found [4/6/2021],
expected [265] but found [1001206],
expected [166] but found [265],
expected [2] but found [166],
expected [27] but found [2],
expected [1] but found [27],
expected [2] but found [1],
expected [27] but found [2],
expected [123] but found [27],
expected [1] but found [123],
expected [0.122] but found [1],
expected [0] but found [0.1223],
expected [9] but found [0.0003],
expected [1] but found [9],
expected [114] but found [1],
expected [1] but found [114],
expected [11] but found [1],
expected [0.122] but found [11],
expected [0] but found [0.1223],
expected [55] but found [0.0003],
expected [1089006] but found [20211117-BulkTest_56],
expected [03/06/2021] but found [1089006],
expected [03/15/2021] but found [3/6/2021],
expected [456] but found [3/15/2021],
expected [Chicken] but found [456],
expected [All male] but found [Chicken],
expected [aa] but found [All male],
expected [04/07/2021] but found [aa],
expected [1001206] but found [4/7/2021],
expected [266] but found [1001206],
expected [167] but found [266],
expected [2] but found [167],
expected [27] but found [2],
expected [1] but found [27],
expected [2] but found [1],
expected [27] but found [2],
expected [123] but found [27],
expected [1] but found [123],
expected [0.122] but found [1],
expected [0] but found [0.1223],
expected [9] but found [0.0003],
expected [1] but found [9],
expected [114] but found [1],
expected [1] but found [114],
expected [11] but found [1],
expected [0.122] but found [11],
expected [0] but found [0.1223],
expected [56] but found [0.0003],
expected [1089006] but found [20211117-BulkTest_57],
expected [03/07/2021] but found [1089006],
expected [03/16/2021] but found [3/7/2021],
expected [457] but found [3/16/2021],
expected [Chicken] but found [457],
expected [All male] but found [Chicken],
expected [aa] but found [All male],
expected [04/08/2021] but found [aa],
expected [1001206] but found [4/8/2021],
expected [267] but found [1001206],
expected [168] but found [267],
expected [2] but found [168],
expected [27] but found [2],
expected [1] but found [27],
expected [2] but found [1],
expected [27] but found [2],
expected [123] but found [27],
expected [1] but found [123],
expected [0.122] but found [1],
expected [0] but found [0.1223],
expected [9] but found [0.0003],
expected [1] but found [9],
expected [114] but found [1],
expected [1] but found [114],
expected [11] but found [1],
expected [0.122] but found [11],
expected [0] but found [0.1223],
expected [57] but found [0.0003],
expected [1089006] but found [20211117-BulkTest_58],
expected [03/08/2021] but found [1089006],
expected [03/17/2021] but found [3/8/2021],
expected [458] but found [3/17/2021],
expected [Chicken] but found [458],
expected [All male] but found [Chicken],
expected [aa] but found [All male],
expected [04/09/2021] but found [aa],
expected [1001206] but found [4/9/2021],
expected [268] but found [1001206],
expected [169] but found [268],
expected [2] but found [169],
expected [27] but found [2],
expected [1] but found [27],
expected [2] but found [1],
expected [27] but found [2],
expected [123] but found [27],
expected [1] but found [123],
expected [0.122] but found [1],
expected [0] but found [0.1223],
expected [9] but found [0.0003],
expected [1] but found [9],
expected [114] but found [1],
expected [1] but found [114],
expected [11] but found [1],
expected [0.122] but found [11],
expected [0] but found [0.1223],
expected [58] but found [0.0003],
expected [1089006] but found [20211117-BulkTest_59],
expected [03/09/2021] but found [1089006],
expected [03/18/2021] but found [3/9/2021],
expected [459] but found [3/18/2021],
expected [Chicken] but found [459],
expected [All male] but found [Chicken],
expected [aa] but found [All male],
expected [04/10/2021] but found [aa],
expected [1001206] but found [4/10/2021],
expected [269] but found [1001206],
expected [170] but found [269],
expected [2] but found [170],
expected [27] but found [2],
expected [1] but found [27],
expected [2] but found [1],
expected [27] but found [2],
expected [123] but found [27],
expected [1] but found [123],
expected [0.122] but found [1],
expected [0] but found [0.1223],
expected [9] but found [0.0003],
expected [1] but found [9],
expected [114] but found [1],
expected [1] but found [114],
expected [11] but found [1],
expected [0.122] but found [11],
expected [0] but found [0.1223],
expected [59] but found [0.0003],
expected [1089006] but found [20211117-BulkTest_6],
expected [01/15/2021] but found [1089006],
expected [01/16/2021] but found [1/15/2021],
expected [406] but found [1/16/2021],
expected [Chicken] but found [406],
expected [All male] but found [Chicken],
expected [chicken] but found [All male],
expected [02/16/2021] but found [chicken],
expected [1001206] but found [2/16/2021],
expected [216] but found [1001206],
expected [117] but found [216],
expected [500] but found [117],
expected [400] but found [500],
expected [1] but found [400],
expected [500] but found [1],
expected [400] but found [500],
expected [] but found [400],
expected [0.122] but found [],
expected [0] but found [0.1223],
expected [] but found [0.0003],
expected [0.003] but found [],
expected [1] but found [0.003],
expected [11] but found [1],
expected [0.122] but found [11],
expected [0] but found [0.1223],
expected [6] but found [0.0003],
expected [1089006] but found [20211117-BulkTest_60],
expected [03/10/2021] but found [1089006],
expected [03/19/2021] but found [3/10/2021],
expected [460] but found [3/19/2021],
expected [Chicken] but found [460],
expected [All male] but found [Chicken],
expected [aa] but found [All male],
expected [04/11/2021] but found [aa],
expected [1001206] but found [4/11/2021],
expected [270] but found [1001206],
expected [171] but found [270],
expected [2] but found [171],
expected [27] but found [2],
expected [1] but found [27],
expected [2] but found [1],
expected [27] but found [2],
expected [123] but found [27],
expected [1] but found [123],
expected [0.122] but found [1],
expected [0] but found [0.1223],
expected [9] but found [0.0003],
expected [1] but found [9],
expected [114] but found [1],
expected [1] but found [114],
expected [11] but found [1],
expected [0.122] but found [11],
expected [0] but found [0.1223],
expected [60] but found [0.0003],
expected [1089006] but found [20211117-BulkTest_61],
expected [03/11/2021] but found [1089006],
expected [03/20/2021] but found [3/11/2021],
expected [461] but found [3/20/2021],
expected [Chicken] but found [461],
expected [All male] but found [Chicken],
expected [aa] but found [All male],
expected [04/12/2021] but found [aa],
expected [1001206] but found [4/12/2021],
expected [271] but found [1001206],
expected [172] but found [271],
expected [2] but found [172],
expected [27] but found [2],
expected [1] but found [27],
expected [2] but found [1],
expected [27] but found [2],
expected [123] but found [27],
expected [1] but found [123],
expected [0.122] but found [1],
expected [0] but found [0.1223],
expected [9] but found [0.0003],
expected [1] but found [9],
expected [114] but found [1],
expected [1] but found [114],
expected [11] but found [1],
expected [0.122] but found [11],
expected [0] but found [0.1223],
expected [61] but found [0.0003],
expected [1089006] but found [20211117-BulkTest_62],
expected [03/12/2021] but found [1089006],
expected [03/21/2021] but found [3/12/2021],
expected [462] but found [3/21/2021],
expected [Chicken] but found [462],
expected [All male] but found [Chicken],
expected [aa] but found [All male],
expected [04/13/2021] but found [aa],
expected [1001206] but found [4/13/2021],
expected [272] but found [1001206],
expected [173] but found [272],
expected [2] but found [173],
expected [27] but found [2],
expected [1] but found [27],
expected [2] but found [1],
expected [27] but found [2],
expected [123] but found [27],
expected [1] but found [123],
expected [0.122] but found [1],
expected [0] but found [0.1223],
expected [9] but found [0.0003],
expected [1] but found [9],
expected [114] but found [1],
expected [1] but found [114],
expected [11] but found [1],
expected [0.122] but found [11],
expected [0] but found [0.1223],
expected [62] but found [0.0003],
expected [1089006] but found [20211117-BulkTest_63],
expected [03/13/2021] but found [1089006],
expected [03/22/2021] but found [3/13/2021],
expected [463] but found [3/22/2021],
expected [Chicken] but found [463],
expected [All male] but found [Chicken],
expected [aa] but found [All male],
expected [04/14/2021] but found [aa],
expected [1001206] but found [4/14/2021],
expected [273] but found [1001206],
expected [174] but found [273],
expected [2] but found [174],
expected [27] but found [2],
expected [1] but found [27],
expected [2] but found [1],
expected [27] but found [2],
expected [123] but found [27],
expected [1] but found [123],
expected [0.122] but found [1],
expected [0] but found [0.1223],
expected [9] but found [0.0003],
expected [1] but found [9],
expected [114] but found [1],
expected [1] but found [114],
expected [11] but found [1],
expected [0.122] but found [11],
expected [0] but found [0.1223],
expected [63] but found [0.0003],
expected [1089006] but found [20211117-BulkTest_64],
expected [03/14/2021] but found [1089006],
expected [03/23/2021] but found [3/14/2021],
expected [464] but found [3/23/2021],
expected [Chicken] but found [464],
expected [All male] but found [Chicken],
expected [aa] but found [All male],
expected [04/15/2021] but found [aa],
expected [1001206] but found [4/15/2021],
expected [274] but found [1001206],
expected [175] but found [274],
expected [2] but found [175],
expected [27] but found [2],
expected [1] but found [27],
expected [2] but found [1],
expected [27] but found [2],
expected [123] but found [27],
expected [1] but found [123],
expected [0.122] but found [1],
expected [0] but found [0.1223],
expected [9] but found [0.0003],
expected [1] but found [9],
expected [114] but found [1],
expected [1] but found [114],
expected [11] but found [1],
expected [0.122] but found [11],
expected [0] but found [0.1223],
expected [64] but found [0.0003],
expected [1089006] but found [20211117-BulkTest_65],
expected [03/15/2021] but found [1089006],
expected [03/24/2021] but found [3/15/2021],
expected [465] but found [3/24/2021],
expected [Chicken] but found [465],
expected [All male] but found [Chicken],
expected [aa] but found [All male],
expected [04/16/2021] but found [aa],
expected [1001206] but found [4/16/2021],
expected [275] but found [1001206],
expected [176] but found [275],
expected [2] but found [176],
expected [27] but found [2],
expected [1] but found [27],
expected [2] but found [1],
expected [27] but found [2],
expected [123] but found [27],
expected [1] but found [123],
expected [0.122] but found [1],
expected [0] but found [0.1223],
expected [9] but found [0.0003],
expected [1] but found [9],
expected [114] but found [1],
expected [1] but found [114],
expected [11] but found [1],
expected [0.122] but found [11],
expected [0] but found [0.1223],
expected [65] but found [0.0003],
expected [1089006] but found [20211117-BulkTest_66],
expected [03/16/2021] but found [1089006],
expected [03/25/2021] but found [3/16/2021],
expected [466] but found [3/25/2021],
expected [Chicken] but found [466],
expected [All male] but found [Chicken],
expected [aa] but found [All male],
expected [04/17/2021] but found [aa],
expected [1001206] but found [4/17/2021],
expected [276] but found [1001206],
expected [177] but found [276],
expected [2] but found [177],
expected [27] but found [2],
expected [1] but found [27],
expected [2] but found [1],
expected [27] but found [2],
expected [123] but found [27],
expected [1] but found [123],
expected [0.122] but found [1],
expected [0] but found [0.1223],
expected [9] but found [0.0003],
expected [1] but found [9],
expected [114] but found [1],
expected [1] but found [114],
expected [11] but found [1],
expected [0.122] but found [11],
expected [0] but found [0.1223],
expected [66] but found [0.0003],
expected [1089006] but found [20211117-BulkTest_67],
expected [03/17/2021] but found [1089006],
expected [03/26/2021] but found [3/17/2021],
expected [467] but found [3/26/2021],
expected [Chicken] but found [467],
expected [All male] but found [Chicken],
expected [aa] but found [All male],
expected [04/18/2021] but found [aa],
expected [1001206] but found [4/18/2021],
expected [277] but found [1001206],
expected [178] but found [277],
expected [2] but found [178],
expected [27] but found [2],
expected [1] but found [27],
expected [2] but found [1],
expected [27] but found [2],
expected [123] but found [27],
expected [1] but found [123],
expected [0.122] but found [1],
expected [0] but found [0.1223],
expected [9] but found [0.0003],
expected [1] but found [9],
expected [114] but found [1],
expected [1] but found [114],
expected [11] but found [1],
expected [0.122] but found [11],
expected [0] but found [0.1223],
expected [67] but found [0.0003]
at org.testng.asserts.SoftAssert.assertAll(SoftAssert.java:47)
at org.testng.asserts.SoftAssert.assertAll(SoftAssert.java:31)
at Test.Ancera.Administration.FlockRegistration.CSVExport(FlockRegistration.java:956)
... 28 more
]]>
            </full-stacktrace>
          </exception> <!-- java.lang.Exception -->
          <reporter-output>
          </reporter-output>
        </test-method> <!-- CSVExport -->
        <test-method is-config="true" signature="endreport()[pri:0, instance:Test.Ancera.Administration.FlockRegistration@659499f1]" started-at="2021-11-29T16:32:35 PKT" name="endreport" finished-at="2021-11-29T16:32:36 PKT" duration-ms="327" status="PASS">
          <reporter-output>
          </reporter-output>
        </test-method> <!-- endreport -->
      </class> <!-- Test.Ancera.Administration.FlockRegistration -->
    </test> <!-- Default test -->
  </suite> <!-- Default suite -->
</testng-results>
