<?xml version="1.0" encoding="UTF-8"?>
<testng-results ignored="5" total="6" passed="1" failed="0" skipped="0">
  <reporter-output>
  </reporter-output>
  <suite started-at="2022-06-17T12:56:32 PKT" name="Default suite" finished-at="2022-06-17T12:57:28 PKT" duration-ms="55959">
    <groups>
    </groups>
    <test started-at="2022-06-17T12:56:32 PKT" name="Default test" finished-at="2022-06-17T12:57:28 PKT" duration-ms="55959">
      <class name="Test.Ancera.Administration.PreFlutterMobile">
        <test-method is-config="true" signature="extent()[pri:0, instance:Test.Ancera.Administration.PreFlutterMobile@7bab3f1a]" started-at="2022-06-17T12:56:32 PKT" name="extent" finished-at="2022-06-17T12:56:51 PKT" duration-ms="19386" status="PASS">
          <reporter-output>
          </reporter-output>
        </test-method> <!-- extent -->
        <test-method signature="VerifyTestingSitesAccess()[pri:10, instance:Test.Ancera.Administration.PreFlutterMobile@7bab3f1a]" started-at="2022-06-17T12:56:51 PKT" name="VerifyTestingSitesAccess" finished-at="2022-06-17T12:57:27 PKT" duration-ms="36278" status="PASS">
          <reporter-output>
          </reporter-output>
        </test-method> <!-- VerifyTestingSitesAccess -->
        <test-method is-config="true" signature="endreport()[pri:0, instance:Test.Ancera.Administration.PreFlutterMobile@7bab3f1a]" started-at="2022-06-17T12:57:27 PKT" name="endreport" finished-at="2022-06-17T12:57:28 PKT" duration-ms="267" status="PASS">
          <reporter-output>
          </reporter-output>
        </test-method> <!-- endreport -->
      </class> <!-- Test.Ancera.Administration.PreFlutterMobile -->
    </test> <!-- Default test -->
  </suite> <!-- Default suite -->
</testng-results>
