<?xml version="1.0" encoding="UTF-8"?>
<testng-results ignored="1" total="2" passed="0" failed="1" skipped="0">
  <reporter-output>
  </reporter-output>
  <suite started-at="2022-12-20T11:50:23 PKT" name="Default suite" finished-at="2022-12-20T11:51:05 PKT" duration-ms="42004">
    <groups>
    </groups>
    <test started-at="2022-12-20T11:50:23 PKT" name="Default test" finished-at="2022-12-20T11:51:05 PKT" duration-ms="42004">
      <class name="Test.Ancera.Ingestions.Normal_Ingestion">
        <test-method is-config="true" signature="extent()[pri:0, instance:Test.Ancera.Ingestions.Normal_Ingestion@18d87d80]" started-at="2022-12-20T11:50:23 PKT" name="extent" finished-at="2022-12-20T11:51:04 PKT" duration-ms="40954" status="PASS">
          <reporter-output>
          </reporter-output>
        </test-method> <!-- extent -->
        <test-method signature="NormalIngestionCoccidia()[pri:2, instance:Test.Ancera.Ingestions.Normal_Ingestion@18d87d80]" started-at="2022-12-20T11:51:04 PKT" name="NormalIngestionCoccidia" description="Test Case: Run Ingestion for Coccidia" finished-at="2022-12-20T11:51:04 PKT" duration-ms="360" status="FAIL">
          <exception class="java.lang.NoSuchMethodError">
            <message>
              <![CDATA['boolean io.restassured.common.mapper.resolver.ObjectMapperResolver.isJakartaEEInClassPath()']]>
            </message>
            <full-stacktrace>
              <![CDATA[java.lang.NoSuchMethodError: 'boolean io.restassured.common.mapper.resolver.ObjectMapperResolver.isJakartaEEInClassPath()'
at io.restassured.config.ObjectMapperConfig.newJakartaEEObjectMapperFactoryOrNullIfNotInClasspath(ObjectMapperConfig.java:265)
at io.restassured.config.ObjectMapperConfig.<init>(ObjectMapperConfig.java:60)
at io.restassured.config.RestAssuredConfig.<init>(RestAssuredConfig.java:41)
at io.restassured.RestAssured.<clinit>(RestAssured.java:422)
at Test.Ancera.Ingestions.Normal_Ingestion.NormalIngestionCoccidia(Normal_Ingestion.java:849)
at java.base/jdk.internal.reflect.NativeMethodAccessorImpl.invoke0(Native Method)
at java.base/jdk.internal.reflect.NativeMethodAccessorImpl.invoke(NativeMethodAccessorImpl.java:64)
at java.base/jdk.internal.reflect.DelegatingMethodAccessorImpl.invoke(DelegatingMethodAccessorImpl.java:43)
at java.base/java.lang.reflect.Method.invoke(Method.java:564)
at org.testng.internal.MethodInvocationHelper.invokeMethod(MethodInvocationHelper.java:132)
at org.testng.internal.TestInvoker.invokeMethod(TestInvoker.java:599)
at org.testng.internal.TestInvoker.invokeTestMethod(TestInvoker.java:174)
at org.testng.internal.MethodRunner.runInSequence(MethodRunner.java:46)
at org.testng.internal.TestInvoker$MethodInvocationAgent.invoke(TestInvoker.java:822)
at org.testng.internal.TestInvoker.invokeTestMethods(TestInvoker.java:147)
at org.testng.internal.TestMethodWorker.invokeTestMethods(TestMethodWorker.java:146)
at org.testng.internal.TestMethodWorker.run(TestMethodWorker.java:128)
at java.base/java.util.ArrayList.forEach(ArrayList.java:1511)
at org.testng.TestRunner.privateRun(TestRunner.java:764)
at org.testng.TestRunner.run(TestRunner.java:585)
at org.testng.SuiteRunner.runTest(SuiteRunner.java:384)
at org.testng.SuiteRunner.runSequentially(SuiteRunner.java:378)
at org.testng.SuiteRunner.privateRun(SuiteRunner.java:337)
at org.testng.SuiteRunner.run(SuiteRunner.java:286)
at org.testng.SuiteRunnerWorker.runSuite(SuiteRunnerWorker.java:53)
at org.testng.SuiteRunnerWorker.run(SuiteRunnerWorker.java:96)
at org.testng.TestNG.runSuitesSequentially(TestNG.java:1218)
at org.testng.TestNG.runSuitesLocally(TestNG.java:1140)
at org.testng.TestNG.runSuites(TestNG.java:1069)
at org.testng.TestNG.run(TestNG.java:1037)
at org.testng.remote.AbstractRemoteTestNG.run(AbstractRemoteTestNG.java:115)
at org.testng.remote.RemoteTestNG.initAndRun(RemoteTestNG.java:251)
at org.testng.remote.RemoteTestNG.main(RemoteTestNG.java:77)
]]>
            </full-stacktrace>
          </exception> <!-- java.lang.NoSuchMethodError -->
          <reporter-output>
          </reporter-output>
        </test-method> <!-- NormalIngestionCoccidia -->
        <test-method is-config="true" signature="endreport()[pri:0, instance:Test.Ancera.Ingestions.Normal_Ingestion@18d87d80]" started-at="2022-12-20T11:51:04 PKT" name="endreport" finished-at="2022-12-20T11:51:05 PKT" duration-ms="639" status="PASS">
          <reporter-output>
          </reporter-output>
        </test-method> <!-- endreport -->
      </class> <!-- Test.Ancera.Ingestions.Normal_Ingestion -->
    </test> <!-- Default test -->
  </suite> <!-- Default suite -->
</testng-results>
