<?xml version="1.0" encoding="UTF-8"?>
<testng-results ignored="0" total="3" passed="3" failed="0" skipped="0">
  <reporter-output>
  </reporter-output>
  <suite started-at="2022-09-16T17:22:35 PKT" name="Default suite" finished-at="2022-09-16T17:23:22 PKT" duration-ms="47332">
    <groups>
    </groups>
    <test started-at="2022-09-16T17:22:35 PKT" name="Default test" finished-at="2022-09-16T17:23:22 PKT" duration-ms="47332">
      <class name="Test.Ancera.Login.TestLogin">
        <test-method is-config="true" signature="extent()[pri:0, instance:Test.Ancera.Login.TestLogin@17497425]" started-at="2022-09-16T17:22:35 PKT" name="extent" finished-at="2022-09-16T17:22:52 PKT" duration-ms="16723" status="PASS">
          <reporter-output>
          </reporter-output>
        </test-method> <!-- extent -->
        <test-method signature="login()[pri:1, instance:Test.Ancera.Login.TestLogin@17497425]" started-at="2022-09-16T17:22:52 PKT" name="login" finished-at="2022-09-16T17:23:15 PKT" duration-ms="22935" status="PASS">
          <reporter-output>
          </reporter-output>
        </test-method> <!-- login -->
        <test-method signature="logout()[pri:2, instance:Test.Ancera.Login.TestLogin@17497425]" started-at="2022-09-16T17:23:15 PKT" name="logout" finished-at="2022-09-16T17:23:19 PKT" duration-ms="3913" status="PASS">
          <reporter-output>
          </reporter-output>
        </test-method> <!-- logout -->
        <test-method signature="verifyLogout()[pri:3, instance:Test.Ancera.Login.TestLogin@17497425]" started-at="2022-09-16T17:23:19 PKT" name="verifyLogout" finished-at="2022-09-16T17:23:21 PKT" duration-ms="2483" status="PASS">
          <reporter-output>
          </reporter-output>
        </test-method> <!-- verifyLogout -->
        <test-method is-config="true" signature="endreport()[pri:0, instance:Test.Ancera.Login.TestLogin@17497425]" started-at="2022-09-16T17:23:21 PKT" name="endreport" finished-at="2022-09-16T17:23:22 PKT" duration-ms="1234" status="PASS">
          <reporter-output>
          </reporter-output>
        </test-method> <!-- endreport -->
      </class> <!-- Test.Ancera.Login.TestLogin -->
    </test> <!-- Default test -->
  </suite> <!-- Default suite -->
</testng-results>
