<?xml version="1.0" encoding="UTF-8"?>
<testng-results ignored="0" total="3" passed="3" failed="0" skipped="0">
  <reporter-output>
  </reporter-output>
  <suite started-at="2021-02-16T12:09:55 PKT" name="Default suite" finished-at="2021-02-16T12:10:50 PKT" duration-ms="54840">
    <groups>
    </groups>
    <test started-at="2021-02-16T12:09:55 PKT" name="Default test" finished-at="2021-02-16T12:10:50 PKT" duration-ms="54840">
      <class name="Test.Ancera.Login.TestLogin">
        <test-method is-config="true" signature="extent()[pri:0, instance:Test.Ancera.Login.TestLogin@24fcf36f]" started-at="2021-02-16T12:09:55 PKT" name="extent" finished-at="2021-02-16T12:10:17 PKT" duration-ms="21863" status="PASS">
          <reporter-output>
          </reporter-output>
        </test-method> <!-- extent -->
        <test-method signature="login()[pri:1, instance:Test.Ancera.Login.TestLogin@24fcf36f]" started-at="2021-02-16T12:10:17 PKT" name="login" finished-at="2021-02-16T12:10:44 PKT" duration-ms="27093" status="PASS">
          <reporter-output>
          </reporter-output>
        </test-method> <!-- login -->
        <test-method signature="logout()[pri:2, instance:Test.Ancera.Login.TestLogin@24fcf36f]" started-at="2021-02-16T12:10:44 PKT" name="logout" finished-at="2021-02-16T12:10:47 PKT" duration-ms="2799" status="PASS">
          <reporter-output>
          </reporter-output>
        </test-method> <!-- logout -->
        <test-method signature="VerifyLogout()[pri:3, instance:Test.Ancera.Login.TestLogin@24fcf36f]" started-at="2021-02-16T12:10:47 PKT" name="VerifyLogout" finished-at="2021-02-16T12:10:50 PKT" duration-ms="2692" status="PASS">
          <reporter-output>
          </reporter-output>
        </test-method> <!-- VerifyLogout -->
        <test-method is-config="true" signature="endreport()[pri:0, instance:Test.Ancera.Login.TestLogin@24fcf36f]" started-at="2021-02-16T12:10:50 PKT" name="endreport" finished-at="2021-02-16T12:10:50 PKT" duration-ms="366" status="PASS">
          <reporter-output>
          </reporter-output>
        </test-method> <!-- endreport -->
      </class> <!-- Test.Ancera.Login.TestLogin -->
    </test> <!-- Default test -->
  </suite> <!-- Default suite -->
</testng-results>
