<?xml version="1.0" encoding="UTF-8"?>
<testng-results ignored="16" total="17" passed="1" failed="0" skipped="0">
  <reporter-output>
  </reporter-output>
  <suite started-at="2022-10-19T12:49:31 PKT" name="Default suite" finished-at="2022-10-19T12:52:34 PKT" duration-ms="182679">
    <groups>
    </groups>
    <test started-at="2022-10-19T12:49:31 PKT" name="Default test" finished-at="2022-10-19T12:52:34 PKT" duration-ms="182679">
      <class name="Test.Ancera.Reports.CoccidiaLog">
        <test-method is-config="true" signature="extent()[pri:0, instance:Test.Ancera.Reports.CoccidiaLog@12aba8be]" started-at="2022-10-19T12:49:31 PKT" name="extent" finished-at="2022-10-19T12:50:01 PKT" duration-ms="29389" status="PASS">
          <reporter-output>
          </reporter-output>
        </test-method> <!-- extent -->
        <test-method signature="TemplateExport()[pri:17, instance:Test.Ancera.Reports.CoccidiaLog@12aba8be]" started-at="2022-10-19T12:50:01 PKT" name="TemplateExport" description="Test Case: Test Coccidia Template Download" finished-at="2022-10-19T12:52:33 PKT" duration-ms="152152" status="PASS">
          <reporter-output>
          </reporter-output>
        </test-method> <!-- TemplateExport -->
        <test-method is-config="true" signature="endreport()[pri:0, instance:Test.Ancera.Reports.CoccidiaLog@12aba8be]" started-at="2022-10-19T12:52:33 PKT" name="endreport" finished-at="2022-10-19T12:52:34 PKT" duration-ms="1088" status="PASS">
          <reporter-output>
          </reporter-output>
        </test-method> <!-- endreport -->
      </class> <!-- Test.Ancera.Reports.CoccidiaLog -->
    </test> <!-- Default test -->
  </suite> <!-- Default suite -->
</testng-results>
