<?xml version="1.0" encoding="UTF-8"?>
<testng-results ignored="0" total="2" passed="2" failed="0" skipped="0">
  <reporter-output>
  </reporter-output>
  <suite started-at="2021-08-03T17:09:19 PKT" name="Default suite" finished-at="2021-08-03T17:12:29 PKT" duration-ms="189620">
    <groups>
    </groups>
    <test started-at="2021-08-03T17:09:19 PKT" name="Default test" finished-at="2021-08-03T17:12:29 PKT" duration-ms="189620">
      <class name="PiperAdminstration.PiperManagement">
        <test-method is-config="true" signature="extent()[pri:0, instance:PiperAdminstration.PiperManagement@57af006c]" started-at="2021-08-03T17:09:19 PKT" name="extent" finished-at="2021-08-03T17:11:01 PKT" duration-ms="102555" status="PASS">
          <reporter-output>
          </reporter-output>
        </test-method> <!-- extent -->
        <test-method signature="NavigateePM()[pri:1, instance:PiperAdminstration.PiperManagement@57af006c]" started-at="2021-08-03T17:11:01 PKT" name="NavigateePM" description="Test Case: Navigate to Piper Management Screen" finished-at="2021-08-03T17:12:24 PKT" duration-ms="82121" status="PASS">
          <reporter-output>
          </reporter-output>
        </test-method> <!-- NavigateePM -->
        <test-method signature="NavigatePM()[pri:2, instance:PiperAdminstration.PiperManagement@57af006c]" started-at="2021-08-03T17:12:24 PKT" name="NavigatePM" description="Test Case: Navigate to Piper Management Screen" finished-at="2021-08-03T17:12:28 PKT" duration-ms="4625" status="PASS">
          <reporter-output>
          </reporter-output>
        </test-method> <!-- NavigatePM -->
        <test-method is-config="true" signature="endreport()[pri:0, instance:PiperAdminstration.PiperManagement@57af006c]" started-at="2021-08-03T17:12:28 PKT" name="endreport" finished-at="2021-08-03T17:12:29 PKT" duration-ms="297" status="PASS">
          <reporter-output>
          </reporter-output>
        </test-method> <!-- endreport -->
      </class> <!-- PiperAdminstration.PiperManagement -->
    </test> <!-- Default test -->
  </suite> <!-- Default suite -->
</testng-results>
