<?xml version="1.0" encoding="UTF-8"?>
<testng-results ignored="1" total="2" passed="1" failed="0" skipped="0">
  <reporter-output>
  </reporter-output>
  <suite started-at="2021-08-24T12:12:46 PKT" name="Default suite" finished-at="2021-08-24T12:12:49 PKT" duration-ms="3518">
    <groups>
    </groups>
    <test started-at="2021-08-24T12:12:46 PKT" name="Default test" finished-at="2021-08-24T12:12:49 PKT" duration-ms="3518">
      <class name="Test.Ancera.Reports.RawImageCoccidia">
        <test-method signature="RawImagfdeCocci()[pri:1, instance:Test.Ancera.Reports.RawImageCoccidia@702b8b12]" started-at="2021-08-24T12:12:46 PKT" name="RawImagfdeCocci" description="Test Case: Raw Image Ingestion for Coccidia" finished-at="2021-08-24T12:12:49 PKT" duration-ms="3485" status="PASS">
          <reporter-output>
          </reporter-output>
        </test-method> <!-- RawImagfdeCocci -->
      </class> <!-- Test.Ancera.Reports.RawImageCoccidia -->
    </test> <!-- Default test -->
  </suite> <!-- Default suite -->
</testng-results>
