<?xml version="1.0" encoding="UTF-8"?>
<testng-results skipped="0" failed="2" ignored="8" total="12" passed="2">
  <reporter-output>
  </reporter-output>
  <suite name="Default suite" duration-ms="98658" started-at="2021-01-18T16:03:44 PKT" finished-at="2021-01-18T16:05:23 PKT">
    <groups>
    </groups>
    <test name="Default test" duration-ms="98658" started-at="2021-01-18T16:03:44 PKT" finished-at="2021-01-18T16:05:23 PKT">
      <class name="Test.Ancera.Reports.SalmonellaLog">
        <test-method status="PASS" signature="extent()[pri:0, instance:Test.Ancera.Reports.SalmonellaLog@fad74ee]" name="extent" is-config="true" duration-ms="25061" started-at="2021-01-18T16:03:44 PKT" finished-at="2021-01-18T16:04:10 PKT">
          <reporter-output>
          </reporter-output>
        </test-method> <!-- extent -->
        <test-method status="PASS" signature="NavigateSalmonella()[pri:2, instance:Test.Ancera.Reports.SalmonellaLog@fad74ee]" name="NavigateSalmonella" duration-ms="15782" started-at="2021-01-18T16:04:10 PKT" description="Test Case: Navigate to Salmonella Log Screen" finished-at="2021-01-18T16:04:25 PKT">
          <reporter-output>
          </reporter-output>
        </test-method> <!-- NavigateSalmonella -->
        <test-method status="PASS" signature="SearchFilter()[pri:6, instance:Test.Ancera.Reports.SalmonellaLog@fad74ee]" name="SearchFilter" duration-ms="46425" started-at="2021-01-18T16:04:25 PKT" description="Test Case: Filter Test" finished-at="2021-01-18T16:05:12 PKT">
          <reporter-output>
          </reporter-output>
        </test-method> <!-- SearchFilter -->
        <test-method status="FAIL" signature="CSVExport()[pri:11, instance:Test.Ancera.Reports.SalmonellaLog@fad74ee]" name="CSVExport" duration-ms="10218" started-at="2021-01-18T16:05:12 PKT" description="Test Case: Test Salmonella CSV Download" finished-at="2021-01-18T16:05:22 PKT">
          <exception class="java.lang.Exception">
            <message>
              <![CDATA[java.lang.AssertionError: expected [true] but found [false]]]>
            </message>
            <full-stacktrace>
              <![CDATA[java.lang.Exception: java.lang.AssertionError: expected [true] but found [false]
at Test.Ancera.Reports.SalmonellaLog.CSVExport(SalmonellaLog.java:1411)
at sun.reflect.NativeMethodAccessorImpl.invoke0(Native Method)
at sun.reflect.NativeMethodAccessorImpl.invoke(NativeMethodAccessorImpl.java:62)
at sun.reflect.DelegatingMethodAccessorImpl.invoke(DelegatingMethodAccessorImpl.java:43)
at java.lang.reflect.Method.invoke(Method.java:498)
at org.testng.internal.MethodInvocationHelper.invokeMethod(MethodInvocationHelper.java:135)
at org.testng.internal.TestInvoker.invokeMethod(TestInvoker.java:598)
at org.testng.internal.TestInvoker.invokeTestMethod(TestInvoker.java:174)
at org.testng.internal.MethodRunner.runInSequence(MethodRunner.java:46)
at org.testng.internal.TestInvoker$MethodInvocationAgent.invoke(TestInvoker.java:821)
at org.testng.internal.TestInvoker.invokeTestMethods(TestInvoker.java:147)
at org.testng.internal.TestMethodWorker.invokeTestMethods(TestMethodWorker.java:146)
at org.testng.internal.TestMethodWorker.run(TestMethodWorker.java:128)
at java.util.ArrayList.forEach(ArrayList.java:1257)
at org.testng.TestRunner.privateRun(TestRunner.java:767)
at org.testng.TestRunner.run(TestRunner.java:588)
at org.testng.SuiteRunner.runTest(SuiteRunner.java:384)
at org.testng.SuiteRunner.runSequentially(SuiteRunner.java:378)
at org.testng.SuiteRunner.privateRun(SuiteRunner.java:337)
at org.testng.SuiteRunner.run(SuiteRunner.java:286)
at org.testng.SuiteRunnerWorker.runSuite(SuiteRunnerWorker.java:53)
at org.testng.SuiteRunnerWorker.run(SuiteRunnerWorker.java:96)
at org.testng.TestNG.runSuitesSequentially(TestNG.java:1214)
at org.testng.TestNG.runSuitesLocally(TestNG.java:1136)
at org.testng.TestNG.runSuites(TestNG.java:1066)
at org.testng.TestNG.run(TestNG.java:1034)
at org.testng.remote.AbstractRemoteTestNG.run(AbstractRemoteTestNG.java:115)
at org.testng.remote.RemoteTestNG.initAndRun(RemoteTestNG.java:251)
at org.testng.remote.RemoteTestNG.main(RemoteTestNG.java:77)
Caused by: java.lang.AssertionError: expected [true] but found [false]
at org.testng.Assert.fail(Assert.java:97)
at org.testng.Assert.failNotEquals(Assert.java:968)
at org.testng.Assert.assertTrue(Assert.java:43)
at org.testng.Assert.assertTrue(Assert.java:53)
at Test.Ancera.Reports.SalmonellaLog.CSVExport(SalmonellaLog.java:1402)
... 28 more
]]>
            </full-stacktrace>
          </exception> <!-- java.lang.Exception -->
          <reporter-output>
          </reporter-output>
        </test-method> <!-- CSVExport -->
        <test-method status="FAIL" signature="TemplateExport()[pri:12, instance:Test.Ancera.Reports.SalmonellaLog@fad74ee]" name="TemplateExport" duration-ms="562" started-at="2021-01-18T16:05:22 PKT" description="Test Case: Test Salmonella Template Download" finished-at="2021-01-18T16:05:23 PKT">
          <exception class="org.openqa.selenium.JavascriptException">
            <message>
              <![CDATA[javascript error: Failed to execute 'elementsFromPoint' on 'Document': The provided double value is non-finite.
  (Session info: chrome=87.0.4280.88)
Build info: version: '3.141.59', revision: 'e82be7d358', time: '2018-11-14T08:17:03'
System info: host: 'LAPTOP-O6K4VQH7', ip: '192.168.19.53', os.name: 'Windows 10', os.arch: 'amd64', os.version: '10.0', java.version: '1.8.0_231'
Driver info: org.openqa.selenium.chrome.ChromeDriver
Capabilities {acceptInsecureCerts: false, browserName: chrome, browserVersion: 87.0.4280.88, chrome: {chromedriverVersion: 87.0.4280.88 (89e2380a3e36c..., userDataDir: C:\Users\MUHAMM~1\AppData\L...}, goog:chromeOptions: {debuggerAddress: localhost:65482}, javascriptEnabled: true, networkConnectionEnabled: false, pageLoadStrategy: normal, platform: WINDOWS, platformName: WINDOWS, proxy: Proxy(), setWindowRect: true, strictFileInteractability: false, timeouts: {implicit: 0, pageLoad: 300000, script: 30000}, unhandledPromptBehavior: dismiss and notify, webauthn:virtualAuthenticators: true}
Session ID: dc2d6144ad650f6d13a71d6d1176b876]]>
            </message>
            <full-stacktrace>
              <![CDATA[org.openqa.selenium.JavascriptException: javascript error: Failed to execute 'elementsFromPoint' on 'Document': The provided double value is non-finite.
  (Session info: chrome=87.0.4280.88)
Build info: version: '3.141.59', revision: 'e82be7d358', time: '2018-11-14T08:17:03'
System info: host: 'LAPTOP-O6K4VQH7', ip: '192.168.19.53', os.name: 'Windows 10', os.arch: 'amd64', os.version: '10.0', java.version: '1.8.0_231'
Driver info: org.openqa.selenium.chrome.ChromeDriver
Capabilities {acceptInsecureCerts: false, browserName: chrome, browserVersion: 87.0.4280.88, chrome: {chromedriverVersion: 87.0.4280.88 (89e2380a3e36c..., userDataDir: C:\Users\MUHAMM~1\AppData\L...}, goog:chromeOptions: {debuggerAddress: localhost:65482}, javascriptEnabled: true, networkConnectionEnabled: false, pageLoadStrategy: normal, platform: WINDOWS, platformName: WINDOWS, proxy: Proxy(), setWindowRect: true, strictFileInteractability: false, timeouts: {implicit: 0, pageLoad: 300000, script: 30000}, unhandledPromptBehavior: dismiss and notify, webauthn:virtualAuthenticators: true}
Session ID: dc2d6144ad650f6d13a71d6d1176b876
at sun.reflect.NativeConstructorAccessorImpl.newInstance0(Native Method)
at sun.reflect.NativeConstructorAccessorImpl.newInstance(NativeConstructorAccessorImpl.java:62)
at sun.reflect.DelegatingConstructorAccessorImpl.newInstance(DelegatingConstructorAccessorImpl.java:45)
at java.lang.reflect.Constructor.newInstance(Constructor.java:423)
at org.openqa.selenium.remote.http.W3CHttpResponseCodec.createException(W3CHttpResponseCodec.java:187)
at org.openqa.selenium.remote.http.W3CHttpResponseCodec.decode(W3CHttpResponseCodec.java:122)
at org.openqa.selenium.remote.http.W3CHttpResponseCodec.decode(W3CHttpResponseCodec.java:49)
at org.openqa.selenium.remote.HttpCommandExecutor.execute(HttpCommandExecutor.java:158)
at org.openqa.selenium.remote.service.DriverCommandExecutor.execute(DriverCommandExecutor.java:83)
at org.openqa.selenium.remote.RemoteWebDriver.execute(RemoteWebDriver.java:552)
at org.openqa.selenium.remote.RemoteWebDriver.perform(RemoteWebDriver.java:618)
at org.openqa.selenium.interactions.Actions$BuiltAction.perform(Actions.java:639)
at org.openqa.selenium.interactions.Actions.perform(Actions.java:595)
at Test.Ancera.Reports.SalmonellaLog.TemplateExport(SalmonellaLog.java:1442)
at sun.reflect.NativeMethodAccessorImpl.invoke0(Native Method)
at sun.reflect.NativeMethodAccessorImpl.invoke(NativeMethodAccessorImpl.java:62)
at sun.reflect.DelegatingMethodAccessorImpl.invoke(DelegatingMethodAccessorImpl.java:43)
at java.lang.reflect.Method.invoke(Method.java:498)
at org.testng.internal.MethodInvocationHelper.invokeMethod(MethodInvocationHelper.java:135)
at org.testng.internal.TestInvoker.invokeMethod(TestInvoker.java:598)
at org.testng.internal.TestInvoker.invokeTestMethod(TestInvoker.java:174)
at org.testng.internal.MethodRunner.runInSequence(MethodRunner.java:46)
at org.testng.internal.TestInvoker$MethodInvocationAgent.invoke(TestInvoker.java:821)
at org.testng.internal.TestInvoker.invokeTestMethods(TestInvoker.java:147)
at org.testng.internal.TestMethodWorker.invokeTestMethods(TestMethodWorker.java:146)
at org.testng.internal.TestMethodWorker.run(TestMethodWorker.java:128)
at java.util.ArrayList.forEach(ArrayList.java:1257)
at org.testng.TestRunner.privateRun(TestRunner.java:767)
at org.testng.TestRunner.run(TestRunner.java:588)
at org.testng.SuiteRunner.runTest(SuiteRunner.java:384)
at org.testng.SuiteRunner.runSequentially(SuiteRunner.java:378)
at org.testng.SuiteRunner.privateRun(SuiteRunner.java:337)
at org.testng.SuiteRunner.run(SuiteRunner.java:286)
at org.testng.SuiteRunnerWorker.runSuite(SuiteRunnerWorker.java:53)
at org.testng.SuiteRunnerWorker.run(SuiteRunnerWorker.java:96)
at org.testng.TestNG.runSuitesSequentially(TestNG.java:1214)
at org.testng.TestNG.runSuitesLocally(TestNG.java:1136)
at org.testng.TestNG.runSuites(TestNG.java:1066)
at org.testng.TestNG.run(TestNG.java:1034)
at org.testng.remote.AbstractRemoteTestNG.run(AbstractRemoteTestNG.java:115)
at org.testng.remote.RemoteTestNG.initAndRun(RemoteTestNG.java:251)
at org.testng.remote.RemoteTestNG.main(RemoteTestNG.java:77)
]]>
            </full-stacktrace>
          </exception> <!-- org.openqa.selenium.JavascriptException -->
          <reporter-output>
          </reporter-output>
        </test-method> <!-- TemplateExport -->
        <test-method status="PASS" signature="endreport()[pri:0, instance:Test.Ancera.Reports.SalmonellaLog@fad74ee]" name="endreport" is-config="true" duration-ms="548" started-at="2021-01-18T16:05:23 PKT" finished-at="2021-01-18T16:05:23 PKT">
          <reporter-output>
          </reporter-output>
        </test-method> <!-- endreport -->
      </class> <!-- Test.Ancera.Reports.SalmonellaLog -->
    </test> <!-- Default test -->
  </suite> <!-- Default suite -->
</testng-results>
