<?xml version="1.0" encoding="UTF-8"?>
<testng-results ignored="18" total="19" passed="1" failed="0" skipped="0">
  <reporter-output>
  </reporter-output>
  <suite started-at="2021-12-20T17:25:44 PKT" name="Default suite" finished-at="2021-12-20T17:26:30 PKT" duration-ms="45696">
    <groups>
    </groups>
    <test started-at="2021-12-20T17:25:44 PKT" name="Default test" finished-at="2021-12-20T17:26:30 PKT" duration-ms="45696">
      <class name="Test.Ancera.Administration.UserManagement">
        <test-method is-config="true" signature="extent()[pri:0, instance:Test.Ancera.Administration.UserManagement@27f981c6]" started-at="2021-12-20T17:25:44 PKT" name="extent" finished-at="2021-12-20T17:26:11 PKT" duration-ms="27018" status="PASS">
          <reporter-output>
          </reporter-output>
        </test-method> <!-- extent -->
        <test-method signature="ReportRole()[pri:15, instance:Test.Ancera.Administration.UserManagement@27f981c6]" started-at="2021-12-20T17:26:11 PKT" name="ReportRole" description="Test Case: Test User CSV Download" finished-at="2021-12-20T17:26:29 PKT" duration-ms="17921" status="PASS">
          <reporter-output>
          </reporter-output>
        </test-method> <!-- ReportRole -->
        <test-method is-config="true" signature="endreport()[pri:0, instance:Test.Ancera.Administration.UserManagement@27f981c6]" started-at="2021-12-20T17:26:29 PKT" name="endreport" finished-at="2021-12-20T17:26:30 PKT" duration-ms="719" status="PASS">
          <reporter-output>
          </reporter-output>
        </test-method> <!-- endreport -->
      </class> <!-- Test.Ancera.Administration.UserManagement -->
    </test> <!-- Default test -->
  </suite> <!-- Default suite -->
</testng-results>
