<?xml version="1.0" encoding="UTF-8"?>
<testng-results ignored="1" total="27" passed="20" failed="6" skipped="0">
  <reporter-output>
  </reporter-output>
  <suite started-at="2022-06-19T21:26:19 PKT" name="Default suite" finished-at="2022-06-19T21:55:22 PKT" duration-ms="1742849">
    <groups>
    </groups>
    <test started-at="2022-06-19T21:26:19 PKT" name="Default test" finished-at="2022-06-19T21:55:22 PKT" duration-ms="1742849">
      <class name="Test.Ancera.Administration.UserManagement">
        <test-method is-config="true" signature="extent()[pri:0, instance:Test.Ancera.Administration.UserManagement@54a7079e]" started-at="2022-06-19T21:26:19 PKT" name="extent" finished-at="2022-06-19T21:26:58 PKT" duration-ms="38406" status="PASS">
          <reporter-output>
          </reporter-output>
        </test-method> <!-- extent -->
        <test-method signature="Navigate()[pri:1, instance:Test.Ancera.Administration.UserManagement@54a7079e]" started-at="2022-06-19T21:26:58 PKT" name="Navigate" finished-at="2022-06-19T21:27:07 PKT" duration-ms="9869" status="PASS">
          <reporter-output>
          </reporter-output>
        </test-method> <!-- Navigate -->
        <test-method signature="OpenClosePopup()[pri:2, instance:Test.Ancera.Administration.UserManagement@54a7079e]" started-at="2022-06-19T21:27:08 PKT" name="OpenClosePopup" finished-at="2022-06-19T21:27:30 PKT" duration-ms="22692" status="PASS">
          <reporter-output>
          </reporter-output>
        </test-method> <!-- OpenClosePopup -->
        <test-method signature="MandatoryFieldCheck()[pri:3, instance:Test.Ancera.Administration.UserManagement@54a7079e]" started-at="2022-06-19T21:27:30 PKT" name="MandatoryFieldCheck" description="Exceptional Flow: Mandatory field check" finished-at="2022-06-19T21:28:13 PKT" duration-ms="43121" status="PASS">
          <reporter-output>
          </reporter-output>
        </test-method> <!-- MandatoryFieldCheck -->
        <test-method signature="ResetButton()[pri:4, instance:Test.Ancera.Administration.UserManagement@54a7079e]" started-at="2022-06-19T21:28:13 PKT" name="ResetButton" description="Exceptional Flow: Reset fields" finished-at="2022-06-19T21:28:17 PKT" depends-on-methods="Test.Ancera.Administration.UserManagement.MandatoryFieldCheck" duration-ms="3424" status="PASS">
          <reporter-output>
          </reporter-output>
        </test-method> <!-- ResetButton -->
        <test-method signature="CreateUser()[pri:5, instance:Test.Ancera.Administration.UserManagement@54a7079e]" started-at="2022-06-19T21:28:17 PKT" name="CreateUser" finished-at="2022-06-19T21:29:19 PKT" duration-ms="62242" status="PASS">
          <reporter-output>
          </reporter-output>
        </test-method> <!-- CreateUser -->
        <test-method signature="VerifyEmail()[pri:6, instance:Test.Ancera.Administration.UserManagement@54a7079e]" started-at="2022-06-19T21:29:19 PKT" name="VerifyEmail" finished-at="2022-06-19T21:29:43 PKT" depends-on-methods="Test.Ancera.Administration.UserManagement.CreateUser" duration-ms="23913" status="PASS">
          <reporter-output>
          </reporter-output>
        </test-method> <!-- VerifyEmail -->
        <test-method signature="ClickEmail()[pri:7, instance:Test.Ancera.Administration.UserManagement@54a7079e]" started-at="2022-06-19T21:29:43 PKT" name="ClickEmail" finished-at="2022-06-19T21:30:51 PKT" duration-ms="67811" status="PASS">
          <reporter-output>
          </reporter-output>
        </test-method> <!-- ClickEmail -->
        <test-method signature="ResetPassword()[pri:8, instance:Test.Ancera.Administration.UserManagement@54a7079e]" started-at="2022-06-19T21:30:51 PKT" name="ResetPassword" finished-at="2022-06-19T21:31:01 PKT" duration-ms="10568" status="PASS">
          <reporter-output>
          </reporter-output>
        </test-method> <!-- ResetPassword -->
        <test-method signature="VerifyReportRole()[pri:9, instance:Test.Ancera.Administration.UserManagement@54a7079e]" started-at="2022-06-19T21:31:01 PKT" name="VerifyReportRole" finished-at="2022-06-19T21:31:46 PKT" duration-ms="45153" status="PASS">
          <reporter-output>
          </reporter-output>
        </test-method> <!-- VerifyReportRole -->
        <test-method signature="VerifyTestingSitesAccess()[pri:10, instance:Test.Ancera.Administration.UserManagement@54a7079e]" started-at="2022-06-19T21:31:46 PKT" name="VerifyTestingSitesAccess" finished-at="2022-06-19T21:32:32 PKT" duration-ms="45663" status="FAIL">
          <exception class="java.lang.Exception">
            <message>
              <![CDATA[java.lang.AssertionError: The following asserts failed:
expected [Active] but found [Inactive]]]>
            </message>
            <full-stacktrace>
              <![CDATA[java.lang.Exception: java.lang.AssertionError: The following asserts failed:
expected [Active] but found [Inactive]
at Test.Ancera.Administration.UserManagement.VerifyTestingSitesAccess(UserManagement.java:682)
at java.base/jdk.internal.reflect.NativeMethodAccessorImpl.invoke0(Native Method)
at java.base/jdk.internal.reflect.NativeMethodAccessorImpl.invoke(NativeMethodAccessorImpl.java:64)
at java.base/jdk.internal.reflect.DelegatingMethodAccessorImpl.invoke(DelegatingMethodAccessorImpl.java:43)
at java.base/java.lang.reflect.Method.invoke(Method.java:564)
at org.testng.internal.MethodInvocationHelper.invokeMethod(MethodInvocationHelper.java:132)
at org.testng.internal.TestInvoker.invokeMethod(TestInvoker.java:599)
at org.testng.internal.TestInvoker.invokeTestMethod(TestInvoker.java:174)
at org.testng.internal.MethodRunner.runInSequence(MethodRunner.java:46)
at org.testng.internal.TestInvoker$MethodInvocationAgent.invoke(TestInvoker.java:822)
at org.testng.internal.TestInvoker.invokeTestMethods(TestInvoker.java:147)
at org.testng.internal.TestMethodWorker.invokeTestMethods(TestMethodWorker.java:146)
at org.testng.internal.TestMethodWorker.run(TestMethodWorker.java:128)
at java.base/java.util.ArrayList.forEach(ArrayList.java:1511)
at org.testng.TestRunner.privateRun(TestRunner.java:764)
at org.testng.TestRunner.run(TestRunner.java:585)
at org.testng.SuiteRunner.runTest(SuiteRunner.java:384)
at org.testng.SuiteRunner.runSequentially(SuiteRunner.java:378)
at org.testng.SuiteRunner.privateRun(SuiteRunner.java:337)
at org.testng.SuiteRunner.run(SuiteRunner.java:286)
at org.testng.SuiteRunnerWorker.runSuite(SuiteRunnerWorker.java:53)
at org.testng.SuiteRunnerWorker.run(SuiteRunnerWorker.java:96)
at org.testng.TestNG.runSuitesSequentially(TestNG.java:1218)
at org.testng.TestNG.runSuitesLocally(TestNG.java:1140)
at org.testng.TestNG.runSuites(TestNG.java:1069)
at org.testng.TestNG.run(TestNG.java:1037)
at org.testng.remote.AbstractRemoteTestNG.run(AbstractRemoteTestNG.java:115)
at org.testng.remote.RemoteTestNG.initAndRun(RemoteTestNG.java:251)
at org.testng.remote.RemoteTestNG.main(RemoteTestNG.java:77)
Caused by: java.lang.AssertionError: The following asserts failed:
expected [Active] but found [Inactive]
at org.testng.asserts.SoftAssert.assertAll(SoftAssert.java:47)
at org.testng.asserts.SoftAssert.assertAll(SoftAssert.java:31)
at Test.Ancera.Administration.UserManagement.VerifyTestingSitesAccess(UserManagement.java:677)
... 28 more
]]>
            </full-stacktrace>
          </exception> <!-- java.lang.Exception -->
          <reporter-output>
          </reporter-output>
        </test-method> <!-- VerifyTestingSitesAccess -->
        <test-method signature="VerifyAgreementAccess()[pri:12, instance:Test.Ancera.Administration.UserManagement@54a7079e]" started-at="2022-06-19T21:32:32 PKT" name="VerifyAgreementAccess" finished-at="2022-06-19T21:33:21 PKT" duration-ms="49271" status="PASS">
          <reporter-output>
          </reporter-output>
        </test-method> <!-- VerifyAgreementAccess -->
        <test-method signature="UpdateUser()[pri:13, instance:Test.Ancera.Administration.UserManagement@54a7079e]" started-at="2022-06-19T21:33:21 PKT" name="UpdateUser" description="Test Case: Update User" finished-at="2022-06-19T21:34:09 PKT" duration-ms="47931" status="PASS">
          <reporter-output>
          </reporter-output>
        </test-method> <!-- UpdateUser -->
        <test-method signature="EditAssignRolePopup()[pri:14, instance:Test.Ancera.Administration.UserManagement@54a7079e]" started-at="2022-06-19T21:34:09 PKT" name="EditAssignRolePopup" finished-at="2022-06-19T21:34:54 PKT" duration-ms="44405" status="PASS">
          <reporter-output>
          </reporter-output>
        </test-method> <!-- EditAssignRolePopup -->
        <test-method signature="SiteAdminNewUserCreate()[pri:16, instance:Test.Ancera.Administration.UserManagement@54a7079e]" started-at="2022-06-19T21:34:54 PKT" name="SiteAdminNewUserCreate" description="Test Case: Site Admin New User Create" finished-at="2022-06-19T21:35:32 PKT" duration-ms="37809" status="FAIL">
          <exception class="org.openqa.selenium.NoSuchElementException">
            <message>
              <![CDATA[no such element: Unable to locate element: {"method":"xpath","selector":"//app-confirmation-v3//button[1]"}
  (Session info: chrome=102.0.5005.115)
For documentation on this error, please visit: https://selenium.dev/exceptions/#no_such_element
Build info: version: '4.1.2', revision: '9a5a329c5a'
System info: host: 'DESKTOP-K0SFL7M', ip: '192.168.56.1', os.name: 'Windows 10', os.arch: 'amd64', os.version: '10.0', java.version: '15.0.2'
Driver info: org.openqa.selenium.chrome.ChromeDriver
Command: [77e15fa8445c21796b726363b5d2e4c5, findElement {using=xpath, value=//app-confirmation-v3//button[1]}]
Capabilities {acceptInsecureCerts: false, browserName: chrome, browserVersion: 102.0.5005.115, chrome: {chromedriverVersion: 101.0.4951.41 (93c720db8323..., userDataDir: C:\Users\User\AppData\Local...}, goog:chromeOptions: {debuggerAddress: localhost:64668}, javascriptEnabled: true, networkConnectionEnabled: false, pageLoadStrategy: normal, platform: WINDOWS, platformName: WINDOWS, proxy: Proxy(), se:cdp: ws://localhost:64668/devtoo..., se:cdpVersion: 102.0.5005.115, setWindowRect: true, strictFileInteractability: false, timeouts: {implicit: 0, pageLoad: 300000, script: 30000}, unhandledPromptBehavior: dismiss and notify, webauthn:extension:credBlob: true, webauthn:extension:largeBlob: true, webauthn:virtualAuthenticators: true}
Session ID: 77e15fa8445c21796b726363b5d2e4c5]]>
            </message>
            <full-stacktrace>
              <![CDATA[org.openqa.selenium.NoSuchElementException: no such element: Unable to locate element: {"method":"xpath","selector":"//app-confirmation-v3//button[1]"}
  (Session info: chrome=102.0.5005.115)
For documentation on this error, please visit: https://selenium.dev/exceptions/#no_such_element
Build info: version: '4.1.2', revision: '9a5a329c5a'
System info: host: 'DESKTOP-K0SFL7M', ip: '192.168.56.1', os.name: 'Windows 10', os.arch: 'amd64', os.version: '10.0', java.version: '15.0.2'
Driver info: org.openqa.selenium.chrome.ChromeDriver
Command: [77e15fa8445c21796b726363b5d2e4c5, findElement {using=xpath, value=//app-confirmation-v3//button[1]}]
Capabilities {acceptInsecureCerts: false, browserName: chrome, browserVersion: 102.0.5005.115, chrome: {chromedriverVersion: 101.0.4951.41 (93c720db8323..., userDataDir: C:\Users\User\AppData\Local...}, goog:chromeOptions: {debuggerAddress: localhost:64668}, javascriptEnabled: true, networkConnectionEnabled: false, pageLoadStrategy: normal, platform: WINDOWS, platformName: WINDOWS, proxy: Proxy(), se:cdp: ws://localhost:64668/devtoo..., se:cdpVersion: 102.0.5005.115, setWindowRect: true, strictFileInteractability: false, timeouts: {implicit: 0, pageLoad: 300000, script: 30000}, unhandledPromptBehavior: dismiss and notify, webauthn:extension:credBlob: true, webauthn:extension:largeBlob: true, webauthn:virtualAuthenticators: true}
Session ID: 77e15fa8445c21796b726363b5d2e4c5
at jdk.internal.reflect.GeneratedConstructorAccessor12.newInstance(Unknown Source)
at java.base/jdk.internal.reflect.DelegatingConstructorAccessorImpl.newInstance(DelegatingConstructorAccessorImpl.java:45)
at java.base/java.lang.reflect.Constructor.newInstanceWithCaller(Constructor.java:500)
at java.base/java.lang.reflect.Constructor.newInstance(Constructor.java:481)
at org.openqa.selenium.remote.codec.w3c.W3CHttpResponseCodec.createException(W3CHttpResponseCodec.java:200)
at org.openqa.selenium.remote.codec.w3c.W3CHttpResponseCodec.decode(W3CHttpResponseCodec.java:133)
at org.openqa.selenium.remote.codec.w3c.W3CHttpResponseCodec.decode(W3CHttpResponseCodec.java:53)
at org.openqa.selenium.remote.HttpCommandExecutor.execute(HttpCommandExecutor.java:184)
at org.openqa.selenium.remote.service.DriverCommandExecutor.invokeExecute(DriverCommandExecutor.java:167)
at org.openqa.selenium.remote.service.DriverCommandExecutor.execute(DriverCommandExecutor.java:142)
at org.openqa.selenium.remote.RemoteWebDriver.execute(RemoteWebDriver.java:558)
at org.openqa.selenium.remote.ElementLocation$ElementFinder$2.findElement(ElementLocation.java:162)
at org.openqa.selenium.remote.ElementLocation.findElement(ElementLocation.java:60)
at org.openqa.selenium.remote.RemoteWebDriver.findElement(RemoteWebDriver.java:382)
at org.openqa.selenium.remote.RemoteWebDriver.findElement(RemoteWebDriver.java:374)
at Test.Ancera.Administration.UserManagement.SiteAdminNewUserCreate(UserManagement.java:1052)
at java.base/jdk.internal.reflect.NativeMethodAccessorImpl.invoke0(Native Method)
at java.base/jdk.internal.reflect.NativeMethodAccessorImpl.invoke(NativeMethodAccessorImpl.java:64)
at java.base/jdk.internal.reflect.DelegatingMethodAccessorImpl.invoke(DelegatingMethodAccessorImpl.java:43)
at java.base/java.lang.reflect.Method.invoke(Method.java:564)
at org.testng.internal.MethodInvocationHelper.invokeMethod(MethodInvocationHelper.java:132)
at org.testng.internal.TestInvoker.invokeMethod(TestInvoker.java:599)
at org.testng.internal.TestInvoker.invokeTestMethod(TestInvoker.java:174)
at org.testng.internal.MethodRunner.runInSequence(MethodRunner.java:46)
at org.testng.internal.TestInvoker$MethodInvocationAgent.invoke(TestInvoker.java:822)
at org.testng.internal.TestInvoker.invokeTestMethods(TestInvoker.java:147)
at org.testng.internal.TestMethodWorker.invokeTestMethods(TestMethodWorker.java:146)
at org.testng.internal.TestMethodWorker.run(TestMethodWorker.java:128)
at java.base/java.util.ArrayList.forEach(ArrayList.java:1511)
at org.testng.TestRunner.privateRun(TestRunner.java:764)
at org.testng.TestRunner.run(TestRunner.java:585)
at org.testng.SuiteRunner.runTest(SuiteRunner.java:384)
at org.testng.SuiteRunner.runSequentially(SuiteRunner.java:378)
at org.testng.SuiteRunner.privateRun(SuiteRunner.java:337)
at org.testng.SuiteRunner.run(SuiteRunner.java:286)
at org.testng.SuiteRunnerWorker.runSuite(SuiteRunnerWorker.java:53)
at org.testng.SuiteRunnerWorker.run(SuiteRunnerWorker.java:96)
at org.testng.TestNG.runSuitesSequentially(TestNG.java:1218)
at org.testng.TestNG.runSuitesLocally(TestNG.java:1140)
at org.testng.TestNG.runSuites(TestNG.java:1069)
at org.testng.TestNG.run(TestNG.java:1037)
at org.testng.remote.AbstractRemoteTestNG.run(AbstractRemoteTestNG.java:115)
at org.testng.remote.RemoteTestNG.initAndRun(RemoteTestNG.java:251)
at org.testng.remote.RemoteTestNG.main(RemoteTestNG.java:77)
]]>
            </full-stacktrace>
          </exception> <!-- org.openqa.selenium.NoSuchElementException -->
          <reporter-output>
          </reporter-output>
        </test-method> <!-- SiteAdminNewUserCreate -->
        <test-method signature="SiteAdminReportAssigned()[pri:17, instance:Test.Ancera.Administration.UserManagement@54a7079e]" started-at="2022-06-19T21:35:32 PKT" name="SiteAdminReportAssigned" description="Test Case: Site Admin Reports Assigned" finished-at="2022-06-19T21:35:55 PKT" duration-ms="23218" status="PASS">
          <reporter-output>
          </reporter-output>
        </test-method> <!-- SiteAdminReportAssigned -->
        <test-method signature="SiteAdminSitesAssigned()[pri:18, instance:Test.Ancera.Administration.UserManagement@54a7079e]" started-at="2022-06-19T21:35:55 PKT" name="SiteAdminSitesAssigned" description="Test Case: Site Admin Sites Assigned" finished-at="2022-06-19T21:38:41 PKT" duration-ms="166115" status="FAIL">
          <exception class="java.lang.Exception">
            <message>
              <![CDATA[java.lang.AssertionError: The following asserts failed:
Site Admin is not able to see only the sites that are assigned to him did not expect [26] but found [26],
Site Admin is not able to see only his organization in org type filter did not expect [Showing 1 - 1 Results] but found [Showing 1 - 1 Results],
Site Admin is not able to see only his organization in org filter did not expect [Showing 1 - 1 Results] but found [Showing 1 - 1 Results]]]>
            </message>
            <full-stacktrace>
              <![CDATA[java.lang.Exception: java.lang.AssertionError: The following asserts failed:
Site Admin is not able to see only the sites that are assigned to him did not expect [26] but found [26],
Site Admin is not able to see only his organization in org type filter did not expect [Showing 1 - 1 Results] but found [Showing 1 - 1 Results],
Site Admin is not able to see only his organization in org filter did not expect [Showing 1 - 1 Results] but found [Showing 1 - 1 Results]
at Test.Ancera.Administration.UserManagement.SiteAdminSitesAssigned(UserManagement.java:1173)
at java.base/jdk.internal.reflect.NativeMethodAccessorImpl.invoke0(Native Method)
at java.base/jdk.internal.reflect.NativeMethodAccessorImpl.invoke(NativeMethodAccessorImpl.java:64)
at java.base/jdk.internal.reflect.DelegatingMethodAccessorImpl.invoke(DelegatingMethodAccessorImpl.java:43)
at java.base/java.lang.reflect.Method.invoke(Method.java:564)
at org.testng.internal.MethodInvocationHelper.invokeMethod(MethodInvocationHelper.java:132)
at org.testng.internal.TestInvoker.invokeMethod(TestInvoker.java:599)
at org.testng.internal.TestInvoker.invokeTestMethod(TestInvoker.java:174)
at org.testng.internal.MethodRunner.runInSequence(MethodRunner.java:46)
at org.testng.internal.TestInvoker$MethodInvocationAgent.invoke(TestInvoker.java:822)
at org.testng.internal.TestInvoker.invokeTestMethods(TestInvoker.java:147)
at org.testng.internal.TestMethodWorker.invokeTestMethods(TestMethodWorker.java:146)
at org.testng.internal.TestMethodWorker.run(TestMethodWorker.java:128)
at java.base/java.util.ArrayList.forEach(ArrayList.java:1511)
at org.testng.TestRunner.privateRun(TestRunner.java:764)
at org.testng.TestRunner.run(TestRunner.java:585)
at org.testng.SuiteRunner.runTest(SuiteRunner.java:384)
at org.testng.SuiteRunner.runSequentially(SuiteRunner.java:378)
at org.testng.SuiteRunner.privateRun(SuiteRunner.java:337)
at org.testng.SuiteRunner.run(SuiteRunner.java:286)
at org.testng.SuiteRunnerWorker.runSuite(SuiteRunnerWorker.java:53)
at org.testng.SuiteRunnerWorker.run(SuiteRunnerWorker.java:96)
at org.testng.TestNG.runSuitesSequentially(TestNG.java:1218)
at org.testng.TestNG.runSuitesLocally(TestNG.java:1140)
at org.testng.TestNG.runSuites(TestNG.java:1069)
at org.testng.TestNG.run(TestNG.java:1037)
at org.testng.remote.AbstractRemoteTestNG.run(AbstractRemoteTestNG.java:115)
at org.testng.remote.RemoteTestNG.initAndRun(RemoteTestNG.java:251)
at org.testng.remote.RemoteTestNG.main(RemoteTestNG.java:77)
Caused by: java.lang.AssertionError: The following asserts failed:
Site Admin is not able to see only the sites that are assigned to him did not expect [26] but found [26],
Site Admin is not able to see only his organization in org type filter did not expect [Showing 1 - 1 Results] but found [Showing 1 - 1 Results],
Site Admin is not able to see only his organization in org filter did not expect [Showing 1 - 1 Results] but found [Showing 1 - 1 Results]
at org.testng.asserts.SoftAssert.assertAll(SoftAssert.java:47)
at org.testng.asserts.SoftAssert.assertAll(SoftAssert.java:31)
at Test.Ancera.Administration.UserManagement.SiteAdminSitesAssigned(UserManagement.java:1164)
... 28 more
]]>
            </full-stacktrace>
          </exception> <!-- java.lang.Exception -->
          <reporter-output>
          </reporter-output>
        </test-method> <!-- SiteAdminSitesAssigned -->
        <test-method signature="OrgTypeColumn()[pri:19, instance:Test.Ancera.Administration.UserManagement@54a7079e]" started-at="2022-06-19T21:38:41 PKT" name="OrgTypeColumn" finished-at="2022-06-19T21:39:03 PKT" duration-ms="21676" status="PASS">
          <reporter-output>
          </reporter-output>
        </test-method> <!-- OrgTypeColumn -->
        <test-method signature="ClientMappingSiteAdmin()[pri:21, instance:Test.Ancera.Administration.UserManagement@54a7079e]" started-at="2022-06-19T21:39:03 PKT" name="ClientMappingSiteAdmin" finished-at="2022-06-19T21:39:10 PKT" duration-ms="7864" status="PASS">
          <reporter-output>
          </reporter-output>
        </test-method> <!-- ClientMappingSiteAdmin -->
        <test-method signature="DataUploadSiteAdmin()[pri:22, instance:Test.Ancera.Administration.UserManagement@54a7079e]" started-at="2022-06-19T21:39:10 PKT" name="DataUploadSiteAdmin" finished-at="2022-06-19T21:39:17 PKT" duration-ms="6380" status="PASS">
          <reporter-output>
          </reporter-output>
        </test-method> <!-- DataUploadSiteAdmin -->
        <test-method signature="SiteAdminEditSites()[pri:23, instance:Test.Ancera.Administration.UserManagement@54a7079e]" started-at="2022-06-19T21:39:17 PKT" name="SiteAdminEditSites" finished-at="2022-06-19T21:41:52 PKT" duration-ms="154830" status="FAIL">
          <exception class="org.openqa.selenium.TimeoutException">
            <message>
              <![CDATA[Expected condition failed: waiting for visibility of element located by By.id: create-organization (tried for 150 second(s) with 500 milliseconds interval)
Build info: version: '4.1.2', revision: '9a5a329c5a'
System info: host: 'DESKTOP-K0SFL7M', ip: '192.168.56.1', os.name: 'Windows 10', os.arch: 'amd64', os.version: '10.0', java.version: '15.0.2'
Driver info: org.openqa.selenium.chrome.ChromeDriver
Capabilities {acceptInsecureCerts: false, browserName: chrome, browserVersion: 102.0.5005.115, chrome: {chromedriverVersion: 101.0.4951.41 (93c720db8323..., userDataDir: C:\Users\User\AppData\Local...}, goog:chromeOptions: {debuggerAddress: localhost:64668}, javascriptEnabled: true, networkConnectionEnabled: false, pageLoadStrategy: normal, platform: WINDOWS, platformName: WINDOWS, proxy: Proxy(), se:cdp: ws://localhost:64668/devtoo..., se:cdpVersion: 102.0.5005.115, setWindowRect: true, strictFileInteractability: false, timeouts: {implicit: 0, pageLoad: 300000, script: 30000}, unhandledPromptBehavior: dismiss and notify, webauthn:extension:credBlob: true, webauthn:extension:largeBlob: true, webauthn:virtualAuthenticators: true}
Session ID: 77e15fa8445c21796b726363b5d2e4c5]]>
            </message>
            <full-stacktrace>
              <![CDATA[org.openqa.selenium.TimeoutException: Expected condition failed: waiting for visibility of element located by By.id: create-organization (tried for 150 second(s) with 500 milliseconds interval)
Build info: version: '4.1.2', revision: '9a5a329c5a'
System info: host: 'DESKTOP-K0SFL7M', ip: '192.168.56.1', os.name: 'Windows 10', os.arch: 'amd64', os.version: '10.0', java.version: '15.0.2'
Driver info: org.openqa.selenium.chrome.ChromeDriver
Capabilities {acceptInsecureCerts: false, browserName: chrome, browserVersion: 102.0.5005.115, chrome: {chromedriverVersion: 101.0.4951.41 (93c720db8323..., userDataDir: C:\Users\User\AppData\Local...}, goog:chromeOptions: {debuggerAddress: localhost:64668}, javascriptEnabled: true, networkConnectionEnabled: false, pageLoadStrategy: normal, platform: WINDOWS, platformName: WINDOWS, proxy: Proxy(), se:cdp: ws://localhost:64668/devtoo..., se:cdpVersion: 102.0.5005.115, setWindowRect: true, strictFileInteractability: false, timeouts: {implicit: 0, pageLoad: 300000, script: 30000}, unhandledPromptBehavior: dismiss and notify, webauthn:extension:credBlob: true, webauthn:extension:largeBlob: true, webauthn:virtualAuthenticators: true}
Session ID: 77e15fa8445c21796b726363b5d2e4c5
at org.openqa.selenium.support.ui.WebDriverWait.timeoutException(WebDriverWait.java:138)
at org.openqa.selenium.support.ui.FluentWait.until(FluentWait.java:231)
at Test.Ancera.Administration.UserManagement.SiteAdminEditSites(UserManagement.java:1328)
at java.base/jdk.internal.reflect.NativeMethodAccessorImpl.invoke0(Native Method)
at java.base/jdk.internal.reflect.NativeMethodAccessorImpl.invoke(NativeMethodAccessorImpl.java:64)
at java.base/jdk.internal.reflect.DelegatingMethodAccessorImpl.invoke(DelegatingMethodAccessorImpl.java:43)
at java.base/java.lang.reflect.Method.invoke(Method.java:564)
at org.testng.internal.MethodInvocationHelper.invokeMethod(MethodInvocationHelper.java:132)
at org.testng.internal.TestInvoker.invokeMethod(TestInvoker.java:599)
at org.testng.internal.TestInvoker.invokeTestMethod(TestInvoker.java:174)
at org.testng.internal.MethodRunner.runInSequence(MethodRunner.java:46)
at org.testng.internal.TestInvoker$MethodInvocationAgent.invoke(TestInvoker.java:822)
at org.testng.internal.TestInvoker.invokeTestMethods(TestInvoker.java:147)
at org.testng.internal.TestMethodWorker.invokeTestMethods(TestMethodWorker.java:146)
at org.testng.internal.TestMethodWorker.run(TestMethodWorker.java:128)
at java.base/java.util.ArrayList.forEach(ArrayList.java:1511)
at org.testng.TestRunner.privateRun(TestRunner.java:764)
at org.testng.TestRunner.run(TestRunner.java:585)
at org.testng.SuiteRunner.runTest(SuiteRunner.java:384)
at org.testng.SuiteRunner.runSequentially(SuiteRunner.java:378)
at org.testng.SuiteRunner.privateRun(SuiteRunner.java:337)
at org.testng.SuiteRunner.run(SuiteRunner.java:286)
at org.testng.SuiteRunnerWorker.runSuite(SuiteRunnerWorker.java:53)
at org.testng.SuiteRunnerWorker.run(SuiteRunnerWorker.java:96)
at org.testng.TestNG.runSuitesSequentially(TestNG.java:1218)
at org.testng.TestNG.runSuitesLocally(TestNG.java:1140)
at org.testng.TestNG.runSuites(TestNG.java:1069)
at org.testng.TestNG.run(TestNG.java:1037)
at org.testng.remote.AbstractRemoteTestNG.run(AbstractRemoteTestNG.java:115)
at org.testng.remote.RemoteTestNG.initAndRun(RemoteTestNG.java:251)
at org.testng.remote.RemoteTestNG.main(RemoteTestNG.java:77)
]]>
            </full-stacktrace>
          </exception> <!-- org.openqa.selenium.TimeoutException -->
          <reporter-output>
          </reporter-output>
        </test-method> <!-- SiteAdminEditSites -->
        <test-method signature="DeleteUser()[pri:24, instance:Test.Ancera.Administration.UserManagement@54a7079e]" started-at="2022-06-19T21:41:52 PKT" name="DeleteUser" description="Test Case: Delete User" finished-at="2022-06-19T21:44:45 PKT" duration-ms="173648" status="FAIL">
          <exception class="java.lang.Exception">
            <message>
              <![CDATA[java.lang.AssertionError: The following asserts failed:
did not expect [166] but found [166]]]>
            </message>
            <full-stacktrace>
              <![CDATA[java.lang.Exception: java.lang.AssertionError: The following asserts failed:
did not expect [166] but found [166]
at Test.Ancera.Administration.UserManagement.DeleteUser(UserManagement.java:1449)
at java.base/jdk.internal.reflect.NativeMethodAccessorImpl.invoke0(Native Method)
at java.base/jdk.internal.reflect.NativeMethodAccessorImpl.invoke(NativeMethodAccessorImpl.java:64)
at java.base/jdk.internal.reflect.DelegatingMethodAccessorImpl.invoke(DelegatingMethodAccessorImpl.java:43)
at java.base/java.lang.reflect.Method.invoke(Method.java:564)
at org.testng.internal.MethodInvocationHelper.invokeMethod(MethodInvocationHelper.java:132)
at org.testng.internal.TestInvoker.invokeMethod(TestInvoker.java:599)
at org.testng.internal.TestInvoker.invokeTestMethod(TestInvoker.java:174)
at org.testng.internal.MethodRunner.runInSequence(MethodRunner.java:46)
at org.testng.internal.TestInvoker$MethodInvocationAgent.invoke(TestInvoker.java:822)
at org.testng.internal.TestInvoker.invokeTestMethods(TestInvoker.java:147)
at org.testng.internal.TestMethodWorker.invokeTestMethods(TestMethodWorker.java:146)
at org.testng.internal.TestMethodWorker.run(TestMethodWorker.java:128)
at java.base/java.util.ArrayList.forEach(ArrayList.java:1511)
at org.testng.TestRunner.privateRun(TestRunner.java:764)
at org.testng.TestRunner.run(TestRunner.java:585)
at org.testng.SuiteRunner.runTest(SuiteRunner.java:384)
at org.testng.SuiteRunner.runSequentially(SuiteRunner.java:378)
at org.testng.SuiteRunner.privateRun(SuiteRunner.java:337)
at org.testng.SuiteRunner.run(SuiteRunner.java:286)
at org.testng.SuiteRunnerWorker.runSuite(SuiteRunnerWorker.java:53)
at org.testng.SuiteRunnerWorker.run(SuiteRunnerWorker.java:96)
at org.testng.TestNG.runSuitesSequentially(TestNG.java:1218)
at org.testng.TestNG.runSuitesLocally(TestNG.java:1140)
at org.testng.TestNG.runSuites(TestNG.java:1069)
at org.testng.TestNG.run(TestNG.java:1037)
at org.testng.remote.AbstractRemoteTestNG.run(AbstractRemoteTestNG.java:115)
at org.testng.remote.RemoteTestNG.initAndRun(RemoteTestNG.java:251)
at org.testng.remote.RemoteTestNG.main(RemoteTestNG.java:77)
Caused by: java.lang.AssertionError: The following asserts failed:
did not expect [166] but found [166]
at org.testng.asserts.SoftAssert.assertAll(SoftAssert.java:47)
at org.testng.asserts.SoftAssert.assertAll(SoftAssert.java:31)
at Test.Ancera.Administration.UserManagement.DeleteUser(UserManagement.java:1440)
... 28 more
]]>
            </full-stacktrace>
          </exception> <!-- java.lang.Exception -->
          <reporter-output>
          </reporter-output>
        </test-method> <!-- DeleteUser -->
        <test-method signature="LockFilter()[pri:26, instance:Test.Ancera.Administration.UserManagement@54a7079e]" started-at="2022-06-19T21:44:45 PKT" name="LockFilter" finished-at="2022-06-19T21:50:01 PKT" duration-ms="316024" status="FAIL">
          <exception class="org.openqa.selenium.TimeoutException">
            <message>
              <![CDATA[Expected condition failed: waiting for visibility of element located by By.cssSelector: #manage-user #results-found-count (tried for 150 second(s) with 500 milliseconds interval)
Build info: version: '4.1.2', revision: '9a5a329c5a'
System info: host: 'DESKTOP-K0SFL7M', ip: '192.168.56.1', os.name: 'Windows 10', os.arch: 'amd64', os.version: '10.0', java.version: '15.0.2'
Driver info: org.openqa.selenium.chrome.ChromeDriver
Capabilities {acceptInsecureCerts: false, browserName: chrome, browserVersion: 102.0.5005.115, chrome: {chromedriverVersion: 101.0.4951.41 (93c720db8323..., userDataDir: C:\Users\User\AppData\Local...}, goog:chromeOptions: {debuggerAddress: localhost:64668}, javascriptEnabled: true, networkConnectionEnabled: false, pageLoadStrategy: normal, platform: WINDOWS, platformName: WINDOWS, proxy: Proxy(), se:cdp: ws://localhost:64668/devtoo..., se:cdpVersion: 102.0.5005.115, setWindowRect: true, strictFileInteractability: false, timeouts: {implicit: 0, pageLoad: 300000, script: 30000}, unhandledPromptBehavior: dismiss and notify, webauthn:extension:credBlob: true, webauthn:extension:largeBlob: true, webauthn:virtualAuthenticators: true}
Session ID: 77e15fa8445c21796b726363b5d2e4c5]]>
            </message>
            <full-stacktrace>
              <![CDATA[org.openqa.selenium.TimeoutException: Expected condition failed: waiting for visibility of element located by By.cssSelector: #manage-user #results-found-count (tried for 150 second(s) with 500 milliseconds interval)
Build info: version: '4.1.2', revision: '9a5a329c5a'
System info: host: 'DESKTOP-K0SFL7M', ip: '192.168.56.1', os.name: 'Windows 10', os.arch: 'amd64', os.version: '10.0', java.version: '15.0.2'
Driver info: org.openqa.selenium.chrome.ChromeDriver
Capabilities {acceptInsecureCerts: false, browserName: chrome, browserVersion: 102.0.5005.115, chrome: {chromedriverVersion: 101.0.4951.41 (93c720db8323..., userDataDir: C:\Users\User\AppData\Local...}, goog:chromeOptions: {debuggerAddress: localhost:64668}, javascriptEnabled: true, networkConnectionEnabled: false, pageLoadStrategy: normal, platform: WINDOWS, platformName: WINDOWS, proxy: Proxy(), se:cdp: ws://localhost:64668/devtoo..., se:cdpVersion: 102.0.5005.115, setWindowRect: true, strictFileInteractability: false, timeouts: {implicit: 0, pageLoad: 300000, script: 30000}, unhandledPromptBehavior: dismiss and notify, webauthn:extension:credBlob: true, webauthn:extension:largeBlob: true, webauthn:virtualAuthenticators: true}
Session ID: 77e15fa8445c21796b726363b5d2e4c5
at org.openqa.selenium.support.ui.WebDriverWait.timeoutException(WebDriverWait.java:138)
at org.openqa.selenium.support.ui.FluentWait.until(FluentWait.java:231)
at Test.Ancera.Test_Functions.Lock(Test_Functions.java:129)
at Test.Ancera.Administration.UserManagement.LockFilter(UserManagement.java:1465)
at java.base/jdk.internal.reflect.NativeMethodAccessorImpl.invoke0(Native Method)
at java.base/jdk.internal.reflect.NativeMethodAccessorImpl.invoke(NativeMethodAccessorImpl.java:64)
at java.base/jdk.internal.reflect.DelegatingMethodAccessorImpl.invoke(DelegatingMethodAccessorImpl.java:43)
at java.base/java.lang.reflect.Method.invoke(Method.java:564)
at org.testng.internal.MethodInvocationHelper.invokeMethod(MethodInvocationHelper.java:132)
at org.testng.internal.TestInvoker.invokeMethod(TestInvoker.java:599)
at org.testng.internal.TestInvoker.invokeTestMethod(TestInvoker.java:174)
at org.testng.internal.MethodRunner.runInSequence(MethodRunner.java:46)
at org.testng.internal.TestInvoker$MethodInvocationAgent.invoke(TestInvoker.java:822)
at org.testng.internal.TestInvoker.invokeTestMethods(TestInvoker.java:147)
at org.testng.internal.TestMethodWorker.invokeTestMethods(TestMethodWorker.java:146)
at org.testng.internal.TestMethodWorker.run(TestMethodWorker.java:128)
at java.base/java.util.ArrayList.forEach(ArrayList.java:1511)
at org.testng.TestRunner.privateRun(TestRunner.java:764)
at org.testng.TestRunner.run(TestRunner.java:585)
at org.testng.SuiteRunner.runTest(SuiteRunner.java:384)
at org.testng.SuiteRunner.runSequentially(SuiteRunner.java:378)
at org.testng.SuiteRunner.privateRun(SuiteRunner.java:337)
at org.testng.SuiteRunner.run(SuiteRunner.java:286)
at org.testng.SuiteRunnerWorker.runSuite(SuiteRunnerWorker.java:53)
at org.testng.SuiteRunnerWorker.run(SuiteRunnerWorker.java:96)
at org.testng.TestNG.runSuitesSequentially(TestNG.java:1218)
at org.testng.TestNG.runSuitesLocally(TestNG.java:1140)
at org.testng.TestNG.runSuites(TestNG.java:1069)
at org.testng.TestNG.run(TestNG.java:1037)
at org.testng.remote.AbstractRemoteTestNG.run(AbstractRemoteTestNG.java:115)
at org.testng.remote.RemoteTestNG.initAndRun(RemoteTestNG.java:251)
at org.testng.remote.RemoteTestNG.main(RemoteTestNG.java:77)
]]>
            </full-stacktrace>
          </exception> <!-- org.openqa.selenium.TimeoutException -->
          <reporter-output>
          </reporter-output>
        </test-method> <!-- LockFilter -->
        <test-method signature="WildcardUser()[pri:27, instance:Test.Ancera.Administration.UserManagement@54a7079e]" started-at="2022-06-19T21:50:01 PKT" name="WildcardUser" finished-at="2022-06-19T21:52:53 PKT" duration-ms="171336" status="PASS">
          <reporter-output>
          </reporter-output>
        </test-method> <!-- WildcardUser -->
        <test-method signature="sorting()[pri:28, instance:Test.Ancera.Administration.UserManagement@54a7079e]" started-at="2022-06-19T21:52:53 PKT" name="sorting" finished-at="2022-06-19T21:54:35 PKT" duration-ms="102686" status="PASS">
          <reporter-output>
          </reporter-output>
        </test-method> <!-- sorting -->
        <test-method signature="AccessRoleCount()[pri:30, instance:Test.Ancera.Administration.UserManagement@54a7079e]" started-at="2022-06-19T21:54:35 PKT" name="AccessRoleCount" finished-at="2022-06-19T21:54:56 PKT" duration-ms="21007" status="PASS">
          <reporter-output>
          </reporter-output>
        </test-method> <!-- AccessRoleCount -->
        <test-method signature="ExportCSV()[pri:31, instance:Test.Ancera.Administration.UserManagement@54a7079e]" started-at="2022-06-19T21:54:56 PKT" name="ExportCSV" finished-at="2022-06-19T21:55:22 PKT" duration-ms="25298" status="PASS">
          <reporter-output>
          </reporter-output>
        </test-method> <!-- ExportCSV -->
        <test-method is-config="true" signature="endreport()[pri:0, instance:Test.Ancera.Administration.UserManagement@54a7079e]" started-at="2022-06-19T21:55:22 PKT" name="endreport" finished-at="2022-06-19T21:55:22 PKT" duration-ms="384" status="PASS">
          <reporter-output>
          </reporter-output>
        </test-method> <!-- endreport -->
      </class> <!-- Test.Ancera.Administration.UserManagement -->
    </test> <!-- Default test -->
  </suite> <!-- Default suite -->
</testng-results>
