<?xml version="1.0" encoding="UTF-8"?>
<testng-results ignored="1" total="2" passed="1" failed="0" skipped="0">
  <reporter-output>
  </reporter-output>
  <suite started-at="2021-09-21T15:43:47 PKT" name="Default suite" finished-at="2021-09-21T15:58:28 PKT" duration-ms="881369">
    <groups>
    </groups>
    <test started-at="2021-09-21T15:43:47 PKT" name="Default test" finished-at="2021-09-21T15:58:28 PKT" duration-ms="881369">
      <class name="Test.Ancera.Reports.PAConfig">
        <test-method is-config="true" signature="extent()[pri:0, instance:Test.Ancera.Reports.PAConfig@4803b726]" started-at="2021-09-21T15:43:47 PKT" name="extent" finished-at="2021-09-21T15:44:05 PKT" duration-ms="18089" status="PASS">
          <reporter-output>
          </reporter-output>
        </test-method> <!-- extent -->
        <test-method signature="PAConfiguration()[pri:1, instance:Test.Ancera.Reports.PAConfig@4803b726]" started-at="2021-09-21T15:44:05 PKT" name="PAConfiguration" finished-at="2021-09-21T15:58:28 PKT" duration-ms="862967" status="PASS">
          <reporter-output>
          </reporter-output>
        </test-method> <!-- PAConfiguration -->
        <test-method is-config="true" signature="endreport()[pri:0, instance:Test.Ancera.Reports.PAConfig@4803b726]" started-at="2021-09-21T15:58:28 PKT" name="endreport" finished-at="2021-09-21T15:58:28 PKT" duration-ms="284" status="PASS">
          <reporter-output>
          </reporter-output>
        </test-method> <!-- endreport -->
      </class> <!-- Test.Ancera.Reports.PAConfig -->
    </test> <!-- Default test -->
  </suite> <!-- Default suite -->
</testng-results>
