<?xml version="1.0" encoding="UTF-8"?>
<testng-results ignored="1" total="2" passed="1" failed="0" skipped="0">
  <reporter-output>
  </reporter-output>
  <suite started-at="2021-07-20T01:16:47 PKT" name="Default suite" finished-at="2021-07-20T01:48:35 PKT" duration-ms="1907899">
    <groups>
    </groups>
    <test started-at="2021-07-20T01:16:47 PKT" name="Default test" finished-at="2021-07-20T01:48:35 PKT" duration-ms="1907899">
      <class name="Test.Ancera.Reports.InstallationRun">
        <test-method is-config="true" signature="extent()[pri:0, instance:Test.Ancera.Reports.InstallationRun@7ea9e1e2]" started-at="2021-07-20T01:16:47 PKT" name="extent" finished-at="2021-07-20T01:17:13 PKT" duration-ms="25994" status="PASS">
          <reporter-output>
          </reporter-output>
        </test-method> <!-- extent -->
        <test-method signature="installationRunConfigCoccidia()[pri:3, instance:Test.Ancera.Reports.InstallationRun@7ea9e1e2]" started-at="2021-07-20T01:17:13 PKT" name="installationRunConfigCoccidia" finished-at="2021-07-20T01:48:34 PKT" duration-ms="1881090" status="PASS">
          <reporter-output>
          </reporter-output>
        </test-method> <!-- installationRunConfigCoccidia -->
        <test-method is-config="true" signature="endreport()[pri:0, instance:Test.Ancera.Reports.InstallationRun@7ea9e1e2]" started-at="2021-07-20T01:48:34 PKT" name="endreport" finished-at="2021-07-20T01:48:35 PKT" duration-ms="745" status="PASS">
          <reporter-output>
          </reporter-output>
        </test-method> <!-- endreport -->
      </class> <!-- Test.Ancera.Reports.InstallationRun -->
    </test> <!-- Default test -->
  </suite> <!-- Default suite -->
</testng-results>
