<?xml version="1.0" encoding="UTF-8"?>
<testng-results ignored="6" total="7" passed="1" failed="0" skipped="0">
  <reporter-output>
  </reporter-output>
  <suite started-at="2022-07-20T14:47:27 PKT" name="Default suite" finished-at="2022-07-20T14:51:08 PKT" duration-ms="221188">
    <groups>
    </groups>
    <test started-at="2022-07-20T14:47:27 PKT" name="Default test" finished-at="2022-07-20T14:51:08 PKT" duration-ms="221188">
      <class name="Test.Ancera.Administration.PreFlutterMobile">
        <test-method is-config="true" signature="test()[pri:0, instance:Test.Ancera.Administration.PreFlutterMobile@201a4587]" started-at="2022-07-20T14:47:27 PKT" name="test" finished-at="2022-07-20T14:47:29 PKT" duration-ms="2431" status="PASS">
          <reporter-output>
          </reporter-output>
        </test-method> <!-- test -->
        <test-method is-config="true" signature="extent()[pri:0, instance:Test.Ancera.Administration.PreFlutterMobile@201a4587]" started-at="2022-07-20T14:47:29 PKT" name="extent" finished-at="2022-07-20T14:47:59 PKT" depends-on-methods="Test.Ancera.DB_Config.test" duration-ms="29319" status="PASS">
          <reporter-output>
          </reporter-output>
        </test-method> <!-- extent -->
        <test-method signature="Ingestion_Flock()[pri:8, instance:Test.Ancera.Administration.PreFlutterMobile@201a4587]" started-at="2022-07-20T14:47:59 PKT" name="Ingestion_Flock" finished-at="2022-07-20T14:51:08 PKT" duration-ms="188913" status="PASS">
          <reporter-output>
          </reporter-output>
        </test-method> <!-- Ingestion_Flock -->
        <test-method is-config="true" signature="endreport()[pri:0, instance:Test.Ancera.Administration.PreFlutterMobile@201a4587]" started-at="2022-07-20T14:51:08 PKT" name="endreport" finished-at="2022-07-20T14:51:08 PKT" duration-ms="465" status="PASS">
          <reporter-output>
          </reporter-output>
        </test-method> <!-- endreport -->
        <test-method is-config="true" signature="tearDown()[pri:0, instance:Test.Ancera.Administration.PreFlutterMobile@201a4587]" started-at="2022-07-20T14:51:08 PKT" name="tearDown" finished-at="2022-07-20T14:51:08 PKT" depends-on-methods="Test.Ancera.Administration.PreFlutterMobile.endreport" duration-ms="0" status="PASS">
          <reporter-output>
          </reporter-output>
        </test-method> <!-- tearDown -->
      </class> <!-- Test.Ancera.Administration.PreFlutterMobile -->
    </test> <!-- Default test -->
  </suite> <!-- Default suite -->
</testng-results>
