<?xml version="1.0" encoding="UTF-8"?>
<testng-results ignored="8" total="24" passed="13" failed="3" skipped="0">
  <reporter-output>
  </reporter-output>
  <suite started-at="2022-09-17T19:55:01 PKT" name="Default suite" finished-at="2022-09-17T20:03:53 PKT" duration-ms="532167">
    <groups>
    </groups>
    <test started-at="2022-09-17T19:55:01 PKT" name="Default test" finished-at="2022-09-17T20:03:53 PKT" duration-ms="532167">
      <class name="Test.Ancera.Administration.OrganizationManagement">
        <test-method is-config="true" signature="extent()[pri:0, instance:Test.Ancera.Administration.OrganizationManagement@27462a88]" started-at="2022-09-17T19:55:01 PKT" name="extent" finished-at="2022-09-17T19:55:24 PKT" duration-ms="23216" status="PASS">
          <reporter-output>
          </reporter-output>
        </test-method> <!-- extent -->
        <test-method signature="CreateOrganization()[pri:9, instance:Test.Ancera.Administration.OrganizationManagement@27462a88]" started-at="2022-09-17T19:55:24 PKT" name="CreateOrganization" description="Test Case: Create New Organization" finished-at="2022-09-17T19:55:49 PKT" duration-ms="25232" status="PASS">
          <reporter-output>
          </reporter-output>
        </test-method> <!-- CreateOrganization -->
        <test-method signature="UpdateOrganization()[pri:10, instance:Test.Ancera.Administration.OrganizationManagement@27462a88]" started-at="2022-09-17T19:55:49 PKT" name="UpdateOrganization" description="Test Case: Update New Organization " finished-at="2022-09-17T19:56:09 PKT" duration-ms="19667" status="PASS">
          <reporter-output>
          </reporter-output>
        </test-method> <!-- UpdateOrganization -->
        <test-method signature="VerifyUpdateOrganization()[pri:11, instance:Test.Ancera.Administration.OrganizationManagement@27462a88]" started-at="2022-09-17T19:56:09 PKT" name="VerifyUpdateOrganization" description="Test Case: Verify Updated Organization " finished-at="2022-09-17T19:56:12 PKT" duration-ms="2913" status="PASS">
          <reporter-output>
          </reporter-output>
        </test-method> <!-- VerifyUpdateOrganization -->
        <test-method signature="OrganizationSitesHierarchyCheck()[pri:12, instance:Test.Ancera.Administration.OrganizationManagement@27462a88]" started-at="2022-09-17T19:56:12 PKT" name="OrganizationSitesHierarchyCheck" description="Test Case: Organization Site Check" finished-at="2022-09-17T19:56:25 PKT" duration-ms="12899" status="FAIL">
          <exception class="org.openqa.selenium.NoSuchElementException">
            <message>
              <![CDATA[no such element: Unable to locate element: {"method":"css selector","selector":"li .text-ellipsis"}
  (Session info: chrome=105.0.5195.125)
For documentation on this error, please visit: https://selenium.dev/exceptions/#no_such_element
Build info: version: '4.1.2', revision: '9a5a329c5a'
System info: host: 'APL-LHR-JA0201', ip: '192.168.56.1', os.name: 'Windows 10', os.arch: 'amd64', os.version: '10.0', java.version: '15.0.2'
Driver info: org.openqa.selenium.chrome.ChromeDriver
Command: [4ba7199c08bbc3505fce41409a65390f, findElement {using=css selector, value=li .text-ellipsis}]
Capabilities {acceptInsecureCerts: false, browserName: chrome, browserVersion: 105.0.5195.125, chrome: {chromedriverVersion: 105.0.5195.52 (412c95e51883..., userDataDir: C:\Users\JUNAID~1.ALA\AppDa...}, goog:chromeOptions: {debuggerAddress: localhost:65029}, javascriptEnabled: true, networkConnectionEnabled: false, pageLoadStrategy: normal, platform: WINDOWS, platformName: WINDOWS, proxy: Proxy(), se:cdp: ws://localhost:65029/devtoo..., se:cdpVersion: 105.0.5195.125, setWindowRect: true, strictFileInteractability: false, timeouts: {implicit: 0, pageLoad: 300000, script: 30000}, unhandledPromptBehavior: dismiss and notify, webauthn:extension:credBlob: true, webauthn:extension:largeBlob: true, webauthn:virtualAuthenticators: true}
Session ID: 4ba7199c08bbc3505fce41409a65390f]]>
            </message>
            <full-stacktrace>
              <![CDATA[org.openqa.selenium.NoSuchElementException: no such element: Unable to locate element: {"method":"css selector","selector":"li .text-ellipsis"}
  (Session info: chrome=105.0.5195.125)
For documentation on this error, please visit: https://selenium.dev/exceptions/#no_such_element
Build info: version: '4.1.2', revision: '9a5a329c5a'
System info: host: 'APL-LHR-JA0201', ip: '192.168.56.1', os.name: 'Windows 10', os.arch: 'amd64', os.version: '10.0', java.version: '15.0.2'
Driver info: org.openqa.selenium.chrome.ChromeDriver
Command: [4ba7199c08bbc3505fce41409a65390f, findElement {using=css selector, value=li .text-ellipsis}]
Capabilities {acceptInsecureCerts: false, browserName: chrome, browserVersion: 105.0.5195.125, chrome: {chromedriverVersion: 105.0.5195.52 (412c95e51883..., userDataDir: C:\Users\JUNAID~1.ALA\AppDa...}, goog:chromeOptions: {debuggerAddress: localhost:65029}, javascriptEnabled: true, networkConnectionEnabled: false, pageLoadStrategy: normal, platform: WINDOWS, platformName: WINDOWS, proxy: Proxy(), se:cdp: ws://localhost:65029/devtoo..., se:cdpVersion: 105.0.5195.125, setWindowRect: true, strictFileInteractability: false, timeouts: {implicit: 0, pageLoad: 300000, script: 30000}, unhandledPromptBehavior: dismiss and notify, webauthn:extension:credBlob: true, webauthn:extension:largeBlob: true, webauthn:virtualAuthenticators: true}
Session ID: 4ba7199c08bbc3505fce41409a65390f
at java.base/jdk.internal.reflect.NativeConstructorAccessorImpl.newInstance0(Native Method)
at java.base/jdk.internal.reflect.NativeConstructorAccessorImpl.newInstance(NativeConstructorAccessorImpl.java:64)
at java.base/jdk.internal.reflect.DelegatingConstructorAccessorImpl.newInstance(DelegatingConstructorAccessorImpl.java:45)
at java.base/java.lang.reflect.Constructor.newInstanceWithCaller(Constructor.java:500)
at java.base/java.lang.reflect.Constructor.newInstance(Constructor.java:481)
at org.openqa.selenium.remote.codec.w3c.W3CHttpResponseCodec.createException(W3CHttpResponseCodec.java:200)
at org.openqa.selenium.remote.codec.w3c.W3CHttpResponseCodec.decode(W3CHttpResponseCodec.java:133)
at org.openqa.selenium.remote.codec.w3c.W3CHttpResponseCodec.decode(W3CHttpResponseCodec.java:53)
at org.openqa.selenium.remote.HttpCommandExecutor.execute(HttpCommandExecutor.java:184)
at org.openqa.selenium.remote.service.DriverCommandExecutor.invokeExecute(DriverCommandExecutor.java:167)
at org.openqa.selenium.remote.service.DriverCommandExecutor.execute(DriverCommandExecutor.java:142)
at org.openqa.selenium.remote.RemoteWebDriver.execute(RemoteWebDriver.java:558)
at org.openqa.selenium.remote.ElementLocation$ElementFinder$2.findElement(ElementLocation.java:162)
at org.openqa.selenium.remote.ElementLocation.findElement(ElementLocation.java:60)
at org.openqa.selenium.remote.RemoteWebDriver.findElement(RemoteWebDriver.java:382)
at org.openqa.selenium.remote.RemoteWebDriver.findElement(RemoteWebDriver.java:374)
at Test.Ancera.Helper.click(Helper.java:119)
at Test.Ancera.Administration.OrganizationManagement.OrganizationSitesHierarchyCheck(OrganizationManagement.java:351)
at java.base/jdk.internal.reflect.NativeMethodAccessorImpl.invoke0(Native Method)
at java.base/jdk.internal.reflect.NativeMethodAccessorImpl.invoke(NativeMethodAccessorImpl.java:64)
at java.base/jdk.internal.reflect.DelegatingMethodAccessorImpl.invoke(DelegatingMethodAccessorImpl.java:43)
at java.base/java.lang.reflect.Method.invoke(Method.java:564)
at org.testng.internal.MethodInvocationHelper.invokeMethod(MethodInvocationHelper.java:132)
at org.testng.internal.TestInvoker.invokeMethod(TestInvoker.java:599)
at org.testng.internal.TestInvoker.invokeTestMethod(TestInvoker.java:174)
at org.testng.internal.MethodRunner.runInSequence(MethodRunner.java:46)
at org.testng.internal.TestInvoker$MethodInvocationAgent.invoke(TestInvoker.java:822)
at org.testng.internal.TestInvoker.invokeTestMethods(TestInvoker.java:147)
at org.testng.internal.TestMethodWorker.invokeTestMethods(TestMethodWorker.java:146)
at org.testng.internal.TestMethodWorker.run(TestMethodWorker.java:128)
at java.base/java.util.ArrayList.forEach(ArrayList.java:1511)
at org.testng.TestRunner.privateRun(TestRunner.java:764)
at org.testng.TestRunner.run(TestRunner.java:585)
at org.testng.SuiteRunner.runTest(SuiteRunner.java:384)
at org.testng.SuiteRunner.runSequentially(SuiteRunner.java:378)
at org.testng.SuiteRunner.privateRun(SuiteRunner.java:337)
at org.testng.SuiteRunner.run(SuiteRunner.java:286)
at org.testng.SuiteRunnerWorker.runSuite(SuiteRunnerWorker.java:53)
at org.testng.SuiteRunnerWorker.run(SuiteRunnerWorker.java:96)
at org.testng.TestNG.runSuitesSequentially(TestNG.java:1218)
at org.testng.TestNG.runSuitesLocally(TestNG.java:1140)
at org.testng.TestNG.runSuites(TestNG.java:1069)
at org.testng.TestNG.run(TestNG.java:1037)
at org.testng.remote.AbstractRemoteTestNG.run(AbstractRemoteTestNG.java:115)
at org.testng.remote.RemoteTestNG.initAndRun(RemoteTestNG.java:251)
at org.testng.remote.RemoteTestNG.main(RemoteTestNG.java:77)
]]>
            </full-stacktrace>
          </exception> <!-- org.openqa.selenium.NoSuchElementException -->
          <reporter-output>
          </reporter-output>
        </test-method> <!-- OrganizationSitesHierarchyCheck -->
        <test-method signature="OrganizationSiteMandatoryCheck()[pri:13, instance:Test.Ancera.Administration.OrganizationManagement@27462a88]" started-at="2022-09-17T19:56:25 PKT" name="OrganizationSiteMandatoryCheck" description="Test Case: Organization Site Mandatory Check" finished-at="2022-09-17T19:56:35 PKT" duration-ms="10573" status="PASS">
          <reporter-output>
          </reporter-output>
        </test-method> <!-- OrganizationSiteMandatoryCheck -->
        <test-method signature="SiteResetButton()[pri:14, instance:Test.Ancera.Administration.OrganizationManagement@27462a88]" started-at="2022-09-17T19:56:35 PKT" name="SiteResetButton" description="Exceptional Flow: Site Reset fields" finished-at="2022-09-17T19:56:37 PKT" duration-ms="2036" status="PASS">
          <reporter-output>
          </reporter-output>
        </test-method> <!-- SiteResetButton -->
        <test-method signature="CreateOrganizationSite()[pri:15, instance:Test.Ancera.Administration.OrganizationManagement@27462a88]" started-at="2022-09-17T19:56:37 PKT" name="CreateOrganizationSite" description="Test Case: Create Organization Site" finished-at="2022-09-17T19:57:04 PKT" duration-ms="26543" status="PASS">
          <reporter-output>
          </reporter-output>
        </test-method> <!-- CreateOrganizationSite -->
        <test-method signature="UpdateOrganizationSites()[pri:16, instance:Test.Ancera.Administration.OrganizationManagement@27462a88]" started-at="2022-09-17T19:57:04 PKT" name="UpdateOrganizationSites" description="Test Case: Update Organization Sites " finished-at="2022-09-17T19:57:22 PKT" duration-ms="18342" status="FAIL">
          <exception class="java.lang.Exception">
            <message>
              <![CDATA[java.lang.AssertionError: The following asserts failed:
Latitude did not autofilled expected [40.712775] but found [41],
Longitude did not autofilled expected [-74.005973] but found [-74]]]>
            </message>
            <full-stacktrace>
              <![CDATA[java.lang.Exception: java.lang.AssertionError: The following asserts failed:
Latitude did not autofilled expected [40.712775] but found [41],
Longitude did not autofilled expected [-74.005973] but found [-74]
at Test.Ancera.Administration.OrganizationManagement.UpdateOrganizationSites(OrganizationManagement.java:750)
at java.base/jdk.internal.reflect.NativeMethodAccessorImpl.invoke0(Native Method)
at java.base/jdk.internal.reflect.NativeMethodAccessorImpl.invoke(NativeMethodAccessorImpl.java:64)
at java.base/jdk.internal.reflect.DelegatingMethodAccessorImpl.invoke(DelegatingMethodAccessorImpl.java:43)
at java.base/java.lang.reflect.Method.invoke(Method.java:564)
at org.testng.internal.MethodInvocationHelper.invokeMethod(MethodInvocationHelper.java:132)
at org.testng.internal.TestInvoker.invokeMethod(TestInvoker.java:599)
at org.testng.internal.TestInvoker.invokeTestMethod(TestInvoker.java:174)
at org.testng.internal.MethodRunner.runInSequence(MethodRunner.java:46)
at org.testng.internal.TestInvoker$MethodInvocationAgent.invoke(TestInvoker.java:822)
at org.testng.internal.TestInvoker.invokeTestMethods(TestInvoker.java:147)
at org.testng.internal.TestMethodWorker.invokeTestMethods(TestMethodWorker.java:146)
at org.testng.internal.TestMethodWorker.run(TestMethodWorker.java:128)
at java.base/java.util.ArrayList.forEach(ArrayList.java:1511)
at org.testng.TestRunner.privateRun(TestRunner.java:764)
at org.testng.TestRunner.run(TestRunner.java:585)
at org.testng.SuiteRunner.runTest(SuiteRunner.java:384)
at org.testng.SuiteRunner.runSequentially(SuiteRunner.java:378)
at org.testng.SuiteRunner.privateRun(SuiteRunner.java:337)
at org.testng.SuiteRunner.run(SuiteRunner.java:286)
at org.testng.SuiteRunnerWorker.runSuite(SuiteRunnerWorker.java:53)
at org.testng.SuiteRunnerWorker.run(SuiteRunnerWorker.java:96)
at org.testng.TestNG.runSuitesSequentially(TestNG.java:1218)
at org.testng.TestNG.runSuitesLocally(TestNG.java:1140)
at org.testng.TestNG.runSuites(TestNG.java:1069)
at org.testng.TestNG.run(TestNG.java:1037)
at org.testng.remote.AbstractRemoteTestNG.run(AbstractRemoteTestNG.java:115)
at org.testng.remote.RemoteTestNG.initAndRun(RemoteTestNG.java:251)
at org.testng.remote.RemoteTestNG.main(RemoteTestNG.java:77)
Caused by: java.lang.AssertionError: The following asserts failed:
Latitude did not autofilled expected [40.712775] but found [41],
Longitude did not autofilled expected [-74.005973] but found [-74]
at org.testng.asserts.SoftAssert.assertAll(SoftAssert.java:47)
at org.testng.asserts.SoftAssert.assertAll(SoftAssert.java:31)
at Test.Ancera.Administration.OrganizationManagement.UpdateOrganizationSites(OrganizationManagement.java:742)
... 28 more
]]>
            </full-stacktrace>
          </exception> <!-- java.lang.Exception -->
          <reporter-output>
          </reporter-output>
        </test-method> <!-- UpdateOrganizationSites -->
        <test-method signature="VerifyUpdateOrganizationSites()[pri:17, instance:Test.Ancera.Administration.OrganizationManagement@27462a88]" started-at="2022-09-17T19:57:22 PKT" name="VerifyUpdateOrganizationSites" description="Test Case: Verify Update Organization Sites " finished-at="2022-09-17T19:57:35 PKT" duration-ms="12893" status="PASS">
          <reporter-output>
          </reporter-output>
        </test-method> <!-- VerifyUpdateOrganizationSites -->
        <test-method signature="DeleteOrganizationSites()[pri:18, instance:Test.Ancera.Administration.OrganizationManagement@27462a88]" started-at="2022-09-17T19:57:35 PKT" name="DeleteOrganizationSites" description="Test Case: Delete Organization Sites " finished-at="2022-09-17T19:57:41 PKT" duration-ms="6203" status="PASS">
          <reporter-output>
          </reporter-output>
        </test-method> <!-- DeleteOrganizationSites -->
        <test-method signature="BulkUploadEmpty()[pri:19, instance:Test.Ancera.Administration.OrganizationManagement@27462a88]" started-at="2022-09-17T19:57:41 PKT" name="BulkUploadEmpty" finished-at="2022-09-17T19:57:59 PKT" duration-ms="17352" status="PASS">
          <reporter-output>
          </reporter-output>
        </test-method> <!-- BulkUploadEmpty -->
        <test-method signature="BulkUpload()[pri:20, instance:Test.Ancera.Administration.OrganizationManagement@27462a88]" started-at="2022-09-17T19:57:59 PKT" name="BulkUpload" finished-at="2022-09-17T20:02:17 PKT" duration-ms="258361" status="PASS">
          <exception class="java.lang.Exception">
            <message>
              <![CDATA[java.lang.AssertionError: The following asserts failed:
expected [Site Type does not exist.] but found [Site Type does not exists.]]]>
            </message>
            <full-stacktrace>
              <![CDATA[java.lang.Exception: java.lang.AssertionError: The following asserts failed:
expected [Site Type does not exist.] but found [Site Type does not exists.]
at Test.Ancera.Administration.OrganizationManagement.BulkUpload(OrganizationManagement.java:1015)
at java.base/jdk.internal.reflect.NativeMethodAccessorImpl.invoke0(Native Method)
at java.base/jdk.internal.reflect.NativeMethodAccessorImpl.invoke(NativeMethodAccessorImpl.java:64)
at java.base/jdk.internal.reflect.DelegatingMethodAccessorImpl.invoke(DelegatingMethodAccessorImpl.java:43)
at java.base/java.lang.reflect.Method.invoke(Method.java:564)
at org.testng.internal.MethodInvocationHelper.invokeMethod(MethodInvocationHelper.java:132)
at org.testng.internal.TestInvoker.invokeMethod(TestInvoker.java:599)
at org.testng.internal.TestInvoker.invokeTestMethod(TestInvoker.java:174)
at org.testng.internal.MethodRunner.runInSequence(MethodRunner.java:46)
at org.testng.internal.TestInvoker$MethodInvocationAgent.invoke(TestInvoker.java:822)
at org.testng.internal.TestInvoker.invokeTestMethods(TestInvoker.java:147)
at org.testng.internal.TestMethodWorker.invokeTestMethods(TestMethodWorker.java:146)
at org.testng.internal.TestMethodWorker.run(TestMethodWorker.java:128)
at java.base/java.util.ArrayList.forEach(ArrayList.java:1511)
at org.testng.TestRunner.privateRun(TestRunner.java:764)
at org.testng.TestRunner.run(TestRunner.java:585)
at org.testng.SuiteRunner.runTest(SuiteRunner.java:384)
at org.testng.SuiteRunner.runSequentially(SuiteRunner.java:378)
at org.testng.SuiteRunner.privateRun(SuiteRunner.java:337)
at org.testng.SuiteRunner.run(SuiteRunner.java:286)
at org.testng.SuiteRunnerWorker.runSuite(SuiteRunnerWorker.java:53)
at org.testng.SuiteRunnerWorker.run(SuiteRunnerWorker.java:96)
at org.testng.TestNG.runSuitesSequentially(TestNG.java:1218)
at org.testng.TestNG.runSuitesLocally(TestNG.java:1140)
at org.testng.TestNG.runSuites(TestNG.java:1069)
at org.testng.TestNG.run(TestNG.java:1037)
at org.testng.remote.AbstractRemoteTestNG.run(AbstractRemoteTestNG.java:115)
at org.testng.remote.RemoteTestNG.initAndRun(RemoteTestNG.java:251)
at org.testng.remote.RemoteTestNG.main(RemoteTestNG.java:77)
Caused by: java.lang.AssertionError: The following asserts failed:
expected [Site Type does not exist.] but found [Site Type does not exists.]
at org.testng.asserts.SoftAssert.assertAll(SoftAssert.java:47)
at org.testng.asserts.SoftAssert.assertAll(SoftAssert.java:31)
at Test.Ancera.Administration.OrganizationManagement.BulkUpload(OrganizationManagement.java:1006)
... 28 more
]]>
            </full-stacktrace>
          </exception> <!-- java.lang.Exception -->
          <reporter-output>
          </reporter-output>
        </test-method> <!-- BulkUpload -->
        <test-method signature="InActiveOrganization()[pri:22, instance:Test.Ancera.Administration.OrganizationManagement@27462a88]" started-at="2022-09-17T20:02:17 PKT" name="InActiveOrganization" description="Test Case: InActive Organization" finished-at="2022-09-17T20:02:37 PKT" duration-ms="19910" status="PASS">
          <reporter-output>
          </reporter-output>
        </test-method> <!-- InActiveOrganization -->
        <test-method signature="VerifyInActiveOrganization()[pri:23, instance:Test.Ancera.Administration.OrganizationManagement@27462a88]" started-at="2022-09-17T20:02:37 PKT" name="VerifyInActiveOrganization" description="Test Case: Verify InActive Organization" finished-at="2022-09-17T20:03:03 PKT" duration-ms="25837" status="PASS">
          <reporter-output>
          </reporter-output>
        </test-method> <!-- VerifyInActiveOrganization -->
        <test-method signature="DeleteOrganization()[pri:24, instance:Test.Ancera.Administration.OrganizationManagement@27462a88]" started-at="2022-09-17T20:03:03 PKT" name="DeleteOrganization" description="Test Case: Delete Organization" finished-at="2022-09-17T20:03:51 PKT" duration-ms="47943" status="PASS">
          <reporter-output>
          </reporter-output>
        </test-method> <!-- DeleteOrganization -->
        <test-method signature="ExportCSV()[pri:25, instance:Test.Ancera.Administration.OrganizationManagement@27462a88]" started-at="2022-09-17T20:03:51 PKT" name="ExportCSV" finished-at="2022-09-17T20:03:52 PKT" duration-ms="1300" status="FAIL">
          <exception class="org.openqa.selenium.NoSuchElementException">
            <message>
              <![CDATA[no such element: Unable to locate element: {"method":"css selector","selector":"#orgn-log th:nth-child(1) .log-header__filter-icon"}
  (Session info: chrome=105.0.5195.125)
For documentation on this error, please visit: https://selenium.dev/exceptions/#no_such_element
Build info: version: '4.1.2', revision: '9a5a329c5a'
System info: host: 'APL-LHR-JA0201', ip: '192.168.56.1', os.name: 'Windows 10', os.arch: 'amd64', os.version: '10.0', java.version: '15.0.2'
Driver info: org.openqa.selenium.chrome.ChromeDriver
Command: [4ba7199c08bbc3505fce41409a65390f, findElement {using=css selector, value=#orgn-log th:nth-child(1) .log-header__filter-icon}]
Capabilities {acceptInsecureCerts: false, browserName: chrome, browserVersion: 105.0.5195.125, chrome: {chromedriverVersion: 105.0.5195.52 (412c95e51883..., userDataDir: C:\Users\JUNAID~1.ALA\AppDa...}, goog:chromeOptions: {debuggerAddress: localhost:65029}, javascriptEnabled: true, networkConnectionEnabled: false, pageLoadStrategy: normal, platform: WINDOWS, platformName: WINDOWS, proxy: Proxy(), se:cdp: ws://localhost:65029/devtoo..., se:cdpVersion: 105.0.5195.125, setWindowRect: true, strictFileInteractability: false, timeouts: {implicit: 0, pageLoad: 300000, script: 30000}, unhandledPromptBehavior: dismiss and notify, webauthn:extension:credBlob: true, webauthn:extension:largeBlob: true, webauthn:virtualAuthenticators: true}
Session ID: 4ba7199c08bbc3505fce41409a65390f]]>
            </message>
            <full-stacktrace>
              <![CDATA[org.openqa.selenium.NoSuchElementException: no such element: Unable to locate element: {"method":"css selector","selector":"#orgn-log th:nth-child(1) .log-header__filter-icon"}
  (Session info: chrome=105.0.5195.125)
For documentation on this error, please visit: https://selenium.dev/exceptions/#no_such_element
Build info: version: '4.1.2', revision: '9a5a329c5a'
System info: host: 'APL-LHR-JA0201', ip: '192.168.56.1', os.name: 'Windows 10', os.arch: 'amd64', os.version: '10.0', java.version: '15.0.2'
Driver info: org.openqa.selenium.chrome.ChromeDriver
Command: [4ba7199c08bbc3505fce41409a65390f, findElement {using=css selector, value=#orgn-log th:nth-child(1) .log-header__filter-icon}]
Capabilities {acceptInsecureCerts: false, browserName: chrome, browserVersion: 105.0.5195.125, chrome: {chromedriverVersion: 105.0.5195.52 (412c95e51883..., userDataDir: C:\Users\JUNAID~1.ALA\AppDa...}, goog:chromeOptions: {debuggerAddress: localhost:65029}, javascriptEnabled: true, networkConnectionEnabled: false, pageLoadStrategy: normal, platform: WINDOWS, platformName: WINDOWS, proxy: Proxy(), se:cdp: ws://localhost:65029/devtoo..., se:cdpVersion: 105.0.5195.125, setWindowRect: true, strictFileInteractability: false, timeouts: {implicit: 0, pageLoad: 300000, script: 30000}, unhandledPromptBehavior: dismiss and notify, webauthn:extension:credBlob: true, webauthn:extension:largeBlob: true, webauthn:virtualAuthenticators: true}
Session ID: 4ba7199c08bbc3505fce41409a65390f
at jdk.internal.reflect.GeneratedConstructorAccessor13.newInstance(Unknown Source)
at java.base/jdk.internal.reflect.DelegatingConstructorAccessorImpl.newInstance(DelegatingConstructorAccessorImpl.java:45)
at java.base/java.lang.reflect.Constructor.newInstanceWithCaller(Constructor.java:500)
at java.base/java.lang.reflect.Constructor.newInstance(Constructor.java:481)
at org.openqa.selenium.remote.codec.w3c.W3CHttpResponseCodec.createException(W3CHttpResponseCodec.java:200)
at org.openqa.selenium.remote.codec.w3c.W3CHttpResponseCodec.decode(W3CHttpResponseCodec.java:133)
at org.openqa.selenium.remote.codec.w3c.W3CHttpResponseCodec.decode(W3CHttpResponseCodec.java:53)
at org.openqa.selenium.remote.HttpCommandExecutor.execute(HttpCommandExecutor.java:184)
at org.openqa.selenium.remote.service.DriverCommandExecutor.invokeExecute(DriverCommandExecutor.java:167)
at org.openqa.selenium.remote.service.DriverCommandExecutor.execute(DriverCommandExecutor.java:142)
at org.openqa.selenium.remote.RemoteWebDriver.execute(RemoteWebDriver.java:558)
at org.openqa.selenium.remote.ElementLocation$ElementFinder$2.findElement(ElementLocation.java:162)
at org.openqa.selenium.remote.ElementLocation.findElement(ElementLocation.java:60)
at org.openqa.selenium.remote.RemoteWebDriver.findElement(RemoteWebDriver.java:382)
at org.openqa.selenium.remote.RemoteWebDriver.findElement(RemoteWebDriver.java:374)
at Test.Ancera.Test_Functions.CSVExport(Test_Functions.java:589)
at Test.Ancera.Administration.OrganizationManagement.ExportCSV(OrganizationManagement.java:1216)
at java.base/jdk.internal.reflect.NativeMethodAccessorImpl.invoke0(Native Method)
at java.base/jdk.internal.reflect.NativeMethodAccessorImpl.invoke(NativeMethodAccessorImpl.java:64)
at java.base/jdk.internal.reflect.DelegatingMethodAccessorImpl.invoke(DelegatingMethodAccessorImpl.java:43)
at java.base/java.lang.reflect.Method.invoke(Method.java:564)
at org.testng.internal.MethodInvocationHelper.invokeMethod(MethodInvocationHelper.java:132)
at org.testng.internal.TestInvoker.invokeMethod(TestInvoker.java:599)
at org.testng.internal.TestInvoker.invokeTestMethod(TestInvoker.java:174)
at org.testng.internal.MethodRunner.runInSequence(MethodRunner.java:46)
at org.testng.internal.TestInvoker$MethodInvocationAgent.invoke(TestInvoker.java:822)
at org.testng.internal.TestInvoker.invokeTestMethods(TestInvoker.java:147)
at org.testng.internal.TestMethodWorker.invokeTestMethods(TestMethodWorker.java:146)
at org.testng.internal.TestMethodWorker.run(TestMethodWorker.java:128)
at java.base/java.util.ArrayList.forEach(ArrayList.java:1511)
at org.testng.TestRunner.privateRun(TestRunner.java:764)
at org.testng.TestRunner.run(TestRunner.java:585)
at org.testng.SuiteRunner.runTest(SuiteRunner.java:384)
at org.testng.SuiteRunner.runSequentially(SuiteRunner.java:378)
at org.testng.SuiteRunner.privateRun(SuiteRunner.java:337)
at org.testng.SuiteRunner.run(SuiteRunner.java:286)
at org.testng.SuiteRunnerWorker.runSuite(SuiteRunnerWorker.java:53)
at org.testng.SuiteRunnerWorker.run(SuiteRunnerWorker.java:96)
at org.testng.TestNG.runSuitesSequentially(TestNG.java:1218)
at org.testng.TestNG.runSuitesLocally(TestNG.java:1140)
at org.testng.TestNG.runSuites(TestNG.java:1069)
at org.testng.TestNG.run(TestNG.java:1037)
at org.testng.remote.AbstractRemoteTestNG.run(AbstractRemoteTestNG.java:115)
at org.testng.remote.RemoteTestNG.initAndRun(RemoteTestNG.java:251)
at org.testng.remote.RemoteTestNG.main(RemoteTestNG.java:77)
]]>
            </full-stacktrace>
          </exception> <!-- org.openqa.selenium.NoSuchElementException -->
          <reporter-output>
          </reporter-output>
        </test-method> <!-- ExportCSV -->
        <test-method is-config="true" signature="endreport()[pri:0, instance:Test.Ancera.Administration.OrganizationManagement@27462a88]" started-at="2022-09-17T20:03:52 PKT" name="endreport" finished-at="2022-09-17T20:03:53 PKT" duration-ms="849" status="PASS">
          <reporter-output>
          </reporter-output>
        </test-method> <!-- endreport -->
      </class> <!-- Test.Ancera.Administration.OrganizationManagement -->
    </test> <!-- Default test -->
  </suite> <!-- Default suite -->
</testng-results>
