<?xml version="1.0" encoding="UTF-8"?>
<testng-results skipped="0" failed="0" ignored="12" total="14" passed="2">
  <reporter-output>
  </reporter-output>
  <suite name="Default suite" duration-ms="461946" started-at="2021-01-21T14:23:34 PKT" finished-at="2021-01-21T14:31:16 PKT">
    <groups>
    </groups>
    <test name="Default test" duration-ms="461946" started-at="2021-01-21T14:23:34 PKT" finished-at="2021-01-21T14:31:16 PKT">
      <class name="Test.Ancera.Reports.CoccidiaLog">
        <test-method status="PASS" signature="extent()[pri:0, instance:Test.Ancera.Reports.CoccidiaLog@fad74ee]" name="extent" is-config="true" duration-ms="53932" started-at="2021-01-21T14:23:34 PKT" finished-at="2021-01-21T14:24:28 PKT">
          <reporter-output>
          </reporter-output>
        </test-method> <!-- extent -->
        <test-method status="PASS" signature="NavigateCoccidia()[pri:2, instance:Test.Ancera.Reports.CoccidiaLog@fad74ee]" name="NavigateCoccidia" duration-ms="51953" started-at="2021-01-21T14:24:28 PKT" description="Test Case: Navigate to Coccidia Log Screen" finished-at="2021-01-21T14:25:20 PKT">
          <reporter-output>
          </reporter-output>
        </test-method> <!-- NavigateCoccidia -->
        <test-method status="PASS" signature="TestFilters()[pri:6, instance:Test.Ancera.Reports.CoccidiaLog@fad74ee]" name="TestFilters" duration-ms="355340" started-at="2021-01-21T14:25:20 PKT" description="Test Case: Filter Test" finished-at="2021-01-21T14:31:15 PKT">
          <exception class="java.lang.Exception">
            <message>
              <![CDATA[java.lang.AssertionError: expected [true] but found [false]]]>
            </message>
            <full-stacktrace>
              <![CDATA[java.lang.Exception: java.lang.AssertionError: expected [true] but found [false]
at Test.Ancera.Reports.CoccidiaLog.TestFilters(CoccidiaLog.java:944)
at sun.reflect.NativeMethodAccessorImpl.invoke0(Native Method)
at sun.reflect.NativeMethodAccessorImpl.invoke(NativeMethodAccessorImpl.java:62)
at sun.reflect.DelegatingMethodAccessorImpl.invoke(DelegatingMethodAccessorImpl.java:43)
at java.lang.reflect.Method.invoke(Method.java:498)
at org.testng.internal.MethodInvocationHelper.invokeMethod(MethodInvocationHelper.java:135)
at org.testng.internal.TestInvoker.invokeMethod(TestInvoker.java:598)
at org.testng.internal.TestInvoker.invokeTestMethod(TestInvoker.java:174)
at org.testng.internal.MethodRunner.runInSequence(MethodRunner.java:46)
at org.testng.internal.TestInvoker$MethodInvocationAgent.invoke(TestInvoker.java:821)
at org.testng.internal.TestInvoker.invokeTestMethods(TestInvoker.java:147)
at org.testng.internal.TestMethodWorker.invokeTestMethods(TestMethodWorker.java:146)
at org.testng.internal.TestMethodWorker.run(TestMethodWorker.java:128)
at java.util.ArrayList.forEach(ArrayList.java:1257)
at org.testng.TestRunner.privateRun(TestRunner.java:767)
at org.testng.TestRunner.run(TestRunner.java:588)
at org.testng.SuiteRunner.runTest(SuiteRunner.java:384)
at org.testng.SuiteRunner.runSequentially(SuiteRunner.java:378)
at org.testng.SuiteRunner.privateRun(SuiteRunner.java:337)
at org.testng.SuiteRunner.run(SuiteRunner.java:286)
at org.testng.SuiteRunnerWorker.runSuite(SuiteRunnerWorker.java:53)
at org.testng.SuiteRunnerWorker.run(SuiteRunnerWorker.java:96)
at org.testng.TestNG.runSuitesSequentially(TestNG.java:1214)
at org.testng.TestNG.runSuitesLocally(TestNG.java:1136)
at org.testng.TestNG.runSuites(TestNG.java:1066)
at org.testng.TestNG.run(TestNG.java:1034)
at org.testng.remote.AbstractRemoteTestNG.run(AbstractRemoteTestNG.java:115)
at org.testng.remote.RemoteTestNG.initAndRun(RemoteTestNG.java:251)
at org.testng.remote.RemoteTestNG.main(RemoteTestNG.java:77)
Caused by: java.lang.AssertionError: expected [true] but found [false]
at org.testng.Assert.fail(Assert.java:97)
at org.testng.Assert.failNotEquals(Assert.java:968)
at org.testng.Assert.assertTrue(Assert.java:43)
at org.testng.Assert.assertTrue(Assert.java:53)
at Test.Ancera.Reports.CoccidiaLog.TestFilters(CoccidiaLog.java:930)
... 28 more
]]>
            </full-stacktrace>
          </exception> <!-- java.lang.Exception -->
          <reporter-output>
          </reporter-output>
        </test-method> <!-- TestFilters -->
        <test-method status="PASS" signature="endreport()[pri:0, instance:Test.Ancera.Reports.CoccidiaLog@fad74ee]" name="endreport" is-config="true" duration-ms="677" started-at="2021-01-21T14:31:15 PKT" finished-at="2021-01-21T14:31:16 PKT">
          <reporter-output>
          </reporter-output>
        </test-method> <!-- endreport -->
      </class> <!-- Test.Ancera.Reports.CoccidiaLog -->
    </test> <!-- Default test -->
  </suite> <!-- Default suite -->
</testng-results>
