<?xml version="1.0" encoding="UTF-8"?>
<testng-results ignored="5" total="13" passed="7" failed="1" skipped="0">
  <reporter-output>
  </reporter-output>
  <suite started-at="2021-05-26T11:52:01 PKT" name="Default suite" finished-at="2021-05-26T12:04:09 PKT" duration-ms="727547">
    <groups>
    </groups>
    <test started-at="2021-05-26T11:52:01 PKT" name="Default test" finished-at="2021-05-26T12:04:09 PKT" duration-ms="727547">
      <class name="Test.Ancera.Reports.ExternalCoccidia">
        <test-method is-config="true" signature="extent()[pri:0, instance:Test.Ancera.Reports.ExternalCoccidia@3fb1549b]" started-at="2021-05-26T11:52:01 PKT" name="extent" finished-at="2021-05-26T11:52:24 PKT" duration-ms="22999" status="PASS">
          <reporter-output>
          </reporter-output>
        </test-method> <!-- extent -->
        <test-method signature="NavigateCoccidia()[pri:2, instance:Test.Ancera.Reports.ExternalCoccidia@3fb1549b]" started-at="2021-05-26T11:52:24 PKT" name="NavigateCoccidia" description="Test Case: Navigate to External Coccidia Log Screen" finished-at="2021-05-26T11:52:42 PKT" duration-ms="17762" status="PASS">
          <reporter-output>
          </reporter-output>
        </test-method> <!-- NavigateCoccidia -->
        <test-method signature="DateFilter()[pri:3, instance:Test.Ancera.Reports.ExternalCoccidia@3fb1549b]" started-at="2021-05-26T11:52:42 PKT" name="DateFilter" description="Test Case: Date Filter Test" finished-at="2021-05-26T11:53:25 PKT" duration-ms="43441" status="PASS">
          <exception class="java.lang.Exception">
            <message>
              <![CDATA[java.lang.AssertionError: expected [05/26/2021] but found [05/25/2021]]]>
            </message>
            <full-stacktrace>
              <![CDATA[java.lang.Exception: java.lang.AssertionError: expected [05/26/2021] but found [05/25/2021]
at Test.Ancera.Reports.ExternalCoccidia.DateFilter(ExternalCoccidia.java:374)
at java.base/jdk.internal.reflect.NativeMethodAccessorImpl.invoke0(Native Method)
at java.base/jdk.internal.reflect.NativeMethodAccessorImpl.invoke(NativeMethodAccessorImpl.java:64)
at java.base/jdk.internal.reflect.DelegatingMethodAccessorImpl.invoke(DelegatingMethodAccessorImpl.java:43)
at java.base/java.lang.reflect.Method.invoke(Method.java:564)
at org.testng.internal.MethodInvocationHelper.invokeMethod(MethodInvocationHelper.java:132)
at org.testng.internal.TestInvoker.invokeMethod(TestInvoker.java:599)
at org.testng.internal.TestInvoker.invokeTestMethod(TestInvoker.java:174)
at org.testng.internal.MethodRunner.runInSequence(MethodRunner.java:46)
at org.testng.internal.TestInvoker$MethodInvocationAgent.invoke(TestInvoker.java:822)
at org.testng.internal.TestInvoker.invokeTestMethods(TestInvoker.java:147)
at org.testng.internal.TestMethodWorker.invokeTestMethods(TestMethodWorker.java:146)
at org.testng.internal.TestMethodWorker.run(TestMethodWorker.java:128)
at java.base/java.util.ArrayList.forEach(ArrayList.java:1511)
at org.testng.TestRunner.privateRun(TestRunner.java:764)
at org.testng.TestRunner.run(TestRunner.java:585)
at org.testng.SuiteRunner.runTest(SuiteRunner.java:384)
at org.testng.SuiteRunner.runSequentially(SuiteRunner.java:378)
at org.testng.SuiteRunner.privateRun(SuiteRunner.java:337)
at org.testng.SuiteRunner.run(SuiteRunner.java:286)
at org.testng.SuiteRunnerWorker.runSuite(SuiteRunnerWorker.java:53)
at org.testng.SuiteRunnerWorker.run(SuiteRunnerWorker.java:96)
at org.testng.TestNG.runSuitesSequentially(TestNG.java:1218)
at org.testng.TestNG.runSuitesLocally(TestNG.java:1140)
at org.testng.TestNG.runSuites(TestNG.java:1069)
at org.testng.TestNG.run(TestNG.java:1037)
at org.testng.remote.AbstractRemoteTestNG.run(AbstractRemoteTestNG.java:115)
at org.testng.remote.RemoteTestNG.initAndRun(RemoteTestNG.java:251)
at org.testng.remote.RemoteTestNG.main(RemoteTestNG.java:77)
Caused by: java.lang.AssertionError: expected [05/26/2021] but found [05/25/2021]
at org.testng.Assert.fail(Assert.java:99)
at org.testng.Assert.failNotEquals(Assert.java:1037)
at org.testng.Assert.assertEqualsImpl(Assert.java:140)
at org.testng.Assert.assertEquals(Assert.java:122)
at org.testng.Assert.assertEquals(Assert.java:629)
at org.testng.Assert.assertEquals(Assert.java:639)
at Test.Ancera.Reports.ExternalCoccidia.DateFilter(ExternalCoccidia.java:367)
... 28 more
]]>
            </full-stacktrace>
          </exception> <!-- java.lang.Exception -->
          <reporter-output>
          </reporter-output>
        </test-method> <!-- DateFilter -->
        <test-method signature="EnterDate()[pri:4, instance:Test.Ancera.Reports.ExternalCoccidia@3fb1549b]" started-at="2021-05-26T11:53:25 PKT" name="EnterDate" description="Test Case: Date Enter" finished-at="2021-05-26T11:54:04 PKT" duration-ms="38304" status="PASS">
          <reporter-output>
          </reporter-output>
        </test-method> <!-- EnterDate -->
        <test-method signature="DateLockFilter()[pri:5, instance:Test.Ancera.Reports.ExternalCoccidia@3fb1549b]" started-at="2021-05-26T11:54:04 PKT" name="DateLockFilter" description="Test Case: Date Filter Lock Test" finished-at="2021-05-26T11:54:21 PKT" duration-ms="17701" status="PASS">
          <reporter-output>
          </reporter-output>
        </test-method> <!-- DateLockFilter -->
        <test-method signature="ResetFilter()[pri:6, instance:Test.Ancera.Reports.ExternalCoccidia@3fb1549b]" started-at="2021-05-26T11:54:21 PKT" name="ResetFilter" description="Test Case: Reset Filter" finished-at="2021-05-26T11:54:38 PKT" duration-ms="16497" status="PASS">
          <reporter-output>
          </reporter-output>
        </test-method> <!-- ResetFilter -->
        <test-method signature="TestFilters111()[pri:7, instance:Test.Ancera.Reports.ExternalCoccidia@3fb1549b]" started-at="2021-05-26T11:54:38 PKT" name="TestFilters111" description="Test Case: Filter Test" finished-at="2021-05-26T12:02:40 PKT" duration-ms="482510" status="PASS">
          <reporter-output>
          </reporter-output>
        </test-method> <!-- TestFilters111 -->
        <test-method signature="CoccidiaLock()[pri:8, instance:Test.Ancera.Reports.ExternalCoccidia@3fb1549b]" started-at="2021-05-26T12:02:40 PKT" name="CoccidiaLock" description="Test Case: Test Coccidia Lock Filter Functionality" finished-at="2021-05-26T12:03:01 PKT" duration-ms="20518" status="PASS">
          <reporter-output>
          </reporter-output>
        </test-method> <!-- CoccidiaLock -->
        <test-method signature="CSVExport()[pri:12, instance:Test.Ancera.Reports.ExternalCoccidia@3fb1549b]" started-at="2021-05-26T12:03:01 PKT" name="CSVExport" description="Test Case: Test Coccidia CSV Download" finished-at="2021-05-26T12:04:08 PKT" duration-ms="66812" status="FAIL">
          <exception class="org.openqa.selenium.TimeoutException">
            <message>
              <![CDATA[Expected condition failed: waiting for element to no longer be visible: By.id: notification-loading (tried for 60 second(s) with 500 milliseconds interval)
Build info: version: '3.141.59', revision: 'e82be7d358', time: '2018-11-14T08:17:03'
System info: host: 'DESKTOP-K0SFL7M', ip: '192.168.10.25', os.name: 'Windows 10', os.arch: 'amd64', os.version: '10.0', java.version: '15.0.2'
Driver info: org.openqa.selenium.support.events.EventFiringWebDriver
Capabilities {acceptInsecureCerts: false, browserName: chrome, browserVersion: 89.0.4389.128, chrome: {chromedriverVersion: 89.0.4389.23 (61b08ee2c5002..., userDataDir: C:\Users\User\AppData\Local...}, goog:chromeOptions: {debuggerAddress: localhost:58607}, javascriptEnabled: true, networkConnectionEnabled: false, pageLoadStrategy: normal, platform: WINDOWS, platformName: WINDOWS, proxy: Proxy(), setWindowRect: true, strictFileInteractability: false, timeouts: {implicit: 0, pageLoad: 300000, script: 30000}, unhandledPromptBehavior: dismiss and notify, webauthn:extension:largeBlob: true, webauthn:virtualAuthenticators: true}
Session ID: 5d6338f332041a1546846881a5747e4f]]>
            </message>
            <full-stacktrace>
              <![CDATA[org.openqa.selenium.TimeoutException: Expected condition failed: waiting for element to no longer be visible: By.id: notification-loading (tried for 60 second(s) with 500 milliseconds interval)
Build info: version: '3.141.59', revision: 'e82be7d358', time: '2018-11-14T08:17:03'
System info: host: 'DESKTOP-K0SFL7M', ip: '192.168.10.25', os.name: 'Windows 10', os.arch: 'amd64', os.version: '10.0', java.version: '15.0.2'
Driver info: org.openqa.selenium.support.events.EventFiringWebDriver
Capabilities {acceptInsecureCerts: false, browserName: chrome, browserVersion: 89.0.4389.128, chrome: {chromedriverVersion: 89.0.4389.23 (61b08ee2c5002..., userDataDir: C:\Users\User\AppData\Local...}, goog:chromeOptions: {debuggerAddress: localhost:58607}, javascriptEnabled: true, networkConnectionEnabled: false, pageLoadStrategy: normal, platform: WINDOWS, platformName: WINDOWS, proxy: Proxy(), setWindowRect: true, strictFileInteractability: false, timeouts: {implicit: 0, pageLoad: 300000, script: 30000}, unhandledPromptBehavior: dismiss and notify, webauthn:extension:largeBlob: true, webauthn:virtualAuthenticators: true}
Session ID: 5d6338f332041a1546846881a5747e4f
at org.openqa.selenium.support.ui.WebDriverWait.timeoutException(WebDriverWait.java:95)
at org.openqa.selenium.support.ui.FluentWait.until(FluentWait.java:272)
at Test.Ancera.Reports.ExternalCoccidia.CSVExport(ExternalCoccidia.java:1570)
at java.base/jdk.internal.reflect.NativeMethodAccessorImpl.invoke0(Native Method)
at java.base/jdk.internal.reflect.NativeMethodAccessorImpl.invoke(NativeMethodAccessorImpl.java:64)
at java.base/jdk.internal.reflect.DelegatingMethodAccessorImpl.invoke(DelegatingMethodAccessorImpl.java:43)
at java.base/java.lang.reflect.Method.invoke(Method.java:564)
at org.testng.internal.MethodInvocationHelper.invokeMethod(MethodInvocationHelper.java:132)
at org.testng.internal.TestInvoker.invokeMethod(TestInvoker.java:599)
at org.testng.internal.TestInvoker.invokeTestMethod(TestInvoker.java:174)
at org.testng.internal.MethodRunner.runInSequence(MethodRunner.java:46)
at org.testng.internal.TestInvoker$MethodInvocationAgent.invoke(TestInvoker.java:822)
at org.testng.internal.TestInvoker.invokeTestMethods(TestInvoker.java:147)
at org.testng.internal.TestMethodWorker.invokeTestMethods(TestMethodWorker.java:146)
at org.testng.internal.TestMethodWorker.run(TestMethodWorker.java:128)
at java.base/java.util.ArrayList.forEach(ArrayList.java:1511)
at org.testng.TestRunner.privateRun(TestRunner.java:764)
at org.testng.TestRunner.run(TestRunner.java:585)
at org.testng.SuiteRunner.runTest(SuiteRunner.java:384)
at org.testng.SuiteRunner.runSequentially(SuiteRunner.java:378)
at org.testng.SuiteRunner.privateRun(SuiteRunner.java:337)
at org.testng.SuiteRunner.run(SuiteRunner.java:286)
at org.testng.SuiteRunnerWorker.runSuite(SuiteRunnerWorker.java:53)
at org.testng.SuiteRunnerWorker.run(SuiteRunnerWorker.java:96)
at org.testng.TestNG.runSuitesSequentially(TestNG.java:1218)
at org.testng.TestNG.runSuitesLocally(TestNG.java:1140)
at org.testng.TestNG.runSuites(TestNG.java:1069)
at org.testng.TestNG.run(TestNG.java:1037)
at org.testng.remote.AbstractRemoteTestNG.run(AbstractRemoteTestNG.java:115)
at org.testng.remote.RemoteTestNG.initAndRun(RemoteTestNG.java:251)
at org.testng.remote.RemoteTestNG.main(RemoteTestNG.java:77)
]]>
            </full-stacktrace>
          </exception> <!-- org.openqa.selenium.TimeoutException -->
          <reporter-output>
          </reporter-output>
        </test-method> <!-- CSVExport -->
        <test-method is-config="true" signature="endreport()[pri:0, instance:Test.Ancera.Reports.ExternalCoccidia@3fb1549b]" started-at="2021-05-26T12:04:08 PKT" name="endreport" finished-at="2021-05-26T12:04:09 PKT" duration-ms="951" status="PASS">
          <reporter-output>
          </reporter-output>
        </test-method> <!-- endreport -->
      </class> <!-- Test.Ancera.Reports.ExternalCoccidia -->
    </test> <!-- Default test -->
  </suite> <!-- Default suite -->
</testng-results>
