<?xml version="1.0" encoding="UTF-8"?>
<testng-results ignored="2" total="3" passed="1" failed="0" skipped="0">
  <reporter-output>
  </reporter-output>
  <suite started-at="2021-06-21T16:01:03 PKT" name="Default suite" finished-at="2021-06-21T16:08:36 PKT" duration-ms="453293">
    <groups>
    </groups>
    <test started-at="2021-06-21T16:01:03 PKT" name="Default test" finished-at="2021-06-21T16:08:36 PKT" duration-ms="453293">
      <class name="Test.Ancera.Reports.InstallationRun">
        <test-method is-config="true" signature="extent()[pri:0, instance:Test.Ancera.Reports.InstallationRun@24fcf36f]" started-at="2021-06-21T16:01:03 PKT" name="extent" finished-at="2021-06-21T16:01:23 PKT" duration-ms="19707" status="PASS">
          <reporter-output>
          </reporter-output>
        </test-method> <!-- extent -->
        <test-method signature="installationRunConfig()[pri:2, instance:Test.Ancera.Reports.InstallationRun@24fcf36f]" started-at="2021-06-21T16:01:23 PKT" name="installationRunConfig" finished-at="2021-06-21T16:08:36 PKT" duration-ms="432914" status="PASS">
          <reporter-output>
          </reporter-output>
        </test-method> <!-- installationRunConfig -->
        <test-method is-config="true" signature="endreport()[pri:0, instance:Test.Ancera.Reports.InstallationRun@24fcf36f]" started-at="2021-06-21T16:08:36 PKT" name="endreport" finished-at="2021-06-21T16:08:36 PKT" duration-ms="612" status="PASS">
          <reporter-output>
          </reporter-output>
        </test-method> <!-- endreport -->
      </class> <!-- Test.Ancera.Reports.InstallationRun -->
    </test> <!-- Default test -->
  </suite> <!-- Default suite -->
</testng-results>
