<?xml version="1.0" encoding="UTF-8"?>
<testng-results skipped="0" failed="0" ignored="11" total="13" passed="2">
  <reporter-output>
  </reporter-output>
  <suite name="Default suite" duration-ms="187433" started-at="2021-01-29T16:17:41 PKT" finished-at="2021-01-29T16:20:49 PKT">
    <groups>
    </groups>
    <test name="Default test" duration-ms="187433" started-at="2021-01-29T16:17:41 PKT" finished-at="2021-01-29T16:20:49 PKT">
      <class name="Test.Ancera.Reports.SalmonellaLog">
        <test-method status="PASS" signature="extent()[pri:0, instance:Test.Ancera.Reports.SalmonellaLog@fad74ee]" name="extent" is-config="true" duration-ms="59151" started-at="2021-01-29T16:17:41 PKT" finished-at="2021-01-29T16:18:40 PKT">
          <reporter-output>
          </reporter-output>
        </test-method> <!-- extent -->
        <test-method status="PASS" signature="NavigateSalmonella()[pri:2, instance:Test.Ancera.Reports.SalmonellaLog@fad74ee]" name="NavigateSalmonella" duration-ms="50520" started-at="2021-01-29T16:18:40 PKT" description="Test Case: Navigate to Salmonella Log Screen" finished-at="2021-01-29T16:19:31 PKT">
          <reporter-output>
          </reporter-output>
        </test-method> <!-- NavigateSalmonella -->
        <test-method status="PASS" signature="TestFilters111()[pri:6, instance:Test.Ancera.Reports.SalmonellaLog@fad74ee]" name="TestFilters111" duration-ms="76871" started-at="2021-01-29T16:19:31 PKT" description="Test Case: Filter Test" finished-at="2021-01-29T16:20:48 PKT">
          <reporter-output>
          </reporter-output>
        </test-method> <!-- TestFilters111 -->
        <test-method status="PASS" signature="endreport()[pri:0, instance:Test.Ancera.Reports.SalmonellaLog@fad74ee]" name="endreport" is-config="true" duration-ms="843" started-at="2021-01-29T16:20:48 PKT" finished-at="2021-01-29T16:20:49 PKT">
          <reporter-output>
          </reporter-output>
        </test-method> <!-- endreport -->
      </class> <!-- Test.Ancera.Reports.SalmonellaLog -->
    </test> <!-- Default test -->
  </suite> <!-- Default suite -->
</testng-results>
