<?xml version="1.0" encoding="UTF-8"?>
<testng-results ignored="0" total="17" passed="16" failed="1" skipped="0">
  <reporter-output>
  </reporter-output>
  <suite started-at="2021-04-22T14:45:47 PKT" name="Default suite" finished-at="2021-04-22T14:53:42 PKT" duration-ms="475181">
    <groups>
    </groups>
    <test started-at="2021-04-22T14:45:47 PKT" name="Default test" finished-at="2021-04-22T14:53:42 PKT" duration-ms="475181">
      <class name="Test.Ancera.Administration.OrganizationManagement">
        <test-method is-config="true" signature="extent()[pri:0, instance:Test.Ancera.Administration.OrganizationManagement@4d02f94e]" started-at="2021-04-22T14:45:47 PKT" name="extent" finished-at="2021-04-22T14:46:10 PKT" duration-ms="23742" status="PASS">
          <reporter-output>
          </reporter-output>
        </test-method> <!-- extent -->
        <test-method signature="NavigateOM()[pri:2, instance:Test.Ancera.Administration.OrganizationManagement@4d02f94e]" started-at="2021-04-22T14:46:10 PKT" name="NavigateOM" description="Test Case: Navigate to Organization Management Screen" finished-at="2021-04-22T14:46:31 PKT" duration-ms="20903" status="PASS">
          <reporter-output>
          </reporter-output>
        </test-method> <!-- NavigateOM -->
        <test-method is-config="true" signature="saveResult(org.testng.ITestResult)[pri:0, instance:Test.Ancera.Administration.OrganizationManagement@4d02f94e]" started-at="2021-04-22T14:46:31 PKT" name="saveResult" finished-at="2021-04-22T14:46:31 PKT" duration-ms="3" status="PASS">
          <params>
            <param index="0">
              <value>
                <![CDATA[[TestResult name=NavigateOM status=SUCCESS method=OrganizationManagement.NavigateOM()[pri:2, instance:Test.Ancera.Administration.OrganizationManagement@4d02f94e] output={null}]]]>
              </value>
            </param>
          </params>
          <reporter-output>
          </reporter-output>
        </test-method> <!-- saveResult -->
        <test-method signature="MandatoryFieldCheck()[pri:3, instance:Test.Ancera.Administration.OrganizationManagement@4d02f94e]" started-at="2021-04-22T14:46:31 PKT" name="MandatoryFieldCheck" description="Exceptional Flow: Mandatory field check" finished-at="2021-04-22T14:49:09 PKT" duration-ms="157356" status="PASS">
          <reporter-output>
          </reporter-output>
        </test-method> <!-- MandatoryFieldCheck -->
        <test-method is-config="true" signature="saveResult(org.testng.ITestResult)[pri:0, instance:Test.Ancera.Administration.OrganizationManagement@4d02f94e]" started-at="2021-04-22T14:49:09 PKT" name="saveResult" finished-at="2021-04-22T14:49:09 PKT" duration-ms="1" status="PASS">
          <params>
            <param index="0">
              <value>
                <![CDATA[[TestResult name=MandatoryFieldCheck status=SUCCESS method=OrganizationManagement.MandatoryFieldCheck()[pri:3, instance:Test.Ancera.Administration.OrganizationManagement@4d02f94e] output={null}]]]>
              </value>
            </param>
          </params>
          <reporter-output>
          </reporter-output>
        </test-method> <!-- saveResult -->
        <test-method signature="ClosePopup()[pri:4, instance:Test.Ancera.Administration.OrganizationManagement@4d02f94e]" started-at="2021-04-22T14:49:09 PKT" name="ClosePopup" description="Exceptional Flow: Close Popup" finished-at="2021-04-22T14:49:32 PKT" duration-ms="23167" status="PASS">
          <reporter-output>
          </reporter-output>
        </test-method> <!-- ClosePopup -->
        <test-method is-config="true" signature="saveResult(org.testng.ITestResult)[pri:0, instance:Test.Ancera.Administration.OrganizationManagement@4d02f94e]" started-at="2021-04-22T14:49:32 PKT" name="saveResult" finished-at="2021-04-22T14:49:32 PKT" duration-ms="1" status="PASS">
          <params>
            <param index="0">
              <value>
                <![CDATA[[TestResult name=ClosePopup status=SUCCESS method=OrganizationManagement.ClosePopup()[pri:4, instance:Test.Ancera.Administration.OrganizationManagement@4d02f94e] output={null}]]]>
              </value>
            </param>
          </params>
          <reporter-output>
          </reporter-output>
        </test-method> <!-- saveResult -->
        <test-method signature="ResetButton()[pri:5, instance:Test.Ancera.Administration.OrganizationManagement@4d02f94e]" started-at="2021-04-22T14:49:32 PKT" name="ResetButton" description="Exceptional Flow: Reset fields" finished-at="2021-04-22T14:49:50 PKT" duration-ms="18589" status="PASS">
          <reporter-output>
          </reporter-output>
        </test-method> <!-- ResetButton -->
        <test-method is-config="true" signature="saveResult(org.testng.ITestResult)[pri:0, instance:Test.Ancera.Administration.OrganizationManagement@4d02f94e]" started-at="2021-04-22T14:49:50 PKT" name="saveResult" finished-at="2021-04-22T14:49:50 PKT" duration-ms="0" status="PASS">
          <params>
            <param index="0">
              <value>
                <![CDATA[[TestResult name=ResetButton status=SUCCESS method=OrganizationManagement.ResetButton()[pri:5, instance:Test.Ancera.Administration.OrganizationManagement@4d02f94e] output={null}]]]>
              </value>
            </param>
          </params>
          <reporter-output>
          </reporter-output>
        </test-method> <!-- saveResult -->
        <test-method signature="CreateOrganization()[pri:6, instance:Test.Ancera.Administration.OrganizationManagement@4d02f94e]" started-at="2021-04-22T14:49:50 PKT" name="CreateOrganization" description="Test Case: Create New Organization" finished-at="2021-04-22T14:50:23 PKT" duration-ms="32500" status="PASS">
          <reporter-output>
          </reporter-output>
        </test-method> <!-- CreateOrganization -->
        <test-method is-config="true" signature="saveResult(org.testng.ITestResult)[pri:0, instance:Test.Ancera.Administration.OrganizationManagement@4d02f94e]" started-at="2021-04-22T14:50:23 PKT" name="saveResult" finished-at="2021-04-22T14:50:23 PKT" duration-ms="0" status="PASS">
          <params>
            <param index="0">
              <value>
                <![CDATA[[TestResult name=CreateOrganization status=SUCCESS method=OrganizationManagement.CreateOrganization()[pri:6, instance:Test.Ancera.Administration.OrganizationManagement@4d02f94e] output={null}]]]>
              </value>
            </param>
          </params>
          <reporter-output>
          </reporter-output>
        </test-method> <!-- saveResult -->
        <test-method signature="SearchOrganization()[pri:7, instance:Test.Ancera.Administration.OrganizationManagement@4d02f94e]" started-at="2021-04-22T14:50:23 PKT" name="SearchOrganization" description="Test Case: Search Created Organization " finished-at="2021-04-22T14:51:04 PKT" duration-ms="41178" status="PASS">
          <reporter-output>
          </reporter-output>
        </test-method> <!-- SearchOrganization -->
        <test-method is-config="true" signature="saveResult(org.testng.ITestResult)[pri:0, instance:Test.Ancera.Administration.OrganizationManagement@4d02f94e]" started-at="2021-04-22T14:51:04 PKT" name="saveResult" finished-at="2021-04-22T14:51:04 PKT" duration-ms="0" status="PASS">
          <params>
            <param index="0">
              <value>
                <![CDATA[[TestResult name=SearchOrganization status=SUCCESS method=OrganizationManagement.SearchOrganization()[pri:7, instance:Test.Ancera.Administration.OrganizationManagement@4d02f94e] output={null}]]]>
              </value>
            </param>
          </params>
          <reporter-output>
          </reporter-output>
        </test-method> <!-- saveResult -->
        <test-method signature="UpdateOrganization()[pri:8, instance:Test.Ancera.Administration.OrganizationManagement@4d02f94e]" started-at="2021-04-22T14:51:04 PKT" name="UpdateOrganization" description="Test Case: Update New Organization " finished-at="2021-04-22T14:51:43 PKT" duration-ms="38861" status="PASS">
          <reporter-output>
          </reporter-output>
        </test-method> <!-- UpdateOrganization -->
        <test-method is-config="true" signature="saveResult(org.testng.ITestResult)[pri:0, instance:Test.Ancera.Administration.OrganizationManagement@4d02f94e]" started-at="2021-04-22T14:51:43 PKT" name="saveResult" finished-at="2021-04-22T14:51:43 PKT" duration-ms="1" status="PASS">
          <params>
            <param index="0">
              <value>
                <![CDATA[[TestResult name=UpdateOrganization status=SUCCESS method=OrganizationManagement.UpdateOrganization()[pri:8, instance:Test.Ancera.Administration.OrganizationManagement@4d02f94e] output={null}]]]>
              </value>
            </param>
          </params>
          <reporter-output>
          </reporter-output>
        </test-method> <!-- saveResult -->
        <test-method signature="SearchUpdateOrganization()[pri:9, instance:Test.Ancera.Administration.OrganizationManagement@4d02f94e]" started-at="2021-04-22T14:51:43 PKT" name="SearchUpdateOrganization" description="Test Case: Verify Updated Organization " finished-at="2021-04-22T14:51:53 PKT" duration-ms="10448" status="FAIL">
          <exception class="java.lang.Exception">
            <message>
              <![CDATA[java.lang.AssertionError: expected [(111) 111-1111] but found [(666) 666-6666]]]>
            </message>
            <full-stacktrace>
              <![CDATA[java.lang.Exception: java.lang.AssertionError: expected [(111) 111-1111] but found [(666) 666-6666]
at Test.Ancera.Administration.OrganizationManagement.SearchUpdateOrganization(OrganizationManagement.java:629)
at java.base/jdk.internal.reflect.NativeMethodAccessorImpl.invoke0(Native Method)
at java.base/jdk.internal.reflect.NativeMethodAccessorImpl.invoke(NativeMethodAccessorImpl.java:64)
at java.base/jdk.internal.reflect.DelegatingMethodAccessorImpl.invoke(DelegatingMethodAccessorImpl.java:43)
at java.base/java.lang.reflect.Method.invoke(Method.java:564)
at org.testng.internal.MethodInvocationHelper.invokeMethod(MethodInvocationHelper.java:132)
at org.testng.internal.TestInvoker.invokeMethod(TestInvoker.java:599)
at org.testng.internal.TestInvoker.invokeTestMethod(TestInvoker.java:174)
at org.testng.internal.MethodRunner.runInSequence(MethodRunner.java:46)
at org.testng.internal.TestInvoker$MethodInvocationAgent.invoke(TestInvoker.java:822)
at org.testng.internal.TestInvoker.invokeTestMethods(TestInvoker.java:147)
at org.testng.internal.TestMethodWorker.invokeTestMethods(TestMethodWorker.java:146)
at org.testng.internal.TestMethodWorker.run(TestMethodWorker.java:128)
at java.base/java.util.ArrayList.forEach(ArrayList.java:1511)
at org.testng.TestRunner.privateRun(TestRunner.java:764)
at org.testng.TestRunner.run(TestRunner.java:585)
at org.testng.SuiteRunner.runTest(SuiteRunner.java:384)
at org.testng.SuiteRunner.runSequentially(SuiteRunner.java:378)
at org.testng.SuiteRunner.privateRun(SuiteRunner.java:337)
at org.testng.SuiteRunner.run(SuiteRunner.java:286)
at org.testng.SuiteRunnerWorker.runSuite(SuiteRunnerWorker.java:53)
at org.testng.SuiteRunnerWorker.run(SuiteRunnerWorker.java:96)
at org.testng.TestNG.runSuitesSequentially(TestNG.java:1218)
at org.testng.TestNG.runSuitesLocally(TestNG.java:1140)
at org.testng.TestNG.runSuites(TestNG.java:1069)
at org.testng.TestNG.run(TestNG.java:1037)
at org.testng.remote.AbstractRemoteTestNG.run(AbstractRemoteTestNG.java:115)
at org.testng.remote.RemoteTestNG.initAndRun(RemoteTestNG.java:251)
at org.testng.remote.RemoteTestNG.main(RemoteTestNG.java:77)
Caused by: java.lang.AssertionError: expected [(111) 111-1111] but found [(666) 666-6666]
at org.testng.Assert.fail(Assert.java:99)
at org.testng.Assert.failNotEquals(Assert.java:1037)
at org.testng.Assert.assertEqualsImpl(Assert.java:140)
at org.testng.Assert.assertEquals(Assert.java:122)
at org.testng.Assert.assertEquals(Assert.java:629)
at org.testng.Assert.assertEquals(Assert.java:639)
at Test.Ancera.Administration.OrganizationManagement.SearchUpdateOrganization(OrganizationManagement.java:621)
... 28 more
]]>
            </full-stacktrace>
          </exception> <!-- java.lang.Exception -->
          <reporter-output>
          </reporter-output>
        </test-method> <!-- SearchUpdateOrganization -->
        <test-method is-config="true" signature="saveResult(org.testng.ITestResult)[pri:0, instance:Test.Ancera.Administration.OrganizationManagement@4d02f94e]" started-at="2021-04-22T14:51:53 PKT" name="saveResult" finished-at="2021-04-22T14:51:54 PKT" duration-ms="363" status="PASS">
          <params>
            <param index="0">
              <value>
                <![CDATA[[TestResult name=SearchUpdateOrganization status=FAILURE method=OrganizationManagement.SearchUpdateOrganization()[pri:9, instance:Test.Ancera.Administration.OrganizationManagement@4d02f94e] output={null}]]]>
              </value>
            </param>
          </params>
          <reporter-output>
          </reporter-output>
        </test-method> <!-- saveResult -->
        <test-method signature="OrganizationSiteMandatoryCheck()[pri:10, instance:Test.Ancera.Administration.OrganizationManagement@4d02f94e]" started-at="2021-04-22T14:51:54 PKT" name="OrganizationSiteMandatoryCheck" description="Test Case: Organization Site Mandatory Check" finished-at="2021-04-22T14:52:06 PKT" duration-ms="12194" status="PASS">
          <reporter-output>
          </reporter-output>
        </test-method> <!-- OrganizationSiteMandatoryCheck -->
        <test-method is-config="true" signature="saveResult(org.testng.ITestResult)[pri:0, instance:Test.Ancera.Administration.OrganizationManagement@4d02f94e]" started-at="2021-04-22T14:52:06 PKT" name="saveResult" finished-at="2021-04-22T14:52:06 PKT" duration-ms="1" status="PASS">
          <params>
            <param index="0">
              <value>
                <![CDATA[[TestResult name=OrganizationSiteMandatoryCheck status=SUCCESS method=OrganizationManagement.OrganizationSiteMandatoryCheck()[pri:10, instance:Test.Ancera.Administration.OrganizationManagement@4d02f94e] output={null}]]]>
              </value>
            </param>
          </params>
          <reporter-output>
          </reporter-output>
        </test-method> <!-- saveResult -->
        <test-method signature="SiteResetButton()[pri:11, instance:Test.Ancera.Administration.OrganizationManagement@4d02f94e]" started-at="2021-04-22T14:52:06 PKT" name="SiteResetButton" description="Exceptional Flow: Site Reset fields" finished-at="2021-04-22T14:52:08 PKT" duration-ms="2263" status="PASS">
          <reporter-output>
          </reporter-output>
        </test-method> <!-- SiteResetButton -->
        <test-method is-config="true" signature="saveResult(org.testng.ITestResult)[pri:0, instance:Test.Ancera.Administration.OrganizationManagement@4d02f94e]" started-at="2021-04-22T14:52:08 PKT" name="saveResult" finished-at="2021-04-22T14:52:08 PKT" duration-ms="1" status="PASS">
          <params>
            <param index="0">
              <value>
                <![CDATA[[TestResult name=SiteResetButton status=SUCCESS method=OrganizationManagement.SiteResetButton()[pri:11, instance:Test.Ancera.Administration.OrganizationManagement@4d02f94e] output={null}]]]>
              </value>
            </param>
          </params>
          <reporter-output>
          </reporter-output>
        </test-method> <!-- saveResult -->
        <test-method signature="CreateOrganizationSite()[pri:12, instance:Test.Ancera.Administration.OrganizationManagement@4d02f94e]" started-at="2021-04-22T14:52:08 PKT" name="CreateOrganizationSite" description="Test Case: Create Organization Site" finished-at="2021-04-22T14:52:16 PKT" duration-ms="7543" status="PASS">
          <reporter-output>
          </reporter-output>
        </test-method> <!-- CreateOrganizationSite -->
        <test-method is-config="true" signature="saveResult(org.testng.ITestResult)[pri:0, instance:Test.Ancera.Administration.OrganizationManagement@4d02f94e]" started-at="2021-04-22T14:52:16 PKT" name="saveResult" finished-at="2021-04-22T14:52:16 PKT" duration-ms="1" status="PASS">
          <params>
            <param index="0">
              <value>
                <![CDATA[[TestResult name=CreateOrganizationSite status=SUCCESS method=OrganizationManagement.CreateOrganizationSite()[pri:12, instance:Test.Ancera.Administration.OrganizationManagement@4d02f94e] output={null}]]]>
              </value>
            </param>
          </params>
          <reporter-output>
          </reporter-output>
        </test-method> <!-- saveResult -->
        <test-method signature="UpdateOrganizationSites()[pri:13, instance:Test.Ancera.Administration.OrganizationManagement@4d02f94e]" started-at="2021-04-22T14:52:16 PKT" name="UpdateOrganizationSites" description="Test Case: Update Organization Sites " finished-at="2021-04-22T14:52:26 PKT" duration-ms="10771" status="PASS">
          <reporter-output>
          </reporter-output>
        </test-method> <!-- UpdateOrganizationSites -->
        <test-method is-config="true" signature="saveResult(org.testng.ITestResult)[pri:0, instance:Test.Ancera.Administration.OrganizationManagement@4d02f94e]" started-at="2021-04-22T14:52:26 PKT" name="saveResult" finished-at="2021-04-22T14:52:26 PKT" duration-ms="1" status="PASS">
          <params>
            <param index="0">
              <value>
                <![CDATA[[TestResult name=UpdateOrganizationSites status=SUCCESS method=OrganizationManagement.UpdateOrganizationSites()[pri:13, instance:Test.Ancera.Administration.OrganizationManagement@4d02f94e] output={null}]]]>
              </value>
            </param>
          </params>
          <reporter-output>
          </reporter-output>
        </test-method> <!-- saveResult -->
        <test-method signature="VerifyUpdateOrganizationSites()[pri:14, instance:Test.Ancera.Administration.OrganizationManagement@4d02f94e]" started-at="2021-04-22T14:52:26 PKT" name="VerifyUpdateOrganizationSites" description="Test Case: Verify Update Organization Sites " finished-at="2021-04-22T14:52:33 PKT" duration-ms="6125" status="PASS">
          <reporter-output>
          </reporter-output>
        </test-method> <!-- VerifyUpdateOrganizationSites -->
        <test-method is-config="true" signature="saveResult(org.testng.ITestResult)[pri:0, instance:Test.Ancera.Administration.OrganizationManagement@4d02f94e]" started-at="2021-04-22T14:52:33 PKT" name="saveResult" finished-at="2021-04-22T14:52:33 PKT" duration-ms="0" status="PASS">
          <params>
            <param index="0">
              <value>
                <![CDATA[[TestResult name=VerifyUpdateOrganizationSites status=SUCCESS method=OrganizationManagement.VerifyUpdateOrganizationSites()[pri:14, instance:Test.Ancera.Administration.OrganizationManagement@4d02f94e] output={null}]]]>
              </value>
            </param>
          </params>
          <reporter-output>
          </reporter-output>
        </test-method> <!-- saveResult -->
        <test-method signature="DeleteOrganizationSites()[pri:15, instance:Test.Ancera.Administration.OrganizationManagement@4d02f94e]" started-at="2021-04-22T14:52:33 PKT" name="DeleteOrganizationSites" description="Test Case: Delete Organization Sites " finished-at="2021-04-22T14:52:40 PKT" duration-ms="7592" status="PASS">
          <reporter-output>
          </reporter-output>
        </test-method> <!-- DeleteOrganizationSites -->
        <test-method is-config="true" signature="saveResult(org.testng.ITestResult)[pri:0, instance:Test.Ancera.Administration.OrganizationManagement@4d02f94e]" started-at="2021-04-22T14:52:40 PKT" name="saveResult" finished-at="2021-04-22T14:52:40 PKT" duration-ms="1" status="PASS">
          <params>
            <param index="0">
              <value>
                <![CDATA[[TestResult name=DeleteOrganizationSites status=SUCCESS method=OrganizationManagement.DeleteOrganizationSites()[pri:15, instance:Test.Ancera.Administration.OrganizationManagement@4d02f94e] output={null}]]]>
              </value>
            </param>
          </params>
          <reporter-output>
          </reporter-output>
        </test-method> <!-- saveResult -->
        <test-method signature="InActiveOrganization()[pri:16, instance:Test.Ancera.Administration.OrganizationManagement@4d02f94e]" started-at="2021-04-22T14:52:40 PKT" name="InActiveOrganization" description="Test Case: InActive Organization" finished-at="2021-04-22T14:52:48 PKT" duration-ms="7654" status="PASS">
          <reporter-output>
          </reporter-output>
        </test-method> <!-- InActiveOrganization -->
        <test-method is-config="true" signature="saveResult(org.testng.ITestResult)[pri:0, instance:Test.Ancera.Administration.OrganizationManagement@4d02f94e]" started-at="2021-04-22T14:52:48 PKT" name="saveResult" finished-at="2021-04-22T14:52:48 PKT" duration-ms="1" status="PASS">
          <params>
            <param index="0">
              <value>
                <![CDATA[[TestResult name=InActiveOrganization status=SUCCESS method=OrganizationManagement.InActiveOrganization()[pri:16, instance:Test.Ancera.Administration.OrganizationManagement@4d02f94e] output={null}]]]>
              </value>
            </param>
          </params>
          <reporter-output>
          </reporter-output>
        </test-method> <!-- saveResult -->
        <test-method signature="VerifyInActiveOrganization()[pri:17, instance:Test.Ancera.Administration.OrganizationManagement@4d02f94e]" started-at="2021-04-22T14:52:48 PKT" name="VerifyInActiveOrganization" description="Test Case: Verify InActive Organization" finished-at="2021-04-22T14:53:12 PKT" duration-ms="24542" status="PASS">
          <reporter-output>
          </reporter-output>
        </test-method> <!-- VerifyInActiveOrganization -->
        <test-method is-config="true" signature="saveResult(org.testng.ITestResult)[pri:0, instance:Test.Ancera.Administration.OrganizationManagement@4d02f94e]" started-at="2021-04-22T14:53:12 PKT" name="saveResult" finished-at="2021-04-22T14:53:12 PKT" duration-ms="1" status="PASS">
          <params>
            <param index="0">
              <value>
                <![CDATA[[TestResult name=VerifyInActiveOrganization status=SUCCESS method=OrganizationManagement.VerifyInActiveOrganization()[pri:17, instance:Test.Ancera.Administration.OrganizationManagement@4d02f94e] output={null}]]]>
              </value>
            </param>
          </params>
          <reporter-output>
          </reporter-output>
        </test-method> <!-- saveResult -->
        <test-method signature="DeleteOrganization()[pri:18, instance:Test.Ancera.Administration.OrganizationManagement@4d02f94e]" started-at="2021-04-22T14:53:12 PKT" name="DeleteOrganization" description="Test Case: Delete Organization" finished-at="2021-04-22T14:53:41 PKT" duration-ms="28462" status="PASS">
          <reporter-output>
          </reporter-output>
        </test-method> <!-- DeleteOrganization -->
        <test-method is-config="true" signature="saveResult(org.testng.ITestResult)[pri:0, instance:Test.Ancera.Administration.OrganizationManagement@4d02f94e]" started-at="2021-04-22T14:53:41 PKT" name="saveResult" finished-at="2021-04-22T14:53:41 PKT" duration-ms="0" status="PASS">
          <params>
            <param index="0">
              <value>
                <![CDATA[[TestResult name=DeleteOrganization status=SUCCESS method=OrganizationManagement.DeleteOrganization()[pri:18, instance:Test.Ancera.Administration.OrganizationManagement@4d02f94e] output={null}]]]>
              </value>
            </param>
          </params>
          <reporter-output>
          </reporter-output>
        </test-method> <!-- saveResult -->
        <test-method is-config="true" signature="endreport()[pri:0, instance:Test.Ancera.Administration.OrganizationManagement@4d02f94e]" started-at="2021-04-22T14:53:41 PKT" name="endreport" finished-at="2021-04-22T14:53:42 PKT" duration-ms="824" status="PASS">
          <reporter-output>
          </reporter-output>
        </test-method> <!-- endreport -->
      </class> <!-- Test.Ancera.Administration.OrganizationManagement -->
    </test> <!-- Default test -->
  </suite> <!-- Default suite -->
</testng-results>
