<?xml version="1.0" encoding="UTF-8"?>
<testng-results ignored="1" total="2" passed="0" failed="1" skipped="0">
  <reporter-output>
  </reporter-output>
  <suite started-at="2022-02-18T16:37:54 PKT" name="Default suite" finished-at="2022-02-18T16:44:53 PKT" duration-ms="418686">
    <groups>
    </groups>
    <test started-at="2022-02-18T16:37:54 PKT" name="Default test" finished-at="2022-02-18T16:44:53 PKT" duration-ms="418686">
      <class name="Test.Ancera.Reports.Normal_Ingestion">
        <test-method is-config="true" signature="extent()[pri:0, instance:Test.Ancera.Reports.Normal_Ingestion@17497425]" started-at="2022-02-18T16:37:54 PKT" name="extent" finished-at="2022-02-18T16:38:18 PKT" duration-ms="23390" status="PASS">
          <reporter-output>
          </reporter-output>
        </test-method> <!-- extent -->
        <test-method signature="NormalIngestionCoccidia()[pri:2, instance:Test.Ancera.Reports.Normal_Ingestion@17497425]" started-at="2022-02-18T16:38:18 PKT" name="NormalIngestionCoccidia" description="Test Case: Run Ingestion for Coccidia" finished-at="2022-02-18T16:44:52 PKT" duration-ms="394348" status="FAIL">
          <exception class="java.lang.Exception">
            <message>
              <![CDATA[java.lang.AssertionError: The following asserts failed:
expected [CSampleID Test] but found []]]>
            </message>
            <full-stacktrace>
              <![CDATA[java.lang.Exception: java.lang.AssertionError: The following asserts failed:
expected [CSampleID Test] but found []
at Test.Ancera.Reports.Normal_Ingestion.NormalIngestionCoccidia(Normal_Ingestion.java:1578)
at java.base/jdk.internal.reflect.NativeMethodAccessorImpl.invoke0(Native Method)
at java.base/jdk.internal.reflect.NativeMethodAccessorImpl.invoke(NativeMethodAccessorImpl.java:64)
at java.base/jdk.internal.reflect.DelegatingMethodAccessorImpl.invoke(DelegatingMethodAccessorImpl.java:43)
at java.base/java.lang.reflect.Method.invoke(Method.java:564)
at org.testng.internal.MethodInvocationHelper.invokeMethod(MethodInvocationHelper.java:132)
at org.testng.internal.TestInvoker.invokeMethod(TestInvoker.java:599)
at org.testng.internal.TestInvoker.invokeTestMethod(TestInvoker.java:174)
at org.testng.internal.MethodRunner.runInSequence(MethodRunner.java:46)
at org.testng.internal.TestInvoker$MethodInvocationAgent.invoke(TestInvoker.java:822)
at org.testng.internal.TestInvoker.invokeTestMethods(TestInvoker.java:147)
at org.testng.internal.TestMethodWorker.invokeTestMethods(TestMethodWorker.java:146)
at org.testng.internal.TestMethodWorker.run(TestMethodWorker.java:128)
at java.base/java.util.ArrayList.forEach(ArrayList.java:1511)
at org.testng.TestRunner.privateRun(TestRunner.java:764)
at org.testng.TestRunner.run(TestRunner.java:585)
at org.testng.SuiteRunner.runTest(SuiteRunner.java:384)
at org.testng.SuiteRunner.runSequentially(SuiteRunner.java:378)
at org.testng.SuiteRunner.privateRun(SuiteRunner.java:337)
at org.testng.SuiteRunner.run(SuiteRunner.java:286)
at org.testng.SuiteRunnerWorker.runSuite(SuiteRunnerWorker.java:53)
at org.testng.SuiteRunnerWorker.run(SuiteRunnerWorker.java:96)
at org.testng.TestNG.runSuitesSequentially(TestNG.java:1218)
at org.testng.TestNG.runSuitesLocally(TestNG.java:1140)
at org.testng.TestNG.runSuites(TestNG.java:1069)
at org.testng.TestNG.run(TestNG.java:1037)
at org.testng.remote.AbstractRemoteTestNG.run(AbstractRemoteTestNG.java:115)
at org.testng.remote.RemoteTestNG.initAndRun(RemoteTestNG.java:251)
at org.testng.remote.RemoteTestNG.main(RemoteTestNG.java:77)
Caused by: java.lang.AssertionError: The following asserts failed:
expected [CSampleID Test] but found []
at org.testng.asserts.SoftAssert.assertAll(SoftAssert.java:47)
at org.testng.asserts.SoftAssert.assertAll(SoftAssert.java:31)
at Test.Ancera.Reports.Normal_Ingestion.NormalIngestionCoccidia(Normal_Ingestion.java:1564)
... 28 more
]]>
            </full-stacktrace>
          </exception> <!-- java.lang.Exception -->
          <reporter-output>
          </reporter-output>
        </test-method> <!-- NormalIngestionCoccidia -->
        <test-method is-config="true" signature="endreport()[pri:0, instance:Test.Ancera.Reports.Normal_Ingestion@17497425]" started-at="2022-02-18T16:44:52 PKT" name="endreport" finished-at="2022-02-18T16:44:53 PKT" duration-ms="906" status="PASS">
          <reporter-output>
          </reporter-output>
        </test-method> <!-- endreport -->
      </class> <!-- Test.Ancera.Reports.Normal_Ingestion -->
    </test> <!-- Default test -->
  </suite> <!-- Default suite -->
</testng-results>
