<?xml version="1.0" encoding="UTF-8"?>
<testng-results ignored="13" total="14" passed="1" failed="0" skipped="0">
  <reporter-output>
  </reporter-output>
  <suite started-at="2022-05-24T12:52:41 PKT" name="Default suite" finished-at="2022-05-24T12:53:41 PKT" duration-ms="60029">
    <groups>
    </groups>
    <test started-at="2022-05-24T12:52:41 PKT" name="Default test" finished-at="2022-05-24T12:53:41 PKT" duration-ms="60029">
      <class name="Test.Ancera.Administration.ProgramManagement">
        <test-method is-config="true" signature="extent()[pri:0, instance:Test.Ancera.Administration.ProgramManagement@82de64a]" started-at="2022-05-24T12:52:41 PKT" name="extent" finished-at="2022-05-24T12:52:56 PKT" duration-ms="14724" status="PASS">
          <reporter-output>
          </reporter-output>
        </test-method> <!-- extent -->
        <test-method signature="WildcardVaccine()[pri:10, instance:Test.Ancera.Administration.ProgramManagement@82de64a]" started-at="2022-05-24T12:52:56 PKT" name="WildcardVaccine" finished-at="2022-05-24T12:53:41 PKT" duration-ms="44957" status="PASS">
          <reporter-output>
          </reporter-output>
        </test-method> <!-- WildcardVaccine -->
        <test-method is-config="true" signature="endreport()[pri:0, instance:Test.Ancera.Administration.ProgramManagement@82de64a]" started-at="2022-05-24T12:53:41 PKT" name="endreport" finished-at="2022-05-24T12:53:41 PKT" duration-ms="321" status="PASS">
          <reporter-output>
          </reporter-output>
        </test-method> <!-- endreport -->
      </class> <!-- Test.Ancera.Administration.ProgramManagement -->
    </test> <!-- Default test -->
  </suite> <!-- Default suite -->
</testng-results>
