<?xml version="1.0" encoding="UTF-8"?>
<testng-results ignored="6" total="7" passed="1" failed="0" skipped="0">
  <reporter-output>
  </reporter-output>
  <suite started-at="2022-07-27T15:04:41 PKT" name="Default suite" finished-at="2022-07-27T15:19:23 PKT" duration-ms="882278">
    <groups>
    </groups>
    <test started-at="2022-07-27T15:04:41 PKT" name="Default test" finished-at="2022-07-27T15:19:23 PKT" duration-ms="882278">
      <class name="Test.Ancera.Administration.PreFlutterMobile">
        <test-method is-config="true" signature="test()[pri:0, instance:Test.Ancera.Administration.PreFlutterMobile@201a4587]" started-at="2022-07-27T15:04:41 PKT" name="test" finished-at="2022-07-27T15:04:43 PKT" duration-ms="2013" status="PASS">
          <reporter-output>
          </reporter-output>
        </test-method> <!-- test -->
        <test-method is-config="true" signature="extent()[pri:0, instance:Test.Ancera.Administration.PreFlutterMobile@201a4587]" started-at="2022-07-27T15:04:43 PKT" name="extent" finished-at="2022-07-27T15:05:21 PKT" depends-on-methods="Test.Ancera.DB_Config.test" duration-ms="37715" status="PASS">
          <reporter-output>
          </reporter-output>
        </test-method> <!-- extent -->
        <test-method signature="Ingestion_Flock()[pri:8, instance:Test.Ancera.Administration.PreFlutterMobile@201a4587]" started-at="2022-07-27T15:05:21 PKT" name="Ingestion_Flock" finished-at="2022-07-27T15:19:23 PKT" duration-ms="842130" status="PASS">
          <reporter-output>
          </reporter-output>
        </test-method> <!-- Ingestion_Flock -->
        <test-method is-config="true" signature="endreport()[pri:0, instance:Test.Ancera.Administration.PreFlutterMobile@201a4587]" started-at="2022-07-27T15:19:23 PKT" name="endreport" finished-at="2022-07-27T15:19:23 PKT" duration-ms="353" status="PASS">
          <reporter-output>
          </reporter-output>
        </test-method> <!-- endreport -->
        <test-method is-config="true" signature="tearDown()[pri:0, instance:Test.Ancera.Administration.PreFlutterMobile@201a4587]" started-at="2022-07-27T15:19:23 PKT" name="tearDown" finished-at="2022-07-27T15:19:23 PKT" depends-on-methods="Test.Ancera.Administration.PreFlutterMobile.endreport" duration-ms="0" status="PASS">
          <reporter-output>
          </reporter-output>
        </test-method> <!-- tearDown -->
      </class> <!-- Test.Ancera.Administration.PreFlutterMobile -->
    </test> <!-- Default test -->
  </suite> <!-- Default suite -->
</testng-results>
