<?xml version="1.0" encoding="UTF-8"?>
<testng-results skipped="0" failed="0" ignored="15" total="17" passed="2">
  <reporter-output>
  </reporter-output>
  <suite name="Default suite" duration-ms="108579" started-at="2021-01-11T15:53:54 PKT" finished-at="2021-01-11T15:55:43 PKT">
    <groups>
    </groups>
    <test name="Default test" duration-ms="108579" started-at="2021-01-11T15:53:54 PKT" finished-at="2021-01-11T15:55:43 PKT">
      <class name="Test.Ancera.Administration.AgreementManagement">
        <test-method status="PASS" signature="extent()[pri:0, instance:Test.Ancera.Administration.AgreementManagement@2353b3e6]" name="extent" is-config="true" duration-ms="22895" started-at="2021-01-11T15:53:54 PKT" finished-at="2021-01-11T15:54:17 PKT">
          <reporter-output>
          </reporter-output>
        </test-method> <!-- extent -->
        <test-method status="PASS" signature="NavigateAgreementManagement()[pri:1, instance:Test.Ancera.Administration.AgreementManagement@2353b3e6]" name="NavigateAgreementManagement" duration-ms="15301" started-at="2021-01-11T15:54:17 PKT" description="Test Case: Navigate to Agreement Management Screen" finished-at="2021-01-11T15:54:32 PKT">
          <reporter-output>
          </reporter-output>
        </test-method> <!-- NavigateAgreementManagement -->
        <test-method status="PASS" signature="DeactivateAssignAgreement()[pri:11, instance:Test.Ancera.Administration.AgreementManagement@2353b3e6]" name="DeactivateAssignAgreement" duration-ms="69752" started-at="2021-01-11T15:54:32 PKT" description="Test Case: Deactivate Assign Agreement" finished-at="2021-01-11T15:55:42 PKT">
          <reporter-output>
          </reporter-output>
        </test-method> <!-- DeactivateAssignAgreement -->
        <test-method status="PASS" signature="endreport()[pri:0, instance:Test.Ancera.Administration.AgreementManagement@2353b3e6]" name="endreport" is-config="true" duration-ms="584" started-at="2021-01-11T15:55:42 PKT" finished-at="2021-01-11T15:55:43 PKT">
          <reporter-output>
          </reporter-output>
        </test-method> <!-- endreport -->
      </class> <!-- Test.Ancera.Administration.AgreementManagement -->
    </test> <!-- Default test -->
  </suite> <!-- Default suite -->
</testng-results>
