<?xml version="1.0" encoding="UTF-8"?>
<testng-results skipped="0" failed="0" ignored="12" total="14" passed="2">
  <reporter-output>
  </reporter-output>
  <suite name="Default suite" duration-ms="111044" started-at="2021-01-20T15:27:26 PKT" finished-at="2021-01-20T15:29:18 PKT">
    <groups>
    </groups>
    <test name="Default test" duration-ms="111044" started-at="2021-01-20T15:27:26 PKT" finished-at="2021-01-20T15:29:18 PKT">
      <class name="Test.Ancera.Reports.CoccidiaLog">
        <test-method status="PASS" signature="extent()[pri:0, instance:Test.Ancera.Reports.CoccidiaLog@fad74ee]" name="extent" is-config="true" duration-ms="39901" started-at="2021-01-20T15:27:26 PKT" finished-at="2021-01-20T15:28:06 PKT">
          <reporter-output>
          </reporter-output>
        </test-method> <!-- extent -->
        <test-method status="PASS" signature="NavigateCoccidia()[pri:2, instance:Test.Ancera.Reports.CoccidiaLog@fad74ee]" name="NavigateCoccidia" duration-ms="22342" started-at="2021-01-20T15:28:06 PKT" description="Test Case: Navigate to Coccidia Log Screen" finished-at="2021-01-20T15:28:29 PKT">
          <reporter-output>
          </reporter-output>
        </test-method> <!-- NavigateCoccidia -->
        <test-method status="PASS" signature="TestFilters()[pri:6, instance:Test.Ancera.Reports.CoccidiaLog@fad74ee]" name="TestFilters" duration-ms="48204" started-at="2021-01-20T15:28:29 PKT" description="Test Case: Filter Test" finished-at="2021-01-20T15:29:17 PKT">
          <reporter-output>
          </reporter-output>
        </test-method> <!-- TestFilters -->
        <test-method status="PASS" signature="endreport()[pri:0, instance:Test.Ancera.Reports.CoccidiaLog@fad74ee]" name="endreport" is-config="true" duration-ms="551" started-at="2021-01-20T15:29:17 PKT" finished-at="2021-01-20T15:29:18 PKT">
          <reporter-output>
          </reporter-output>
        </test-method> <!-- endreport -->
      </class> <!-- Test.Ancera.Reports.CoccidiaLog -->
    </test> <!-- Default test -->
  </suite> <!-- Default suite -->
</testng-results>
