<?xml version="1.0" encoding="UTF-8"?>
<testng-results ignored="6" total="8" passed="2" failed="0" skipped="0">
  <reporter-output>
  </reporter-output>
  <suite started-at="2022-06-23T16:14:59 PKT" name="Default suite" finished-at="2022-06-23T16:19:29 PKT" duration-ms="270540">
    <groups>
    </groups>
    <test started-at="2022-06-23T16:14:59 PKT" name="Default test" finished-at="2022-06-23T16:19:29 PKT" duration-ms="270540">
      <class name="Test.Ancera.Administration.PreFlutterMobile">
        <test-method is-config="true" signature="test()[pri:0, instance:Test.Ancera.Administration.PreFlutterMobile@4310d43]" started-at="2022-06-23T16:14:59 PKT" name="test" finished-at="2022-06-23T16:15:01 PKT" duration-ms="1973" status="PASS">
          <reporter-output>
          </reporter-output>
        </test-method> <!-- test -->
        <test-method is-config="true" signature="extent()[pri:0, instance:Test.Ancera.Administration.PreFlutterMobile@4310d43]" started-at="2022-06-23T16:15:01 PKT" name="extent" finished-at="2022-06-23T16:15:26 PKT" depends-on-methods="Test.Ancera.DB_Config.test" duration-ms="24961" status="PASS">
          <reporter-output>
          </reporter-output>
        </test-method> <!-- extent -->
        <test-method signature="CreateFlock()[pri:7, instance:Test.Ancera.Administration.PreFlutterMobile@4310d43]" started-at="2022-06-23T16:15:26 PKT" name="CreateFlock" finished-at="2022-06-23T16:15:55 PKT" duration-ms="29777" status="PASS">
          <reporter-output>
          </reporter-output>
        </test-method> <!-- CreateFlock -->
        <test-method signature="Ingestion()[pri:8, instance:Test.Ancera.Administration.PreFlutterMobile@4310d43]" started-at="2022-06-23T16:15:55 PKT" name="Ingestion" description="Test Case: Run Ingestion for Coccidia" finished-at="2022-06-23T16:19:29 PKT" duration-ms="213277" status="PASS">
          <reporter-output>
          </reporter-output>
        </test-method> <!-- Ingestion -->
        <test-method is-config="true" signature="endreport()[pri:0, instance:Test.Ancera.Administration.PreFlutterMobile@4310d43]" started-at="2022-06-23T16:19:29 PKT" name="endreport" finished-at="2022-06-23T16:19:29 PKT" duration-ms="514" status="PASS">
          <reporter-output>
          </reporter-output>
        </test-method> <!-- endreport -->
        <test-method is-config="true" signature="tearDown()[pri:0, instance:Test.Ancera.Administration.PreFlutterMobile@4310d43]" started-at="2022-06-23T16:19:29 PKT" name="tearDown" finished-at="2022-06-23T16:19:29 PKT" depends-on-methods="Test.Ancera.Administration.PreFlutterMobile.endreport" duration-ms="0" status="PASS">
          <reporter-output>
          </reporter-output>
        </test-method> <!-- tearDown -->
      </class> <!-- Test.Ancera.Administration.PreFlutterMobile -->
    </test> <!-- Default test -->
  </suite> <!-- Default suite -->
</testng-results>
